       ÂÐÅÌß, Ñ              NP_LATITUDE             NP_LONGITUDE              NP_ALTITUDE
    3175.624547               60.0022932               30.3681572                   45.062
    3175.824547               60.0022935                30.368157                   45.151
    3176.024547               60.0022937               30.3681567                   45.205
    3176.224451               60.0022938               30.3681568                   45.236
    3176.424451               60.0022939                30.368157                   45.242
    3176.624451               60.0022938                30.368157                   45.245
    3176.824451               60.0022939               30.3681571                   45.232
    3177.024451               60.0022939                30.368157                   45.216
    3177.224451               60.0022938               30.3681573                     45.2
    3177.424451               60.0022937               30.3681576                   45.196
    3177.624451               60.0022936               30.3681583                   45.197
    3177.824451               60.0022938                 30.36816                   45.253
    3178.024451               60.0022938               30.3681622                   45.299
    3178.224360                60.002294               30.3681662                   45.333
    3178.424360               60.0022948               30.3681713                   45.331
    3178.624360                60.002296               30.3681771                   45.351
    3178.824360               60.0022979               30.3681824                   45.386
    3179.024360               60.0023004               30.3681865                   45.396
    3179.224360               60.0023028               30.3681882                   45.395
    3179.424360                60.002304               30.3681887                   45.405
    3179.624360               60.0023039               30.3681887                   45.406
    3179.824360               60.0023034               30.3681891                   45.407
    3180.024360               60.0023026               30.3681887                    45.42
    3180.224258               60.0023017               30.3681878                   45.432
    3180.424258               60.0023007               30.3681866                   45.427
    3180.624258               60.0022997               30.3681851                   45.417
    3180.824258               60.0022991               30.3681839                   45.372
    3181.024258               60.0022983               30.3681823                   45.368
    3181.224258               60.0022976               30.3681801                   45.375
    3181.424258                60.002297               30.3681782                   45.383
    3181.624258               60.0022966               30.3681768                   45.367
    3181.824258               60.0022963               30.3681764                   45.326
    3182.024258               60.0022962               30.3681759                   45.275
    3182.224161               60.0022962               30.3681757                   45.243
    3182.424161               60.0022963               30.3681759                   45.208
    3182.624161               60.0022964               30.3681761                   45.188
    3182.824161               60.0022968               30.3681764                   45.199
    3183.024161               60.0022969               30.3681767                   45.202
    3183.224161               60.0022971               30.3681769                   45.192
    3183.424161               60.0022973                30.368177                   45.174
    3183.624161               60.0022974               30.3681771                   45.172
    3183.824161               60.0022976               30.3681773                   45.161
    3184.024161               60.0022977               30.3681775                   45.159
    3184.224065               60.0022978               30.3681778                   45.152
    3184.424065               60.0022983               30.3681791                   45.154
    3184.624065               60.0022985                30.368181                   45.145
    3184.824065               60.0022998               30.3681843                   45.117
    3185.024065               60.0023012               30.3681875                   45.102
    3185.224065                60.002303               30.3681902                   45.067
    3185.424065               60.0023045               30.3681921                   45.066
    3185.624065               60.0023065               30.3681926                   45.026
    3185.824065               60.0023071               30.3681934                   45.078
    3186.024065               60.0023067               30.3681929                   45.111
    3186.223977               60.0023057               30.3681923                   45.145
    3186.423977               60.0023048               30.3681917                   45.157
    3186.623977               60.0023041                30.368191                   45.169
    3186.823977               60.0023036               30.3681907                   45.126
    3187.023977               60.0023027               30.3681898                    45.08
    3187.223977               60.0023015               30.3681884                   45.037
    3187.423977               60.0023007               30.3681869                   45.022
    3187.623977                  60.0023               30.3681853                   45.018
    3187.823977               60.0022994               30.3681836                   44.945
    3188.023977               60.0022987               30.3681816                    44.93
    3188.223872               60.0022987               30.3681808                   44.911
    3188.423872               60.0022985               30.3681806                   44.908
    3188.623872               60.0022985               30.3681805                   44.911
    3188.823872               60.0022989               30.3681807                   44.945
    3189.023872               60.0022992               30.3681808                   44.953
    3189.223872               60.0022993               30.3681806                   44.957
    3189.423872               60.0022993               30.3681805                   44.954
    3189.623872               60.0022994               30.3681806                   44.952
    3189.823872               60.0022998               30.3681805                   45.013
    3190.023872                  60.0023               30.3681806                   45.055
    3190.223776               60.0023002               30.3681807                   45.084
    3190.423776               60.0023002               30.3681807                    45.11
    3190.623776               60.0023002               30.3681809                   45.119
    3190.823776               60.0023008               30.3681812                   45.141
    3191.023776                60.002301               30.3681812                   45.159
    3191.223776               60.0023011               30.3681814                   45.165
    3191.423776               60.0023012               30.3681811                   45.167
    3191.623776               60.0023011               30.3681809                   45.154
    3191.823776               60.0023016               30.3681807                   45.139
    3192.023776               60.0023019               30.3681807                   45.136
    3192.223680               60.0023021               30.3681812                   45.149
    3192.423680               60.0023022               30.3681816                   45.151
    3192.623680               60.0023022               30.3681817                   45.147
    3192.823680               60.0023025               30.3681817                   45.166
    3193.023680               60.0023026               30.3681818                   45.175
    3193.223680               60.0023027               30.3681819                   45.179
    3193.423680               60.0023027               30.3681818                   45.172
    3193.623680               60.0023027               30.3681818                   45.162
    3193.823680               60.0023029               30.3681815                    45.14
    3194.023680                60.002303               30.3681814                   45.129
    3194.223591               60.0023032                30.368182                   45.112
    3194.423591               60.0023032               30.3681821                   45.113
    3194.623591               60.0023034               30.3681823                   45.117
    3194.823591               60.0023038               30.3681827                   45.116
    3195.023591               60.0023042               30.3681828                   45.118
    3195.223591               60.0023047               30.3681839                   45.133
    3195.423591               60.0023057               30.3681856                   45.132
    3195.623591               60.0023066               30.3681876                   45.144
    3195.823591               60.0023089               30.3681906                   45.081
    3196.023591               60.0023111               30.3681931                   45.025
    3196.223490               60.0023134               30.3681934                    44.96
    3196.423490               60.0023131               30.3681933                   44.925
    3196.623490               60.0023132               30.3681934                   44.909
    3196.823490               60.0023133               30.3681928                   45.011
    3197.023490               60.0023128               30.3681923                   45.053
    3197.223490                60.002312               30.3681921                   45.094
    3197.423490               60.0023117               30.3681916                   45.113
    3197.623490               60.0023111               30.3681906                   45.132
    3197.823490               60.0023106               30.3681909                   45.135
    3198.023490               60.0023097               30.3681901                   45.136
    3198.223391               60.0023084               30.3681889                   45.116
    3198.423391               60.0023074               30.3681874                   45.103
    3198.623391               60.0023063               30.3681854                   45.082
    3198.823391               60.0023059               30.3681838                   45.045
    3199.023391               60.0023056                30.368183                   45.026
    3199.223391               60.0023057               30.3681824                   45.007
    3199.423391               60.0023057               30.3681826                   44.995
    3199.623391               60.0023057               30.3681827                    44.99
    3199.823391               60.0023058               30.3681822                   45.024
