       ÂÐÅÌß, Ñ              NP_LATITUDE             NP_LONGITUDE              NP_ALTITUDE
    2492.274783               60.0020806               30.3698168                   46.546
    2492.474783               60.0020806               30.3698168                   46.552
    2492.674783               60.0020806               30.3698169                   46.546
    2492.874783               60.0020804               30.3698167                   46.513
    2493.074783               60.0020805               30.3698166                   46.493
    2493.274688               60.0020805               30.3698165                   46.484
    2493.474688               60.0020806               30.3698165                   46.488
    2493.674688               60.0020806               30.3698164                   46.493
    2493.874688               60.0020805                30.369816                   46.555
    2494.074688               60.0020805               30.3698158                    46.58
    2494.274688               60.0020805               30.3698159                   46.594
    2494.474688               60.0020805               30.3698158                   46.586
    2494.674688               60.0020805               30.3698158                   46.592
    2494.874688               60.0020804               30.3698153                   46.618
    2495.074688               60.0020803               30.3698153                   46.633
    2495.274593               60.0020803               30.3698153                   46.636
    2495.474593               60.0020803               30.3698153                   46.633
    2495.674593               60.0020803               30.3698153                   46.633
    2495.874593               60.0020802               30.3698154                   46.677
    2496.074593               60.0020802               30.3698154                   46.693
    2496.274593               60.0020802               30.3698153                   46.692
    2496.474593               60.0020801               30.3698154                   46.693
    2496.674593               60.0020802               30.3698154                   46.686
    2496.874593               60.0020802               30.3698154                   46.723
    2497.074593               60.0020802               30.3698154                   46.741
    2497.274498               60.0020802               30.3698154                   46.741
    2497.474498               60.0020802               30.3698154                   46.746
    2497.674498               60.0020802               30.3698154                   46.746
    2497.874498               60.0020802               30.3698152                   46.773
    2498.074498               60.0020802               30.3698152                   46.788
    2498.274498               60.0020801               30.3698152                   46.794
    2498.474498               60.0020801               30.3698153                   46.793
    2498.674498               60.0020801               30.3698152                   46.792
    2498.874498                 60.00208               30.3698154                   46.814
    2499.074498                 60.00208               30.3698155                   46.821
    2499.274403                 60.00208               30.3698155                   46.814
    2499.474403                 60.00208               30.3698156                    46.81
    2499.674403                 60.00208               30.3698155                   46.802
    2499.874403               60.0020801               30.3698155                   46.826
    2500.074403               60.0020801               30.3698156                   46.841
    2500.274403               60.0020801               30.3698156                   46.847
    2500.474403                 60.00208               30.3698156                   46.854
    2500.674403               60.0020801               30.3698155                    46.86
    2500.874403               60.0020801               30.3698153                   46.896
    2501.074403               60.0020801               30.3698154                   46.913
    2501.274308                 60.00208               30.3698154                   46.915
    2501.474308                 60.00208               30.3698154                   46.914
    2501.674308                 60.00208               30.3698154                   46.912
    2501.874308               60.0020801               30.3698153                   46.941
    2502.074308               60.0020801               30.3698152                   46.956
    2502.274308               60.0020801               30.3698153                   46.962
    2502.474308               60.0020801               30.3698152                   46.957
    2502.674308               60.0020801               30.3698153                    46.96
    2502.874308               60.0020802                30.369815                   46.994
    2503.074308               60.0020802                30.369815                   46.996
    2503.274212               60.0020801               30.3698151                   46.999
    2503.474212               60.0020801                30.369815                   47.003
    2503.674212               60.0020801                30.369815                   47.003
    2503.874212               60.0020801               30.3698153                   47.029
    2504.074212                 60.00208               30.3698153                   47.036
    2504.274212                 60.00208               30.3698153                   47.039
    2504.474212                 60.00208               30.3698152                   47.035
    2504.674212                 60.00208               30.3698152                   47.038
    2504.874212                 60.00208               30.3698153                   47.064
    2505.074212                 60.00208               30.3698153                   47.073
    2505.274117                 60.00208               30.3698154                   47.073
    2505.474117                 60.00208               30.3698154                    47.07
    2505.674117               60.0020799               30.3698154                   47.068
    2505.874117               60.0020798               30.3698155                   47.071
    2506.074117               60.0020798               30.3698154                   47.079
    2506.274117               60.0020798               30.3698154                   47.086
    2506.474117               60.0020798               30.3698153                   47.091
    2506.674117               60.0020799               30.3698153                   47.102
    2506.874117               60.0020798               30.3698152                    47.13
    2507.074117               60.0020799               30.3698151                   47.146
    2507.274035               60.0020799               30.3698151                   47.148
    2507.474035               60.0020798               30.3698151                   47.146
    2507.674035               60.0020798               30.3698152                   47.147
    2507.874035               60.0020797                30.369815                   47.159
    2508.074035               60.0020797               30.3698149                   47.169
    2508.274035               60.0020798                30.369815                   47.173
    2508.474035               60.0020798               30.3698149                   47.176
    2508.674035               60.0020798               30.3698149                   47.175
    2508.874035               60.0020796               30.3698149                   47.187
    2509.074035               60.0020796               30.3698149                   47.195
    2509.273927               60.0020796               30.3698149                   47.196
    2509.473927               60.0020796               30.3698149                   47.187
    2509.673927               60.0020796               30.3698149                   47.191
    2509.873927               60.0020795               30.3698149                   47.213
    2510.073927               60.0020795               30.3698149                   47.222
    2510.273927               60.0020795               30.3698148                   47.225
    2510.473927               60.0020795               30.3698149                   47.222
    2510.673927               60.0020794               30.3698149                   47.223
    2510.873927               60.0020794               30.3698148                   47.219
    2511.073927               60.0020794               30.3698148                   47.223
    2511.273832               60.0020794               30.3698149                   47.225
    2511.473832               60.0020795               30.3698148                   47.225
    2511.673832               60.0020795               30.3698148                   47.236
    2511.873832               60.0020794               30.3698147                   47.248
    2512.073832               60.0020794               30.3698148                   47.257
    2512.273832               60.0020794               30.3698147                   47.263
    2512.473832               60.0020794               30.3698147                   47.266
    2512.673832               60.0020794               30.3698147                   47.268
    2512.873832               60.0020793               30.3698149                   47.271
    2513.073832               60.0020793                30.369815                   47.269
    2513.273738               60.0020794                30.369815                   47.265
    2513.473738               60.0020794                30.369815                   47.266
    2513.673738               60.0020794               30.3698151                   47.262
    2513.873738               60.0020792                30.369815                   47.276
    2514.073738               60.0020792                30.369815                   47.289
    2514.273738               60.0020792                30.369815                   47.292
    2514.473738               60.0020792               30.3698149                   47.285
    2514.673738               60.0020792                30.369815                   47.284
    2514.873738               60.0020792                30.369815                   47.298
    2515.073738               60.0020792                30.369815                   47.326
    2515.273641               60.0020792                30.369815                   47.323
    2515.473641               60.0020792                30.369815                   47.323
    2515.673641               60.0020791               30.3698151                   47.318
    2515.873641               60.0020792               30.3698151                   47.331
    2516.073641               60.0020792               30.3698151                   47.334
    2516.273641               60.0020792               30.3698151                   47.332
    2516.473641               60.0020792               30.3698151                   47.337
    2516.673641               60.0020792               30.3698151                   47.342
    2516.873641               60.0020792               30.3698152                   47.345
    2517.073641               60.0020792               30.3698153                   47.347
    2517.273549               60.0020792               30.3698153                   47.348
    2517.473549               60.0020792               30.3698153                    47.34
    2517.673549               60.0020792               30.3698153                   47.352
    2517.873549               60.0020792               30.3698154                   47.349
    2518.073549               60.0020791               30.3698154                   47.355
    2518.273549               60.0020791               30.3698155                   47.355
    2518.473549               60.0020792               30.3698154                   47.359
    2518.673549               60.0020791               30.3698154                   47.363
    2518.873549               60.0020792               30.3698155                   47.375
    2519.073549               60.0020792               30.3698155                   47.381
    2519.273450               60.0020792               30.3698155                   47.378
    2519.473450               60.0020792               30.3698156                   47.377
    2519.673450               60.0020792               30.3698155                   47.368
    2519.873450               60.0020785               30.3698301                   47.585
    2520.073450               60.0020785               30.3698301                   47.581
    2520.273450               60.0020786               30.3698301                   47.586
    2520.473450               60.0020785               30.3698301                   47.585
    2520.673450               60.0020786               30.3698302                   47.572
    2520.873450               60.0020793               30.3698224                    47.53
    2521.073450               60.0020793               30.3698183                   47.455
    2521.273355               60.0020793               30.3698169                   47.413
    2521.473355               60.0020792               30.3698165                   47.394
    2521.673355               60.0020792               30.3698163                   47.399
    2521.873355               60.0020792               30.3698165                    47.41
    2522.073355               60.0020792               30.3698166                   47.418
    2522.273355               60.0020791               30.3698166                    47.42
    2522.473355               60.0020791               30.3698166                   47.416
    2522.673355               60.0020791               30.3698166                    47.42
    2522.873355               60.0020791               30.3698168                   47.428
    2523.073355               60.0020791               30.3698169                   47.432
    2523.273259               60.0020792               30.3698168                   47.419
    2523.473259               60.0020792               30.3698169                   47.424
    2523.673259               60.0020791               30.3698169                   47.423
    2523.873259               60.0020792               30.3698171                   47.447
    2524.073259               60.0020792               30.3698172                   47.456
    2524.273259               60.0020792               30.3698173                   47.456
    2524.473259               60.0020792               30.3698172                   47.453
    2524.673259               60.0020792               30.3698172                   47.449
    2524.873259               60.0020792               30.3698173                   47.456
    2525.073259               60.0020792               30.3698173                    47.46
    2525.273164               60.0020792               30.3698173                   47.467
    2525.473164               60.0020792               30.3698172                   47.457
    2525.673164               60.0020792               30.3698173                   47.461
    2525.873164               60.0020785               30.3698301                   47.582
    2526.073164               60.0020785               30.3698301                   47.579
    2526.273164               60.0020785               30.3698301                   47.577
    2526.473164               60.0020785               30.3698301                   47.578
    2526.673164               60.0020785               30.3698302                   47.577
    2526.873164               60.0020785               30.3698302                   47.576
    2527.073164               60.0020785               30.3698302                   47.584
    2527.273068               60.0020785               30.3698302                   47.583
    2527.473068               60.0020785               30.3698302                   47.587
    2527.673068               60.0020785               30.3698302                   47.593
    2527.873068               60.0020785               30.3698302                   47.592
    2528.073068               60.0020785               30.3698301                   47.592
    2528.273068               60.0020785               30.3698302                   47.589
    2528.473068               60.0020785               30.3698302                   47.592
    2528.673068               60.0020785               30.3698301                    47.59
    2528.873068               60.0020786               30.3698302                   47.581
    2529.073068               60.0020786               30.3698302                   47.579
    2529.272973               60.0020786               30.3698301                   47.583
    2529.472973               60.0020786               30.3698302                   47.584
    2529.672973               60.0020786               30.3698302                    47.57
    2529.872973               60.0020786               30.3698301                   47.576
    2530.072973               60.0020786               30.3698301                   47.578
    2530.272973               60.0020785               30.3698301                   47.573
    2530.472973               60.0020786               30.3698301                   47.567
    2530.672973               60.0020786               30.3698301                   47.567
    2530.872973               60.0020786               30.3698301                   47.567
    2531.072973               60.0020786               30.3698301                   47.569
    2531.272877               60.0020786               30.3698301                   47.573
    2531.472877               60.0020786               30.3698301                   47.569
    2531.672877               60.0020786               30.3698302                   47.566
    2531.872877               60.0020786               30.3698301                   47.566
    2532.072877               60.0020786               30.3698302                   47.567
    2532.272877               60.0020786               30.3698302                    47.56
    2532.472877               60.0020786               30.3698301                   47.569
    2532.672877               60.0020786               30.3698301                   47.574
    2532.872877               60.0020786               30.3698302                    47.57
    2533.072877               60.0020786               30.3698301                   47.569
    2533.272782               60.0020785               30.3698301                    47.57
    2533.472782               60.0020786               30.3698301                   47.569
    2533.672782               60.0020786               30.3698302                    47.57
    2533.872782               60.0020786               30.3698302                   47.568
    2534.072782               60.0020786               30.3698302                   47.567
    2534.272782               60.0020785               30.3698302                   47.568
    2534.472782               60.0020785               30.3698301                   47.569
    2534.672782               60.0020785               30.3698302                   47.558
    2534.872782               60.0020785               30.3698302                   47.564
    2535.072782               60.0020786               30.3698303                   47.555
    2535.272686               60.0020786               30.3698303                   47.548
    2535.472686               60.0020785               30.3698302                   47.549
    2535.672686               60.0020785               30.3698302                    47.56
    2535.872686               60.0020786               30.3698302                   47.563
    2536.072686               60.0020785               30.3698303                   47.563
    2536.272686               60.0020786               30.3698302                   47.556
    2536.472686               60.0020785               30.3698302                   47.559
    2536.672686               60.0020786               30.3698301                   47.572
    2536.872686               60.0020786               30.3698302                   47.562
    2537.072686               60.0020786               30.3698302                   47.566
    2537.272590               60.0020786               30.3698302                   47.564
    2537.472590               60.0020786               30.3698301                   47.566
    2537.672590               60.0020786               30.3698301                   47.571
    2537.872590               60.0020786               30.3698301                   47.564
    2538.072590               60.0020786               30.3698301                   47.573
    2538.272590               60.0020786               30.3698301                   47.571
    2538.472590               60.0020786               30.3698301                   47.564
    2538.672590               60.0020786               30.3698301                   47.559
    2538.872590               60.0020786               30.3698301                   47.565
    2539.072590               60.0020786               30.3698301                   47.557
    2539.272494               60.0020786                 30.36983                   47.573
    2539.472494               60.0020786               30.3698301                   47.554
    2539.672494               60.0020786               30.3698301                    47.56
    2539.872494               60.0020786                 30.36983                   47.563
    2540.072494               60.0020786                 30.36983                    47.56
    2540.272494               60.0020786                 30.36983                   47.559
    2540.472494               60.0020786               30.3698301                   47.553
    2540.672494               60.0020786                 30.36983                   47.575
    2540.872494               60.0020786               30.3698299                   47.576
    2541.072494               60.0020786               30.3698301                   47.563
    2541.272404               60.0020786               30.3698302                   47.552
    2541.472404               60.0020786               30.3698302                   47.566
    2541.672404               60.0020786               30.3698302                   47.584
    2541.872404               60.0020795               30.3698234                   47.653
    2542.072404               60.0020794               30.3698209                   47.696
    2542.272404               60.0020793               30.3698204                   47.696
    2542.472404               60.0020793               30.3698203                   47.688
    2542.672404               60.0020793               30.3698203                   47.716
    2542.872404               60.0020795               30.3698211                   47.775
    2543.072404               60.0020796               30.3698209                   47.867
    2543.272303               60.0020797               30.3698211                   48.034
    2543.472303               60.0020798               30.3698211                   48.196
    2543.672303               60.0020792               30.3698206                   48.428
    2543.872303               60.0020787               30.3698206                   48.702
    2544.072303               60.0020784               30.3698204                   48.839
    2544.272303               60.0020784               30.3698202                    48.95
    2544.472303               60.0020785               30.3698197                   49.037
    2544.672303               60.0020787               30.3698193                   49.048
    2544.872303               60.0020789               30.3698189                   49.051
    2545.072303                60.002079               30.3698185                    49.06
    2545.272207               60.0020791               30.3698181                   49.061
    2545.472207               60.0020791                30.369818                   49.062
    2545.672207               60.0020791               30.3698179                   49.087
    2545.872207               60.0020791               30.3698178                   49.058
    2546.072207               60.0020791               30.3698179                   49.055
    2546.272207                60.002079                30.369818                    49.09
    2546.472207               60.0020791               30.3698181                    49.11
    2546.672207               60.0020792               30.3698182                   49.106
    2546.872207               60.0020793               30.3698183                   49.085
    2547.072207               60.0020793               30.3698183                    49.07
    2547.272111               60.0020793               30.3698186                    49.05
    2547.472111               60.0020792               30.3698185                   49.055
    2547.672111               60.0020791               30.3698182                   49.061
    2547.872111               60.0020791                30.369818                   49.058
    2548.072111                60.002079               30.3698178                   49.054
    2548.272111               60.0020788               30.3698178                   49.033
    2548.472111               60.0020785                30.369818                   48.965
    2548.672111               60.0020784                30.369818                   48.909
    2548.872111               60.0020786               30.3698181                   48.906
    2549.072111               60.0020787               30.3698181                   48.905
    2549.272015               60.0020786               30.3698181                    48.91
    2549.472015               60.0020787               30.3698181                   48.924
    2549.672015               60.0020787               30.3698182                   48.935
    2549.872015                60.002077                30.369828                   48.956
    2550.072015                60.002077               30.3698282                    48.96
    2550.272015               60.0020771               30.3698282                   48.955
    2550.472015                60.002077               30.3698282                   48.952
    2550.672015                60.002077               30.3698283                   48.947
    2550.872015                60.002077               30.3698283                   48.955
    2551.072015                60.002077               30.3698283                    48.95
    2551.271921                60.002077               30.3698283                   48.952
    2551.471921                60.002077               30.3698283                   48.951
    2551.671921               60.0020771               30.3698284                   48.966
    2551.871921               60.0020772               30.3698283                   48.968
    2552.071921               60.0020772               30.3698283                   48.975
    2552.271921               60.0020773               30.3698284                   48.981
    2552.471921               60.0020774               30.3698285                   48.986
    2552.671921               60.0020775               30.3698286                   49.002
    2552.871921               60.0020777               30.3698288                   48.998
    2553.071921                60.002078               30.3698292                   48.989
    2553.271823               60.0020782               30.3698297                   48.986
    2553.471823               60.0020785               30.3698301                   48.982
    2553.671823               60.0020789               30.3698306                   48.992
    2553.871823               60.0020793               30.3698312                   48.987
    2554.071823               60.0020796                30.369832                   48.996
    2554.271823               60.0020797               30.3698327                   48.974
    2554.471823               60.0020799                30.369833                   48.946
    2554.671823               60.0020803               30.3698328                   48.947
    2554.871823                60.002081               30.3698318                   48.986
    2555.071823               60.0020819               30.3698305                   48.989
    2555.271727                60.002083               30.3698284                   48.983
    2555.471727               60.0020839                30.369826                   48.982
    2555.671727               60.0020847               30.3698233                    48.96
    2555.871727               60.0020862               30.3698139                   48.934
    2556.071727               60.0020875                30.369809                   48.931
    2556.271727               60.0020883               30.3698053                   48.923
    2556.471727               60.0020889               30.3698018                   48.913
    2556.671727                60.002089               30.3697984                   48.875
    2556.871727               60.0020889               30.3697953                   48.865
    2557.071727               60.0020885               30.3697921                   48.847
    2557.271631               60.0020877               30.3697885                    48.83
    2557.471631               60.0020869                30.369785                    48.78
    2557.671631               60.0020862               30.3697811                   48.711
    2557.871631               60.0020855               30.3697768                   48.658
    2558.071631               60.0020849               30.3697726                   48.588
    2558.271631               60.0020843               30.3697684                   48.533
    2558.471631               60.0020838               30.3697646                   48.476
    2558.671631               60.0020837               30.3697601                   48.417
    2558.871631               60.0020838               30.3697553                   48.371
    2559.071631                60.002084               30.3697507                   48.334
    2559.271535               60.0020842               30.3697458                   48.316
    2559.471535               60.0020839               30.3697407                   48.273
    2559.671535               60.0020835               30.3697357                   48.212
    2559.871535               60.0020831               30.3697302                   48.128
    2560.071535               60.0020827                30.369724                    48.05
    2560.271535               60.0020821               30.3697179                   48.018
    2560.471535               60.0020813               30.3697121                   47.944
    2560.671535               60.0020806               30.3697067                   47.846
    2560.871535               60.0020796                30.369701                   47.788
    2561.071535               60.0020788               30.3696949                   47.699
    2561.271439               60.0020778               30.3696896                   47.631
    2561.471439               60.0020765               30.3696845                   47.577
    2561.671439               60.0020751               30.3696796                   47.501
    2561.871439               60.0020741               30.3696743                   47.493
    2562.071439               60.0020731               30.3696689                   47.445
    2562.271439               60.0020719               30.3696639                   47.438
    2562.471439               60.0020708               30.3696587                   47.422
    2562.671439               60.0020699               30.3696537                   47.407
    2562.871439               60.0020689               30.3696486                   47.413
    2563.071439               60.0020678               30.3696436                   47.321
    2563.271343               60.0020667               30.3696381                   47.291
    2563.471343               60.0020655               30.3696334                   47.246
    2563.671343               60.0020643               30.3696284                   47.227
    2563.871343               60.0020632               30.3696226                   47.223
    2564.071343               60.0020624               30.3696167                   47.193
    2564.271343               60.0020616               30.3696111                   47.187
    2564.471343               60.0020611               30.3696055                   47.135
    2564.671343               60.0020607                  30.3696                   47.078
    2564.871343               60.0020587               30.3696035                   47.082
    2565.071343               60.0020586               30.3695973                   47.059
    2565.271247               60.0020585                30.369591                   47.072
    2565.471247               60.0020583                30.369585                   47.075
    2565.671247               60.0020582               30.3695791                   47.103
    2565.871247               60.0020605               30.3695667                   47.127
    2566.071247               60.0020606               30.3695571                   47.076
    2566.271247               60.0020606               30.3695505                    46.99
    2566.471247               60.0020608               30.3695443                   46.971
    2566.671247               60.0020608               30.3695386                   46.954
    2566.871247               60.0020612               30.3695319                   46.967
    2567.071247               60.0020614               30.3695262                   46.974
    2567.271151               60.0020617               30.3695203                   46.987
    2567.471151                60.002062               30.3695147                   46.991
    2567.671151               60.0020625                30.369509                   47.004
    2567.871151                60.002063                30.369503                   46.995
    2568.071151               60.0020636               30.3694974                    47.01
    2568.271151               60.0020641               30.3694913                   46.983
    2568.471151               60.0020649               30.3694858                   46.985
    2568.671151               60.0020657               30.3694803                   46.997
    2568.871151               60.0020666               30.3694742                   47.044
    2569.071151               60.0020673               30.3694685                   47.069
    2569.271055               60.0020679               30.3694626                    47.05
    2569.471055               60.0020687               30.3694567                   47.061
    2569.671055               60.0020696               30.3694507                   47.051
    2569.871055               60.0020704               30.3694448                   47.081
    2570.071055               60.0020711               30.3694392                   47.101
    2570.271055               60.0020717               30.3694334                   47.085
    2570.471055               60.0020725               30.3694278                   47.089
    2570.671055               60.0020731               30.3694223                   47.058
    2570.871055               60.0020739               30.3694174                   47.051
    2571.071055               60.0020745               30.3694119                   47.072
    2571.270959                60.002075               30.3694065                   47.093
    2571.470959               60.0020756               30.3694014                   47.115
    2571.670959               60.0020763               30.3693964                   47.089
    2571.870959                60.002077               30.3693912                   47.121
    2572.070959               60.0020776               30.3693861                   47.105
    2572.270959               60.0020781               30.3693805                   47.104
    2572.470959               60.0020787               30.3693753                   47.118
    2572.670959               60.0020795               30.3693699                   47.128
    2572.870959               60.0020802               30.3693646                   47.141
    2573.070959               60.0020808               30.3693591                   47.128
    2573.270865               60.0020814               30.3693539                   47.131
    2573.470865               60.0020822               30.3693485                    47.13
    2573.670865               60.0020832                30.369343                   47.128
    2573.870865               60.0020823               30.3693469                   47.156
    2574.070865               60.0020831                30.369341                   47.113
    2574.270865               60.0020839               30.3693352                   47.145
    2574.470865               60.0020847               30.3693295                   47.112
    2574.670865               60.0020855               30.3693234                   47.128
    2574.870865               60.0020861               30.3693177                   47.146
    2575.070865               60.0020864               30.3693116                    47.13
    2575.270766               60.0020869               30.3693062                    47.18
    2575.470766               60.0020876               30.3693009                   47.158
    2575.670766               60.0020882               30.3692957                    47.21
    2575.870766               60.0020888               30.3692902                   47.244
    2576.070766               60.0020891               30.3692848                   47.177
    2576.270766               60.0020895               30.3692793                   47.227
    2576.470766               60.0020899               30.3692739                   47.189
    2576.670766               60.0020903               30.3692681                   47.171
    2576.870766               60.0020907               30.3692623                   47.178
    2577.070766               60.0020908               30.3692566                   47.172
    2577.270676               60.0020911               30.3692511                   47.183
    2577.470676               60.0020914               30.3692454                   47.143
    2577.670676               60.0020918               30.3692397                   47.188
    2577.870676               60.0020918               30.3692339                   47.181
    2578.070676               60.0020919               30.3692285                   47.161
    2578.270676                60.002092               30.3692228                   47.222
    2578.470676               60.0020921                30.369217                   47.172
    2578.670676               60.0020925                30.369211                   47.192
    2578.870676               60.0020927               30.3692055                   47.171
    2579.070676               60.0020928                  30.3692                   47.173
    2579.270574                60.002093               30.3691945                   47.213
    2579.470574               60.0020934                30.369189                   47.186
    2579.670574               60.0020937               30.3691836                    47.21
    2579.870574               60.0020939               30.3691781                    47.19
    2580.070574               60.0020941               30.3691724                    47.16
    2580.270574               60.0020944               30.3691668                   47.198
    2580.470574               60.0020947               30.3691609                   47.165
    2580.670574                60.002095               30.3691552                   47.183
    2580.870574               60.0020953               30.3691495                   47.153
    2581.070574               60.0020953                30.369144                   47.194
    2581.270478               60.0020955               30.3691387                   47.201
    2581.470478               60.0020958               30.3691331                   47.191
    2581.670478               60.0020959               30.3691274                   47.221
    2581.870478               60.0020961               30.3691215                   47.196
    2582.070478               60.0020962               30.3691156                   47.207
    2582.270478               60.0020964               30.3691098                     47.2
    2582.470478               60.0020964                30.369104                   47.191
    2582.670478               60.0020965               30.3690986                   47.234
    2582.870478               60.0020965               30.3690931                   47.205
    2583.070478               60.0020961               30.3690874                   47.218
    2583.270382                60.002096                30.369082                   47.238
    2583.470382               60.0020957               30.3690762                   47.203
    2583.670382               60.0020955               30.3690707                   47.197
    2583.870382               60.0020951               30.3690652                   47.185
    2584.070382               60.0020945               30.3690598                   47.184
    2584.270382               60.0020942               30.3690547                   47.175
    2584.470382               60.0020938               30.3690495                   47.172
    2584.670382               60.0020937               30.3690443                   47.219
    2584.870382               60.0020935               30.3690392                   47.193
    2585.070382                60.002093               30.3690339                   47.203
    2585.270285                60.002093               30.3690289                   47.246
    2585.470285               60.0020931               30.3690236                   47.202
    2585.670285               60.0020933               30.3690181                   47.227
    2585.870285               60.0020936               30.3690124                    47.24
    2586.070285               60.0020938               30.3690067                   47.228
    2586.270285                60.002094                30.369001                   47.252
    2586.470285               60.0020943                30.368995                   47.263
    2586.670285               60.0020947               30.3689891                   47.295
    2586.870285                60.002095               30.3689829                   47.295
    2587.070285               60.0020953                30.368977                   47.307
    2587.270189               60.0020956               30.3689712                   47.308
    2587.470189                60.002096               30.3689651                   47.262
    2587.670189               60.0020963               30.3689592                   47.264
    2587.870189               60.0020964               30.3689532                   47.216
    2588.070189               60.0020968               30.3689472                   47.226
    2588.270189               60.0020972               30.3689415                   47.234
    2588.470189               60.0020974               30.3689356                   47.236
    2588.670189               60.0020978               30.3689301                   47.264
    2588.870189               60.0020978               30.3689243                   47.227
    2589.070189                60.002098               30.3689186                   47.234
    2589.270101               60.0020983               30.3689128                   47.209
    2589.470101               60.0020986               30.3689067                   47.248
    2589.670101               60.0020987               30.3689009                   47.268
    2589.870101               60.0020988               30.3688949                   47.212
    2590.070101               60.0020989               30.3688891                   47.247
    2590.270101               60.0020991               30.3688834                   47.189
    2590.470101               60.0020993               30.3688774                   47.191
    2590.670101               60.0020996               30.3688713                   47.211
    2590.870101               60.0020996               30.3688655                   47.223
    2591.070101               60.0020998               30.3688596                   47.236
    2591.269997                  60.0021               30.3688539                   47.221
    2591.469997               60.0021001               30.3688481                   47.299
    2591.669997               60.0021002               30.3688424                    47.34
    2591.869997               60.0021002               30.3688367                   47.308
    2592.069997               60.0021004               30.3688311                    47.35
    2592.269997               60.0021006               30.3688255                   47.328
    2592.469997               60.0021008               30.3688201                    47.35
    2592.669997               60.0021008               30.3688147                    47.35
    2592.869997               60.0021006               30.3688091                   47.339
    2593.069997               60.0021007               30.3688041                   47.365
    2593.269900               60.0021009               30.3687987                   47.321
    2593.469900               60.0021012               30.3687931                   47.376
    2593.669900               60.0021013               30.3687875                   47.371
    2593.869900               60.0021012               30.3687818                   47.358
    2594.069900               60.0021013               30.3687763                   47.414
    2594.269900               60.0021015               30.3687706                   47.393
    2594.469900               60.0021019               30.3687649                   47.442
    2594.669900                60.002102               30.3687592                   47.432
    2594.869900               60.0021021               30.3687537                   47.408
    2595.069900               60.0021025               30.3687481                   47.425
    2595.269804               60.0021028               30.3687424                   47.396
    2595.469804               60.0021031               30.3687369                   47.441
    2595.669804               60.0021033               30.3687313                   47.436
    2595.869804               60.0021033               30.3687254                   47.408
    2596.069804               60.0021036               30.3687199                   47.429
    2596.269804               60.0021038               30.3687143                   47.424
    2596.469804               60.0021041               30.3687087                   47.482
    2596.669804               60.0021043               30.3687029                   47.479
    2596.869804               60.0021041               30.3686969                   47.407
    2597.069804               60.0021043               30.3686911                   47.422
    2597.269708               60.0021044               30.3686851                   47.372
    2597.469708               60.0021046               30.3686792                   47.411
    2597.669708               60.0021046               30.3686735                   47.395
    2597.869708               60.0021043               30.3686681                   47.389
    2598.069708               60.0021042               30.3686629                   47.445
    2598.269708               60.0021043               30.3686573                   47.414
    2598.469708               60.0021043               30.3686514                   47.411
    2598.669708               60.0021042               30.3686459                   47.402
    2598.869708               60.0021039               30.3686405                   47.399
    2599.069708               60.0021041               30.3686353                   47.414
    2599.269612               60.0021042               30.3686299                   47.404
    2599.469612               60.0021045               30.3686244                   47.423
    2599.669612               60.0021045                30.368619                   47.389
    2599.869612               60.0021046               30.3686139                   47.394
    2600.069612               60.0021049                30.368609                   47.406
    2600.269612               60.0021053               30.3686041                    47.36
    2600.469612               60.0021056               30.3685993                   47.406
    2600.669612               60.0021055               30.3685943                   47.381
    2600.869612               60.0021054               30.3685892                   47.397
    2601.069612               60.0021051               30.3685859                    47.55
    2601.269516                60.002105               30.3685837                   47.715
    2601.469516               60.0021051               30.3685812                   47.789
    2601.669516               60.0021051               30.3685787                   47.883
    2601.869516               60.0021052               30.3685766                   47.939
    2602.069516               60.0021049               30.3685742                   47.927
    2602.269516               60.0021043               30.3685719                   47.916
    2602.469516               60.0021039               30.3685698                   47.954
    2602.669516               60.0021035               30.3685673                   47.944
    2602.869516               60.0021032               30.3685642                   47.873
    2603.069516               60.0021029               30.3685611                   47.882
    2603.269422               60.0021024               30.3685583                   47.859
    2603.469422               60.0021016               30.3685549                   47.767
    2603.669422               60.0021012               30.3685512                   47.744
    2603.869422               60.0021023               30.3685393                   47.693
    2604.069422               60.0021024               30.3685326                   47.566
    2604.269422               60.0021022               30.3685272                   47.411
    2604.469422                60.002102               30.3685218                   47.341
    2604.669422               60.0021018               30.3685161                   47.298
    2604.869422               60.0021015               30.3685102                   47.294
    2605.069422               60.0021015               30.3685042                   47.324
    2605.269323               60.0021012               30.3684982                   47.313
    2605.469323               60.0021011               30.3684926                   47.327
    2605.669323               60.0021011               30.3684864                   47.309
    2605.869323               60.0021012               30.3684805                   47.308
    2606.069323               60.0021013               30.3684749                   47.274
    2606.269323               60.0021011               30.3684696                   47.307
    2606.469323               60.0021013               30.3684639                   47.332
    2606.669323               60.0021014               30.3684577                   47.344
    2606.869323               60.0021016               30.3684517                   47.348
    2607.069323               60.0021015               30.3684457                   47.327
    2607.269227               60.0021015               30.3684399                   47.355
    2607.469227               60.0021016               30.3684343                   47.348
    2607.669227               60.0021016               30.3684284                   47.364
    2607.869227               60.0021016               30.3684227                   47.391
    2608.069227               60.0021014               30.3684166                   47.377
    2608.269227               60.0021014               30.3684106                   47.398
    2608.469227               60.0021014               30.3684045                   47.367
    2608.669227               60.0021015                30.368398                    47.35
    2608.869227               60.0021001               30.3684011                   47.425
    2609.069227               60.0021001               30.3683952                   47.395
    2609.269130               60.0021003               30.3683897                   47.449
    2609.469130               60.0021005               30.3683838                   47.436
    2609.669130               60.0021008                30.368378                   47.463
    2609.869130               60.0021012               30.3683719                   47.406
    2610.069130               60.0021013               30.3683659                   47.403
    2610.269130               60.0021018                 30.36836                     47.4
    2610.469130                60.002102               30.3683537                   47.373
    2610.669130               60.0021022               30.3683476                   47.403
    2610.869130               60.0021023               30.3683417                   47.375
    2611.069130               60.0021024                30.368336                   47.381
    2611.269034               60.0021026               30.3683302                   47.349
    2611.469034               60.0021029               30.3683245                   47.365
    2611.669034                60.002103               30.3683188                   47.363
    2611.869034                60.002103               30.3683132                    47.33
    2612.069034               60.0021032               30.3683077                   47.365
    2612.269034               60.0021034               30.3683022                   47.331
    2612.469034               60.0021035               30.3682965                   47.345
    2612.669034               60.0021036               30.3682908                   47.324
    2612.869034               60.0021036               30.3682851                   47.326
    2613.069034               60.0021038               30.3682798                   47.342
    2613.268938               60.0021041               30.3682741                   47.326
    2613.468938               60.0021043               30.3682683                   47.351
    2613.668938               60.0021044               30.3682627                   47.334
    2613.868938               60.0021042               30.3682571                   47.352
    2614.068938               60.0021043               30.3682518                   47.385
    2614.268938               60.0021044               30.3682462                    47.36
    2614.468938               60.0021045               30.3682404                   47.391
    2614.668938               60.0021045               30.3682346                   47.364
    2614.868938               60.0021044               30.3682288                   47.375
    2615.068938               60.0021044               30.3682232                   47.389
    2615.268842               60.0021044               30.3682173                   47.352
    2615.468842               60.0021044               30.3682116                   47.401
    2615.668842               60.0021044               30.3682057                    47.36
    2615.868842               60.0021043                  30.3682                   47.396
    2616.068842               60.0021044               30.3681943                   47.372
    2616.268842               60.0021046               30.3681885                   47.383
    2616.468842               60.0021048               30.3681827                   47.395
    2616.668842               60.0021048               30.3681769                   47.361
    2616.868842               60.0021049               30.3681713                   47.409
    2617.068842               60.0021051               30.3681656                   47.376
    2617.268746               60.0021053               30.3681596                   47.407
    2617.468746               60.0021054               30.3681536                   47.403
    2617.668746               60.0021053               30.3681477                   47.395
    2617.868746               60.0021052               30.3681418                   47.424
    2618.068746               60.0021052               30.3681359                   47.415
    2618.268746               60.0021054               30.3681299                   47.461
    2618.468746               60.0021054                30.368124                   47.408
    2618.668746               60.0021054               30.3681178                   47.388
    2618.868746               60.0021056               30.3681119                   47.398
    2619.068746               60.0021058               30.3681061                   47.371
    2619.268650                60.002106               30.3681001                   47.394
    2619.468650                60.002106               30.3680946                   47.365
    2619.668650                60.002106               30.3680891                   47.386
    2619.868650               60.0021063               30.3680837                   47.364
    2620.068650               60.0021066                30.368078                   47.369
    2620.268650                60.002107               30.3680727                   47.377
    2620.468650               60.0021072                30.368067                   47.336
    2620.668650               60.0021074               30.3680613                   47.355
    2620.868650               60.0021079               30.3680558                   47.324
    2621.068650               60.0021084               30.3680499                   47.326
    2621.268556               60.0021088               30.3680438                   47.313
    2621.468556               60.0021091               30.3680375                   47.302
    2621.668556               60.0021096               30.3680316                   47.321
    2621.868556               60.0021103               30.3680256                   47.295
    2622.068556               60.0021108               30.3680197                   47.338
    2622.268556               60.0021112               30.3680139                   47.331
    2622.468556               60.0021116               30.3680081                   47.337
    2622.668556               60.0021121               30.3680025                   47.354
    2622.868556               60.0021126               30.3679967                   47.313
    2623.068556                60.002113               30.3679908                   47.339
    2623.268458               60.0021134               30.3679851                   47.306
    2623.468458               60.0021136               30.3679795                   47.309
    2623.668458                60.002114               30.3679741                   47.303
    2623.868458               60.0021144               30.3679682                   47.295
    2624.068458               60.0021148               30.3679627                   47.305
    2624.268458                60.002115               30.3679571                   47.272
    2624.468458               60.0021152               30.3679518                   47.311
    2624.668458               60.0021156               30.3679466                    47.28
    2624.868458               60.0021162               30.3679411                     47.3
    2625.068458               60.0021165               30.3679359                   47.308
    2625.268361               60.0021167               30.3679305                   47.265
    2625.468361                60.002117               30.3679255                   47.278
    2625.668361               60.0021174               30.3679205                   47.263
    2625.868361               60.0021178               30.3679156                   47.238
    2626.068361                60.002118               30.3679112                   47.241
    2626.268361               60.0021182               30.3679072                   47.228
    2626.468361               60.0021184               30.3679036                   47.256
    2626.668361               60.0021188                  30.3679                   47.241
    2626.868361               60.0021194               30.3678966                   47.233
    2627.068361               60.0021197               30.3678933                   47.236
    2627.268265                 60.00212               30.3678905                   47.235
    2627.468265               60.0021201               30.3678876                   47.213
    2627.668265               60.0021203               30.3678851                   47.217
    2627.868265               60.0021206               30.3678827                   47.167
    2628.068265               60.0021208               30.3678804                   47.099
    2628.268265               60.0021214               30.3678781                   47.063
    2628.468265               60.0021214               30.3678763                    46.98
    2628.668265               60.0021214               30.3678749                   46.878
    2628.868265               60.0021224               30.3678667                   46.761
    2629.068265                60.002122               30.3678646                    46.61
    2629.268169               60.0021217                30.367864                   46.479
    2629.468169               60.0021217               30.3678636                   46.281
    2629.668169               60.0021219               30.3678636                   46.126
    2629.868169               60.0021218               30.3678634                   46.026
    2630.068169               60.0021218               30.3678636                   45.886
    2630.268169               60.0021221               30.3678637                   45.813
    2630.468169               60.0021223               30.3678641                   45.733
    2630.668169               60.0021226               30.3678644                   45.696
    2630.868169               60.0021228               30.3678645                   45.672
    2631.068169               60.0021229               30.3678647                   45.651
    2631.268080               60.0021229               30.3678647                   45.631
    2631.468080               60.0021229               30.3678647                    45.62
    2631.668080                60.002123               30.3678649                   45.606
    2631.868080               60.0021232               30.3678651                   45.588
    2632.068080               60.0021232               30.3678651                   45.579
    2632.268080               60.0021232               30.3678651                   45.582
    2632.468080               60.0021232               30.3678653                   45.587
    2632.668080               60.0021233               30.3678652                   45.588
    2632.868080               60.0021228                30.367866                   45.603
    2633.068080               60.0021228               30.3678659                   45.605
    2633.267976               60.0021228               30.3678659                   45.595
    2633.467976               60.0021228                30.367866                   45.597
    2633.667976               60.0021228               30.3678658                   45.594
    2633.867976               60.0021226               30.3678665                   45.595
    2634.067976               60.0021226               30.3678666                   45.589
    2634.267976               60.0021226               30.3678665                   45.588
    2634.467976               60.0021226               30.3678665                    45.59
    2634.667976               60.0021226               30.3678665                   45.595
    2634.867976               60.0021224                30.367867                   45.599
    2635.067976               60.0021224               30.3678669                   45.602
    2635.267880               60.0021224                30.367867                   45.602
    2635.467880               60.0021224               30.3678669                   45.599
    2635.667880               60.0021224               30.3678669                   45.602
    2635.867880               60.0021223               30.3678674                   45.608
    2636.067880               60.0021222               30.3678674                   45.609
    2636.267880               60.0021222               30.3678674                   45.609
    2636.467880               60.0021222               30.3678674                   45.605
    2636.667880               60.0021222               30.3678673                    45.61
    2636.867880               60.0021222               30.3678734                   45.653
    2637.067880               60.0021222               30.3678734                   45.645
