       ÂÐÅÌß, Ñ              NP_LATITUDE             NP_LONGITUDE              NP_ALTITUDE
    1628.299544               60.0021696               30.3679256                    45.52
    1628.499544               60.0021696               30.3679256                   45.522
    1628.699544               60.0021696               30.3679256                   45.529
    1628.899544               60.0021696               30.3679255                    45.52
    1629.099544               60.0021696               30.3679255                   45.515
    1629.299544               60.0021696               30.3679255                   45.522
    1629.499544               60.0021696               30.3679256                   45.515
    1629.699544               60.0021696               30.3679255                   45.502
    1629.899544               60.0021697               30.3679254                    45.53
    1630.099544               60.0021697               30.3679254                   45.526
    1630.299444               60.0021697               30.3679254                    45.52
    1630.499444               60.0021696               30.3679255                   45.514
    1630.699444               60.0021697               30.3679255                   45.532
    1630.899444               60.0021696               30.3679253                   45.523
    1631.099444               60.0021696               30.3679254                   45.529
    1631.299444               60.0021696               30.3679254                   45.526
    1631.499444               60.0021696               30.3679254                   45.529
    1631.699444               60.0021696               30.3679253                   45.548
    1631.899444               60.0021696               30.3679252                    45.56
    1632.099444               60.0021696               30.3679252                   45.562
    1632.299347               60.0021696               30.3679253                   45.557
    1632.499347               60.0021696               30.3679253                   45.564
    1632.699347               60.0021696               30.3679252                   45.571
    1632.899347               60.0021696               30.3679252                   45.577
    1633.099347               60.0021696               30.3679252                   45.578
    1633.299347               60.0021696               30.3679252                   45.579
    1633.499347               60.0021696               30.3679252                   45.579
    1633.699347               60.0021696               30.3679252                   45.563
    1633.899347               60.0021696               30.3679252                   45.567
    1634.099347               60.0021696               30.3679252                   45.581
    1634.299246               60.0021696               30.3679252                   45.583
    1634.499246               60.0021696               30.3679252                   45.562
    1634.699246               60.0021695               30.3679252                    45.55
    1634.899246               60.0021696               30.3679252                   45.559
    1635.099246               60.0021696               30.3679252                   45.563
    1635.299246               60.0021696               30.3679252                   45.556
    1635.499246               60.0021696               30.3679252                   45.545
    1635.699246               60.0021696               30.3679252                   45.553
    1635.899246               60.0021696               30.3679251                   45.556
    1636.099246               60.0021696               30.3679251                   45.555
    1636.299147               60.0021695               30.3679252                    45.55
    1636.499147               60.0021695               30.3679251                   45.533
    1636.699147               60.0021695               30.3679252                   45.549
    1636.899147               60.0021695               30.3679251                   45.541
    1637.099147               60.0021695                30.367925                    45.55
    1637.299147               60.0021695               30.3679251                   45.544
    1637.499147               60.0021696               30.3679251                   45.546
    1637.699147               60.0021695               30.3679251                   45.558
    1637.899147               60.0021695                30.367925                    45.55
    1638.099147               60.0021695                30.367925                   45.539
    1638.299047               60.0021695                30.367925                   45.552
    1638.499047               60.0021696                30.367925                   45.557
    1638.699047               60.0021695                30.367925                   45.554
    1638.899047               60.0021696                30.367925                   45.556
    1639.099047               60.0021696                30.367925                   45.563
    1639.299047               60.0021696               30.3679249                   45.571
    1639.499047               60.0021696                30.367925                   45.573
    1639.699047               60.0021696               30.3679249                   45.573
    1639.899047               60.0021696               30.3679249                   45.566
    1640.099047               60.0021696               30.3679249                   45.582
    1640.298948               60.0021696               30.3679248                   45.584
    1640.498948               60.0021696               30.3679248                   45.581
    1640.698948               60.0021696               30.3679249                   45.576
    1640.898948               60.0021696               30.3679249                   45.566
    1641.098948               60.0021696               30.3679249                   45.569
    1641.298948               60.0021696               30.3679248                   45.576
    1641.498948               60.0021696               30.3679248                   45.574
    1641.698948               60.0021696               30.3679249                   45.545
    1641.898948               60.0021696               30.3679249                   45.536
    1642.098948               60.0021696               30.3679248                   45.538
    1642.298849               60.0021696               30.3679248                   45.538
    1642.498849               60.0021696               30.3679249                   45.539
    1642.698849               60.0021696               30.3679249                   45.535
    1642.898849               60.0021695               30.3679249                   45.533
    1643.098849               60.0021696               30.3679248                   45.529
    1643.298849               60.0021696               30.3679248                   45.526
    1643.498849               60.0021696               30.3679249                   45.524
    1643.698849               60.0021696               30.3679248                   45.542
    1643.898849               60.0021696               30.3679248                   45.549
    1644.098849               60.0021695               30.3679248                   45.538
    1644.298754               60.0021695               30.3679248                   45.544
    1644.498754               60.0021695               30.3679248                   45.546
    1644.698754               60.0021696               30.3679248                    45.56
    1644.898754               60.0021695               30.3679248                   45.552
    1645.098754               60.0021695               30.3679248                   45.555
    1645.298754               60.0021696               30.3679248                   45.564
    1645.498754               60.0021696               30.3679247                   45.565
    1645.698754               60.0021695               30.3679248                   45.557
    1645.898754               60.0021696               30.3679248                   45.541
    1646.098754               60.0021696               30.3679248                   45.547
    1646.298650               60.0021696               30.3679248                   45.551
    1646.498650               60.0021696               30.3679247                   45.562
    1646.698650               60.0021696               30.3679247                   45.544
    1646.898650               60.0021695               30.3679248                   45.542
    1647.098650               60.0021696               30.3679248                    45.54
    1647.298650               60.0021695               30.3679247                    45.55
    1647.498650               60.0021697               30.3679248                   45.577
    1647.698650               60.0021696               30.3679249                   45.552
    1647.898650               60.0021696               30.3679249                   45.548
    1648.098650               60.0021695               30.3679249                   45.546
    1648.298551               60.0021695                30.367925                   45.538
    1648.498551               60.0021694                30.367925                    45.53
    1648.698551               60.0021695                30.367925                   45.529
    1648.898551               60.0021694               30.3679251                   45.535
    1649.098551               60.0021693               30.3679252                   45.529
    1649.298551               60.0021694               30.3679252                   45.541
    1649.498551               60.0021695               30.3679252                   45.597
    1649.698551               60.0021696               30.3679254                   45.654
    1649.898551               60.0021691               30.3679251                    45.75
    1650.098551                60.002169               30.3679249                   45.862
    1650.298452               60.0021691               30.3679247                   46.038
    1650.498452               60.0021691               30.3679247                   46.178
    1650.698452               60.0021693               30.3679246                   46.344
    1650.898452               60.0021694               30.3679247                    46.43
    1651.098452               60.0021696               30.3679249                    46.58
    1651.298452               60.0021693               30.3679252                    46.66
    1651.498452               60.0021695               30.3679252                   46.817
    1651.698452               60.0021697               30.3679252                   46.904
    1651.898452               60.0021697               30.3679254                   46.917
    1652.098452               60.0021697               30.3679252                   47.027
    1652.298353               60.0021696               30.3679251                   47.033
    1652.498353               60.0021696               30.3679249                   47.058
    1652.698353               60.0021694                30.367925                   47.049
    1652.898353               60.0021691               30.3679248                    47.14
    1653.098353               60.0021689               30.3679246                   47.173
    1653.298353               60.0021688               30.3679247                   47.178
    1653.498353               60.0021686               30.3679248                    47.18
    1653.698353               60.0021682               30.3679251                   47.157
    1653.898353               60.0021681               30.3679252                   47.118
    1654.098353                60.002168               30.3679252                   47.111
    1654.298254                60.002168               30.3679253                   47.119
    1654.498254               60.0021679               30.3679252                   47.102
    1654.698254               60.0021676               30.3679254                   47.125
    1654.898254               60.0021671               30.3679258                    47.15
    1655.098254               60.0021662               30.3679268                   47.155
    1655.298254               60.0021651               30.3679282                   47.114
    1655.498254               60.0021644                 30.36793                   47.113
    1655.698254               60.0021636               30.3679324                   47.076
    1655.898254               60.0021629               30.3679348                   47.034
    1656.098254               60.0021619               30.3679371                   47.034
    1656.298155               60.0021607               30.3679395                   47.022
    1656.498155               60.0021593               30.3679422                   47.028
    1656.698155               60.0021579               30.3679444                   47.045
    1656.898155               60.0021567               30.3679472                   47.041
    1657.098155               60.0021557               30.3679499                   47.029
    1657.298155               60.0021544               30.3679524                   47.028
    1657.498155                60.002153               30.3679544                   47.018
    1657.698155               60.0021522               30.3679561                   47.048
    1657.898155               60.0021517               30.3679574                   46.993
    1658.098155               60.0021517               30.3679583                    46.99
    1658.298057               60.0021517                30.367959                   46.996
    1658.498057               60.0021513               30.3679593                     47.0
    1658.698057               60.0021511               30.3679595                   47.008
    1658.898057               60.0021511               30.3679595                   47.023
    1659.098057               60.0021512               30.3679593                   47.074
    1659.298057               60.0021512               30.3679592                   47.081
    1659.498057               60.0021512               30.3679591                   47.055
    1659.698057               60.0021511               30.3679592                   47.043
    1659.898057               60.0021512               30.3679593                   47.056
    1660.098057               60.0021515               30.3679595                   47.052
    1660.297958               60.0021523               30.3679599                   47.036
    1660.497958               60.0021533               30.3679605                   47.022
    1660.697958               60.0021546               30.3679611                     47.0
    1660.897958               60.0021562               30.3679627                    47.01
    1661.097958               60.0021578               30.3679645                   47.019
    1661.297958               60.0021593               30.3679658                   47.037
    1661.497958                60.002161               30.3679671                   47.013
    1661.697958               60.0021628               30.3679683                   47.028
    1661.897958               60.0021646               30.3679696                   47.039
    1662.097958               60.0021664               30.3679711                    47.05
    1662.297859               60.0021683               30.3679729                   47.076
    1662.497859               60.0021701               30.3679742                   47.078
    1662.697859                60.002172               30.3679755                   47.078
    1662.897859               60.0021739               30.3679767                   47.077
    1663.097859               60.0021758               30.3679783                   47.085
    1663.297859               60.0021776               30.3679802                   47.099
    1663.497859               60.0021793               30.3679816                   47.098
    1663.697859               60.0021813               30.3679834                   47.094
    1663.897859               60.0021833               30.3679851                   47.107
    1664.097859               60.0021851               30.3679868                   47.131
    1664.297761               60.0021869               30.3679891                   47.107
    1664.497761               60.0021889                30.367991                   47.142
    1664.697761               60.0021908               30.3679927                   47.148
    1664.897761               60.0021928               30.3679942                   47.132
    1665.097761               60.0021947               30.3679957                   47.144
    1665.297761               60.0021966               30.3679976                   47.134
    1665.497761               60.0021986               30.3679994                   47.129
    1665.697761               60.0022006               30.3680009                   47.148
    1665.897761               60.0022026               30.3680023                   47.142
    1666.097761               60.0022046               30.3680036                   47.161
    1666.297666               60.0022066               30.3680053                   47.175
    1666.497666               60.0022086               30.3680071                   47.152
    1666.697666               60.0022105               30.3680085                   47.168
    1666.897666               60.0022123               30.3680099                   47.176
    1667.097666               60.0022124               30.3680135                   47.414
    1667.297666               60.0022144               30.3680148                   47.429
    1667.497666               60.0022162               30.3680164                   47.415
    1667.697666               60.0022183               30.3680181                   47.441
    1667.897666               60.0022219               30.3680175                   47.226
    1668.097666                60.002224                30.368019                   47.189
    1668.297565               60.0022262               30.3680203                   47.196
    1668.497565                60.002228               30.3680216                   47.193
    1668.697565               60.0022302               30.3680234                   47.212
    1668.897565               60.0022322                30.368025                   47.226
    1669.097565                60.002234               30.3680265                   47.235
    1669.297565                60.002236               30.3680277                   47.194
    1669.497565               60.0022381               30.3680294                   47.202
    1669.697565                 60.00224               30.3680313                   47.199
    1669.897565               60.0022418               30.3680334                   47.228
    1670.097565               60.0022432               30.3680357                   47.211
    1670.297467               60.0022446               30.3680381                   47.186
    1670.497467               60.0022461               30.3680411                   47.195
    1670.697467               60.0022469               30.3680442                   47.225
    1670.897467               60.0022472               30.3680479                   47.204
    1671.097467               60.0022474               30.3680522                   47.234
    1671.297467               60.0022473               30.3680559                   47.242
    1671.497467               60.0022469               30.3680601                   47.214
    1671.697467               60.0022465               30.3680643                   47.212
    1671.897467               60.0022458               30.3680682                   47.236
    1672.097467                60.002245               30.3680723                   47.223
    1672.297372               60.0022441               30.3680759                   47.212
    1672.497372               60.0022436               30.3680797                   47.253
    1672.697372               60.0022429               30.3680838                   47.234
    1672.897372               60.0022423               30.3680876                    47.22
    1673.097372               60.0022415               30.3680916                   47.214
    1673.297372               60.0022408               30.3680954                   47.236
    1673.497372                 60.00224               30.3680991                   47.274
    1673.697372               60.0022393               30.3681032                   47.248
    1673.897372               60.0022384               30.3681071                   47.245
    1674.097372               60.0022375                30.368111                   47.232
    1674.297282               60.0022365               30.3681149                    47.21
    1674.497282               60.0022359               30.3681187                   47.248
    1674.697282                60.002235               30.3681228                   47.212
    1674.897282               60.0022343               30.3681271                   47.223
    1675.097282               60.0022334               30.3681311                    47.23
    1675.297282               60.0022325               30.3681353                   47.226
    1675.497282               60.0022317               30.3681391                   47.219
    1675.697282               60.0022309               30.3681431                    47.21
    1675.897282               60.0022302               30.3681473                   47.205
    1676.097282               60.0022295               30.3681513                   47.223
    1676.297177               60.0022288               30.3681554                   47.227
    1676.497177               60.0022279               30.3681591                   47.218
    1676.697177               60.0022273                30.368163                   47.207
    1676.897177               60.0022266               30.3681669                   47.212
    1677.097177               60.0022261               30.3681709                   47.232
    1677.297177               60.0022252               30.3681747                   47.231
    1677.497177               60.0022244               30.3681787                   47.229
    1677.697177               60.0022238               30.3681825                   47.234
    1677.897177                60.002223               30.3681863                   47.247
    1678.097177               60.0022224               30.3681904                   47.248
    1678.297077               60.0022216               30.3681942                   47.265
    1678.497077               60.0022209               30.3681983                   47.265
    1678.697077               60.0022201               30.3682018                   47.255
    1678.897077               60.0022196               30.3682055                   47.246
    1679.097077               60.0022191               30.3682093                   47.266
    1679.297077               60.0022186                30.368213                   47.268
    1679.497077               60.0022179               30.3682165                   47.273
    1679.697077                60.002217                 30.36822                   47.259
    1679.897077               60.0022162               30.3682233                   47.299
    1680.097077               60.0022152               30.3682268                   47.262
    1680.296980               60.0022141               30.3682302                   47.218
    1680.496980               60.0022128               30.3682329                   47.228
    1680.696980               60.0022111               30.3682349                   47.233
    1680.896980               60.0022092               30.3682362                   47.236
    1681.096980               60.0022072               30.3682366                   47.233
    1681.296980               60.0022049               30.3682369                   47.243
    1681.496980               60.0022026               30.3682364                   47.231
    1681.696980               60.0022004               30.3682348                   47.203
    1681.896980               60.0021982               30.3682327                   47.184
    1682.096980               60.0021962               30.3682308                   47.169
    1682.296883               60.0021943               30.3682291                   47.151
    1682.496883               60.0021922               30.3682276                   47.143
    1682.696883               60.0021901               30.3682257                   47.135
    1682.896883               60.0021881               30.3682238                   47.119
    1683.096883               60.0021862               30.3682217                   47.118
    1683.296883               60.0021843               30.3682201                    47.12
    1683.496883               60.0021823               30.3682189                   47.124
    1683.696883               60.0021804               30.3682173                   47.097
    1683.896883               60.0021785               30.3682157                   47.108
    1684.096883               60.0021765               30.3682136                   47.123
    1684.296786               60.0021745               30.3682116                   47.109
    1684.496786               60.0021724               30.3682104                   47.116
    1684.696786               60.0021703               30.3682087                   47.119
    1684.896786               60.0021682               30.3682068                    47.12
    1685.096786               60.0021662               30.3682046                   47.121
    1685.296786               60.0021642               30.3682024                   47.149
    1685.496786               60.0021622               30.3682004                   47.114
    1685.696786               60.0021598               30.3681986                   47.095
    1685.896786               60.0021579               30.3681964                    47.12
    1686.096786               60.0021557               30.3681942                     47.1
    1686.296689               60.0021539               30.3681919                   47.075
    1686.496689                60.002152               30.3681898                   47.058
    1686.696689               60.0021499               30.3681882                   47.091
    1686.896689                60.002148               30.3681863                   47.137
    1687.096689               60.0021459               30.3681841                   47.133
    1687.296689                60.002144               30.3681821                   47.141
    1687.496689               60.0021423               30.3681804                   47.162
    1687.696689               60.0021398                30.368179                   47.089
    1687.896689               60.0021378               30.3681774                   47.093
    1688.096689               60.0021359               30.3681759                   47.083
    1688.296592               60.0021338               30.3681741                   47.077
    1688.496592               60.0021321               30.3681725                   47.083
    1688.696592               60.0021301               30.3681711                   47.067
    1688.896592               60.0021279               30.3681698                   47.087
    1689.096592                60.002126               30.3681681                   47.104
    1689.296592               60.0021239               30.3681665                   47.081
    1689.496592                60.002122               30.3681647                   47.098
    1689.696592                 60.00212               30.3681632                   47.067
    1689.896592                60.002118               30.3681616                     47.1
    1690.096592               60.0021161               30.3681595                   47.098
    1690.296495               60.0021144               30.3681574                    47.08
    1690.496495               60.0021127               30.3681548                   47.092
    1690.696495               60.0021112               30.3681522                   47.122
    1690.896495               60.0021096               30.3681492                   47.088
    1691.096495               60.0021084               30.3681457                   47.099
    1691.296495               60.0021077               30.3681419                   47.117
    1691.496495               60.0021074               30.3681376                   47.076
    1691.696495               60.0021075               30.3681333                   47.061
    1691.896495               60.0021077               30.3681293                   47.085
    1692.096495               60.0021079               30.3681247                   47.067
    1692.296399               60.0021087               30.3681205                   47.099
    1692.496399               60.0021096               30.3681165                   47.148
    1692.696399               60.0021105               30.3681125                   47.149
    1692.896399               60.0021111               30.3681088                   47.153
    1693.296399               60.0021126               30.3681006                   47.145
    1693.496399               60.0021134               30.3680967                   47.137
    1693.696399               60.0021142               30.3680926                   47.116
    1693.896399               60.0021149                30.368089                   47.095
    1694.096399               60.0021155               30.3680851                   47.074
    1694.296303               60.0021163                30.368081                   47.093
    1694.496303               60.0021168               30.3680771                   47.098
    1694.696303               60.0021177               30.3680729                     47.1
    1694.896303               60.0021183                30.368069                   47.089
    1695.096303               60.0021191               30.3680648                   47.086
    1695.296303               60.0021195               30.3680604                    47.07
    1695.496303               60.0021201               30.3680562                   47.064
    1695.696303                60.002121               30.3680519                   47.049
    1695.896303               60.0021217               30.3680477                   47.054
    1696.096303               60.0021225               30.3680436                    47.09
    1696.296205               60.0021232                30.368039                   47.063
    1696.496205               60.0021241                30.368035                   47.078
    1696.696205               60.0021252               30.3680311                   47.076
    1696.896205               60.0021261               30.3680272                   47.092
    1697.096205                60.002127               30.3680232                   47.046
    1697.296205               60.0021277               30.3680192                   47.073
    1697.496205               60.0021288               30.3680151                   47.109
    1697.696205               60.0021296               30.3680114                   47.117
    1697.896205               60.0021304               30.3680075                    47.12
    1698.096205               60.0021311               30.3680038                   47.111
    1698.296108               60.0021319               30.3679998                    47.12
    1698.496108               60.0021326               30.3679955                   47.121
    1698.696108               60.0021332               30.3679918                   47.124
    1698.896108               60.0021342                30.367988                   47.108
    1699.096108                60.002135               30.3679843                   47.083
    1699.296108               60.0021358               30.3679807                   47.084
    1699.496108               60.0021365               30.3679767                   47.096
    1699.696108               60.0021373               30.3679726                   47.082
    1699.896108               60.0021384               30.3679692                   47.082
    1700.096108               60.0021396                30.367966                   47.072
    1700.296014               60.0021408                30.367963                   47.094
    1700.496014               60.0021421               30.3679601                   47.033
    1700.696014               60.0021436               30.3679575                   47.028
    1700.896014               60.0021452               30.3679559                   47.066
    1701.096014                60.002147               30.3679553                   47.061
    1701.296014               60.0021489               30.3679556                   47.064
    1701.496014               60.0021506               30.3679561                   47.092
    1701.696014               60.0021521               30.3679569                   47.095
    1701.896014               60.0021533               30.3679579                   47.099
    1702.096014               60.0021541               30.3679586                     47.1
    1702.295915               60.0021545               30.3679591                   47.088
    1702.495915               60.0021547               30.3679594                   47.098
    1702.695915               60.0021548               30.3679595                   47.114
    1702.895915               60.0021549               30.3679597                   47.128
    1703.095915               60.0021549               30.3679596                   47.113
    1703.295915               60.0021549               30.3679595                   47.119
    1703.495915               60.0021549               30.3679594                   47.116
    1703.695915               60.0021549               30.3679594                    47.12
    1703.895915               60.0021548               30.3679595                   47.126
    1704.095915               60.0021548               30.3679596                   47.123
    1704.295818               60.0021549               30.3679596                   47.121
    1704.495818               60.0021549               30.3679596                    47.12
    1704.695818               60.0021548               30.3679597                   47.116
    1704.895818               60.0021549               30.3679597                   47.115
    1705.095818               60.0021549               30.3679598                   47.127
    1705.295818               60.0021549               30.3679598                   47.122
    1705.495818               60.0021549               30.3679598                   47.116
    1705.695818               60.0021548               30.3679599                   47.111
    1705.895818               60.0021532               30.3679617                    47.36
    1706.095818               60.0021532               30.3679617                   47.358
    1706.295722               60.0021532               30.3679618                   47.356
    1706.495722               60.0021532               30.3679618                   47.362
    1706.695722               60.0021532               30.3679618                   47.357
    1706.895722               60.0021532               30.3679618                   47.365
    1707.095722               60.0021532               30.3679617                   47.355
    1707.295722               60.0021532               30.3679618                   47.359
    1707.495722               60.0021532               30.3679617                   47.344
    1707.695722               60.0021532               30.3679618                   47.341
    1707.895722               60.0021532               30.3679617                   47.333
    1708.095722               60.0021531               30.3679617                   47.329
    1708.295625               60.0021532               30.3679617                   47.336
    1708.495625               60.0021532               30.3679616                   47.333
    1708.695625               60.0021532               30.3679616                   47.328
    1708.895625               60.0021532               30.3679616                   47.335
    1709.095625               60.0021533               30.3679616                    47.33
    1709.295625               60.0021533               30.3679616                   47.336
    1709.495625               60.0021533               30.3679615                   47.336
    1709.695625               60.0021532               30.3679616                   47.338
    1709.895625               60.0021533               30.3679616                   47.345
    1710.095625               60.0021533               30.3679616                   47.339
    1710.295528               60.0021533               30.3679616                    47.34
    1710.495528               60.0021533               30.3679615                   47.346
    1710.695528               60.0021533               30.3679615                   47.348
    1710.895528               60.0021533               30.3679615                   47.347
    1711.095528               60.0021533               30.3679615                    47.35
    1711.295528               60.0021533               30.3679614                   47.344
    1711.495528               60.0021533               30.3679614                   47.347
    1711.695528               60.0021533               30.3679614                    47.34
    1711.895528               60.0021533               30.3679614                   47.334
    1712.095528               60.0021533               30.3679614                   47.343
    1712.295438               60.0021533               30.3679614                   47.339
    1712.495438               60.0021534               30.3679614                   47.338
    1712.695438               60.0021534               30.3679613                    47.34
    1712.895438               60.0021534               30.3679613                   47.346
    1713.095438               60.0021535               30.3679613                   47.339
    1713.295438               60.0021536               30.3679611                   47.324
    1713.495438               60.0021537               30.3679611                   47.327
    1713.695438                60.002154               30.3679611                   47.333
    1713.895438               60.0021545               30.3679619                   47.318
    1714.095438               60.0021554               30.3679631                   47.331
    1714.295335               60.0021563               30.3679643                   47.314
    1714.495335               60.0021576               30.3679655                   47.311
    1714.695335                60.002159               30.3679665                   47.315
    1714.895335               60.0021604               30.3679674                   47.323
    1715.095335               60.0021618               30.3679687                   47.336
    1715.295335               60.0021631               30.3679704                   47.338
    1715.495335               60.0021645               30.3679718                   47.368
    1715.695335                60.002166               30.3679733                   47.377
    1715.895335               60.0021675               30.3679744                    47.34
    1716.095335               60.0021689               30.3679757                   47.355
    1716.295239               60.0021705               30.3679774                   47.358
    1716.495239               60.0021721               30.3679793                   47.362
    1716.695239               60.0021735               30.3679809                   47.388
    1716.895239               60.0021751               30.3679825                   47.388
    1717.095239               60.0021768               30.3679838                   47.396
    1717.295239               60.0021783               30.3679853                   47.412
    1717.495239                 60.00218               30.3679871                   47.417
    1717.695239               60.0021815               30.3679889                   47.453
    1717.895239               60.0021847               30.3679889                   47.254
    1718.095239               60.0021865               30.3679903                   47.168
    1718.295142               60.0021883               30.3679916                   47.198
    1718.495142               60.0021897               30.3679932                   47.185
    1718.695142               60.0021912               30.3679949                   47.166
    1718.895142               60.0021928               30.3679965                    47.19
    1719.095142               60.0021945               30.3679979                   47.181
    1719.295142               60.0021964               30.3679991                   47.181
    1719.495142                60.002198               30.3680006                   47.196
    1719.695142               60.0021997               30.3680023                   47.173
    1719.895142               60.0022013                30.368004                   47.174
    1720.095142               60.0022032               30.3680055                   47.185
    1720.295046               60.0022049               30.3680068                   47.171
    1720.495046               60.0022067               30.3680079                   47.153
    1720.695046               60.0022086               30.3680092                   47.196
    1720.895046               60.0022103               30.3680107                   47.171
    1721.095046               60.0022121                30.368012                   47.195
    1721.295046               60.0022139               30.3680133                   47.192
    1721.495046               60.0022157               30.3680143                   47.178
    1721.695046               60.0022175               30.3680155                   47.199
    1721.895046               60.0022193               30.3680172                   47.206
    1722.095046               60.0022211               30.3680189                   47.217
    1722.294950               60.0022228               30.3680204                    47.24
    1722.494950               60.0022246               30.3680217                   47.212
    1722.694950               60.0022266               30.3680229                   47.221
    1722.894950               60.0022284               30.3680246                   47.234
    1723.094950               60.0022303               30.3680264                   47.202
    1723.294950               60.0022321               30.3680281                   47.268
    1723.494950               60.0022338               30.3680294                   47.233
    1723.694950               60.0022358               30.3680308                   47.209
    1723.894950               60.0022377               30.3680325                   47.269
    1724.094950               60.0022394               30.3680343                   47.273
    1724.294866               60.0022411               30.3680368                   47.278
    1724.494866               60.0022424                30.368039                   47.274
    1724.694866               60.0022438               30.3680416                   47.233
    1724.894866               60.0022452               30.3680444                   47.218
    1725.094866               60.0022458               30.3680475                    47.14
    1725.294866               60.0022463               30.3680513                   47.175
    1725.494866               60.0022464               30.3680552                   47.184
    1725.694866               60.0022461               30.3680588                    47.23
    1725.894866               60.0022457               30.3680624                   47.239
    1726.094866               60.0022453               30.3680666                   47.243
    1726.294757               60.0022447               30.3680703                   47.262
    1726.494757               60.0022438               30.3680741                   47.237
    1726.694757               60.0022431               30.3680777                   47.258
    1726.894757               60.0022426                30.368081                   47.251
    1727.094757               60.0022422               30.3680849                   47.241
    1727.294757               60.0022415               30.3680886                   47.229
    1727.494757               60.0022409               30.3680921                   47.254
    1727.694757                 60.00224               30.3680955                   47.265
    1727.894757               60.0022392               30.3680988                   47.279
    1728.094757               60.0022384               30.3681023                   47.254
    1728.294661               60.0022378               30.3681062                   47.237
    1728.494661               60.0022372               30.3681099                   47.237
    1728.694661               60.0022363               30.3681138                   47.229
    1728.894661               60.0022356               30.3681177                   47.259
    1729.094661               60.0022348               30.3681214                    47.25
    1729.294661               60.0022341               30.3681256                   47.247
    1729.494661               60.0022334               30.3681297                   47.254
    1729.694661               60.0022324               30.3681336                   47.248
    1729.894661               60.0022315               30.3681375                   47.254
    1730.094661               60.0022307               30.3681412                   47.254
    1730.294565               60.0022299               30.3681451                   47.241
    1730.494565               60.0022292               30.3681494                    47.28
    1730.694565               60.0022283               30.3681532                   47.265
    1730.894565               60.0022274               30.3681573                   47.221
    1731.094565               60.0022267               30.3681609                    47.25
    1731.294565                60.002226               30.3681648                   47.265
    1731.494565               60.0022253               30.3681688                   47.234
    1731.694565               60.0022248                30.368173                   47.255
    1731.894565                60.002224                30.368177                   47.234
    1732.094565               60.0022231                30.368181                   47.232
    1732.294469               60.0022226               30.3681851                   47.266
    1732.494469               60.0022218                30.368189                   47.205
    1732.694469               60.0022214               30.3681933                   47.256
    1732.894469               60.0022207               30.3681973                    47.25
    1733.094469               60.0022199               30.3682012                   47.234
    1733.294469               60.0022194               30.3682049                    47.26
    1733.494469               60.0022187               30.3682086                   47.263
    1733.694469               60.0022181               30.3682127                   47.264
    1733.894469               60.0022173               30.3682165                   47.271
    1734.094469               60.0022164               30.3682203                   47.263
    1734.294373               60.0022154                30.368224                   47.277
    1734.494373               60.0022144               30.3682272                   47.259
    1734.694373               60.0022133               30.3682306                   47.242
    1734.894373               60.0022118               30.3682336                   47.213
    1735.094373               60.0022104               30.3682357                   47.214
    1735.294373               60.0022084               30.3682367                   47.208
    1735.494373               60.0022065                30.368237                   47.181
    1735.694373               60.0022047               30.3682373                   47.191
    1735.894373               60.0022027               30.3682371                   47.188
    1736.094373               60.0022006               30.3682361                   47.189
    1736.294277               60.0021987               30.3682346                    47.19
    1736.494277               60.0021965               30.3682326                   47.195
    1736.694277               60.0021945               30.3682303                   47.157
    1736.894277               60.0021925               30.3682283                   47.168
    1737.094277               60.0021903               30.3682266                    47.14
    1737.294277               60.0021883               30.3682247                   47.152
    1737.494277               60.0021863               30.3682227                   47.151
    1737.694277               60.0021843               30.3682206                   47.143
    1737.894277               60.0021824               30.3682189                   47.173
    1738.094277               60.0021802               30.3682173                   47.139
    1738.294181               60.0021781               30.3682154                   47.149
    1738.494181                60.002176               30.3682135                   47.143
    1738.694181               60.0021739               30.3682114                   47.132
    1738.894181               60.0021718               30.3682097                   47.145
    1739.094181               60.0021697               30.3682081                   47.124
    1739.294181               60.0021675               30.3682064                   47.126
    1739.494181               60.0021654               30.3682045                    47.15
    1739.694181               60.0021633               30.3682024                   47.134
    1739.894181               60.0021613               30.3682006                   47.148
    1740.294085               60.0021571               30.3681973                   47.154
    1740.494085                60.002155               30.3681955                   47.154
    1740.694085               60.0021528               30.3681936                   47.157
    1740.894085               60.0021509               30.3681916                   47.166
    1741.094085               60.0021487               30.3681899                   47.171
    1741.294085               60.0021466               30.3681884                   47.168
    1741.494085               60.0021445               30.3681866                   47.172
    1741.694085               60.0021426               30.3681849                   47.168
    1741.894085               60.0021389               30.3681844                   47.369
    1742.094085               60.0021369               30.3681827                   47.374
    1742.293989               60.0021348               30.3681814                    47.37
    1742.493989               60.0021328               30.3681797                    47.37
    1742.693989               60.0021309               30.3681778                   47.355
    1742.893989               60.0021291               30.3681757                   47.362
    1743.093989               60.0021272               30.3681737                   47.379
    1743.293989               60.0021253               30.3681718                   47.357
    1743.493989               60.0021232               30.3681699                    47.36
    1743.693989               60.0021215               30.3681677                   47.357
    1743.893989               60.0021196               30.3681656                   47.333
    1744.093989               60.0021179               30.3681636                   47.347
    1744.293901               60.0021162               30.3681616                   47.367
    1744.493901               60.0021143               30.3681598                   47.338
    1744.693901               60.0021127               30.3681577                   47.336
    1744.893901                60.002111               30.3681554                   47.337
    1745.093901               60.0021095               30.3681525                   47.326
    1745.293901               60.0021083               30.3681497                   47.349
    1745.493901                60.002107               30.3681466                   47.333
    1745.693901                60.002106               30.3681429                   47.304
    1745.893901               60.0021056               30.3681393                   47.327
    1746.093901               60.0021054               30.3681351                   47.317
    1746.293798               60.0021055               30.3681308                   47.333
    1746.493798                60.002106               30.3681268                   47.321
    1746.693798               60.0021063               30.3681229                   47.284
    1746.893798               60.0021084               30.3681175                   47.147
    1747.093798               60.0021093               30.3681133                   47.084
    1747.293798               60.0021102               30.3681094                    47.08
    1747.493798               60.0021112               30.3681055                   47.081
    1747.693798                60.002112               30.3681017                   47.107
    1747.893798               60.0021126               30.3680978                    47.09
    1748.093798               60.0021134               30.3680936                   47.138
    1748.293702                60.002114               30.3680898                   47.144
    1748.493702               60.0021149               30.3680858                   47.111
    1748.693702               60.0021157                30.368082                   47.134
    1748.893702               60.0021164               30.3680779                   47.106
    1749.093702               60.0021171               30.3680736                   47.088
    1749.293702               60.0021179               30.3680698                   47.098
    1749.493702               60.0021188               30.3680657                   47.092
    1749.693702               60.0021197               30.3680619                   47.114
    1749.893702               60.0021204                30.368058                    47.09
    1750.093702               60.0021211               30.3680539                   47.097
    1750.293606                60.002122               30.3680497                   47.096
    1750.493606               60.0021229               30.3680456                   47.079
    1750.693606               60.0021238               30.3680417                   47.079
    1750.893606               60.0021247               30.3680381                   47.119
    1751.093606               60.0021254                30.368034                   47.076
    1751.293606               60.0021262                 30.36803                   47.118
    1751.493606               60.0021269               30.3680262                   47.123
    1751.693606               60.0021279               30.3680222                   47.111
    1751.893606               60.0021286               30.3680184                    47.14
    1752.093606               60.0021292               30.3680144                   47.109
    1752.293519               60.0021298                 30.36801                   47.082
    1752.493519               60.0021306                30.368006                   47.106
    1752.693519               60.0021314               30.3680019                   47.101
    1752.893519               60.0021323               30.3679982                   47.104
    1753.093519               60.0021331               30.3679946                   47.128
    1753.293519               60.0021339               30.3679904                   47.071
    1753.493519               60.0021349               30.3679865                   47.035
    1753.693519                60.002136               30.3679831                   47.073
    1753.893519               60.0021372               30.3679794                   47.067
    1754.093519               60.0021381               30.3679762                   47.078
    1754.293414               60.0021389               30.3679727                   47.047
    1754.493414               60.0021395               30.3679693                   47.049
    1754.693414               60.0021403                30.367966                   47.059
    1754.893414               60.0021412                30.367963                   47.071
    1755.093414               60.0021424               30.3679602                   47.083
    1755.293414               60.0021434               30.3679578                    47.09
    1755.493414               60.0021445               30.3679555                   47.053
    1755.693414               60.0021456               30.3679538                   47.075
    1755.893414               60.0021466               30.3679529                   47.062
    1756.093414               60.0021475               30.3679535                   47.065
    1756.293318               60.0021483               30.3679541                   47.058
    1756.493318               60.0021489               30.3679549                   47.097
    1756.693318               60.0021493               30.3679554                   47.087
    1756.893318               60.0021496               30.3679557                   47.053
    1757.093318                 60.00215               30.3679558                   47.061
    1757.293318               60.0021502               30.3679559                   47.068
    1757.493318               60.0021503               30.3679561                   47.044
    1757.693318               60.0021505               30.3679564                   47.044
    1757.893318               60.0021505               30.3679564                   47.033
    1758.093318               60.0021505               30.3679564                   47.039
    1758.293222               60.0021504               30.3679564                   47.036
    1758.493222               60.0021504               30.3679564                   47.041
    1758.693222               60.0021503               30.3679563                   47.051
    1758.893222               60.0021502               30.3679563                   47.039
    1759.093222               60.0021502               30.3679563                   47.041
    1759.293222               60.0021502               30.3679563                   47.039
    1759.493222               60.0021501               30.3679563                   47.061
    1759.693222               60.0021502               30.3679564                   47.064
    1759.893222               60.0021501               30.3679565                   47.048
    1760.093222               60.0021501               30.3679565                   47.057
    1760.293126               60.0021501               30.3679565                   47.048
    1760.493126               60.0021501               30.3679566                   47.059
    1760.693126               60.0021501               30.3679566                   47.064
    1760.893126                 60.00215               30.3679566                   47.045
    1761.093126                 60.00215               30.3679566                   47.034
    1761.293126                 60.00215               30.3679566                   47.044
    1761.493126                 60.00215               30.3679565                   47.051
    1761.693126               60.0021499               30.3679566                   47.054
    1761.893126                 60.00215               30.3679566                   47.048
    1762.093126                 60.00215               30.3679566                   47.045
    1762.293030               60.0021499               30.3679566                   47.052
    1762.493030                 60.00215               30.3679566                   47.055
    1762.693030                 60.00215               30.3679567                   47.056
    1762.893030                 60.00215               30.3679567                   47.053
    1763.093030                 60.00215               30.3679567                   47.059
    1763.293030                 60.00215               30.3679566                   47.054
    1763.493030                 60.00215               30.3679566                   47.043
    1763.693030                 60.00215               30.3679567                   47.037
    1763.893030                 60.00215               30.3679567                   47.034
    1764.093030                 60.00215               30.3679566                   47.033
    1764.292934                 60.00215               30.3679568                   47.027
    1764.492934                 60.00215               30.3679567                   47.012
    1764.692934                 60.00215               30.3679568                    47.02
    1764.892934                 60.00215               30.3679567                   47.024
    1765.092934                 60.00215               30.3679567                   47.039
    1765.292934                 60.00215               30.3679567                   47.046
    1765.492934                 60.00215               30.3679567                   47.057
    1765.692934                 60.00215               30.3679567                   47.041
    1765.892934                 60.00215               30.3679567                   47.035
    1766.092934               60.0021501               30.3679567                   47.035
    1766.292841               60.0021501               30.3679566                   47.031
    1766.492841               60.0021501               30.3679565                   47.026
    1766.692841               60.0021501               30.3679565                   47.027
    1766.892841               60.0021501               30.3679565                   47.024
    1767.092841               60.0021502               30.3679566                    47.01
    1767.292841               60.0021502               30.3679568                   47.012
    1767.492841               60.0021502               30.3679567                   47.005
    1767.692841               60.0021503               30.3679567                   47.016
    1767.892841               60.0021502               30.3679567                   46.996
    1768.092841               60.0021502               30.3679565                   46.992
    1768.292742               60.0021502               30.3679566                   46.995
    1768.492742               60.0021502               30.3679566                   46.994
    1768.692742               60.0021503               30.3679567                   47.031
    1768.892742               60.0021502               30.3679568                   47.023
    1769.092742               60.0021503                30.367957                   47.045
    1769.292742               60.0021503               30.3679575                   47.028
    1769.492742               60.0021502               30.3679583                   46.991
    1769.692742               60.0021502               30.3679596                   47.024
    1769.892742               60.0021498               30.3679613                   46.978
    1770.092742               60.0021495               30.3679635                   46.999
    1770.292645               60.0021487               30.3679657                   46.976
    1770.492645               60.0021478               30.3679686                   46.969
    1770.692645               60.0021467               30.3679716                   46.999
    1770.892645               60.0021454               30.3679746                   47.014
    1771.092645               60.0021435                30.367977                   46.971
    1771.292645               60.0021413                30.367979                   46.987
    1771.492645               60.0021386               30.3679808                   46.969
    1771.692645               60.0021358               30.3679824                   46.938
    1771.892645               60.0021329               30.3679844                   46.927
    1772.092645               60.0021296               30.3679867                   46.926
    1772.292550               60.0021263               30.3679885                   46.944
    1772.492550                60.002123               30.3679907                   46.931
    1772.692550               60.0021194               30.3679933                   46.924
    1772.892550               60.0021161               30.3679957                   46.932
    1773.092550               60.0021124               30.3679978                   46.913
    1773.292550                60.002109                   30.368                   46.931
    1773.492550               60.0021051               30.3680026                   46.895
    1773.692550               60.0021015               30.3680053                   46.899
    1773.892550               60.0020977               30.3680076                   46.873
    1774.092550               60.0020942               30.3680102                   46.863
    1774.292454               60.0020906               30.3680135                    46.91
    1774.492454                60.002087               30.3680162                    46.93
    1774.692454               60.0020832               30.3680188                   46.942
    1774.892454               60.0020794               30.3680214                   46.924
    1775.092454               60.0020757               30.3680241                   46.862
    1775.292454               60.0020718               30.3680267                   46.851
    1775.492454                60.002068               30.3680292                   46.839
    1775.692454                60.002064               30.3680322                   46.879
    1775.892454               60.0020602               30.3680348                   46.885
    1776.092454               60.0020561               30.3680372                   46.881
    1776.292364               60.0020522                 30.36804                   46.859
    1776.492364               60.0020484               30.3680433                   46.887
    1776.692364               60.0020444               30.3680462                   46.916
    1776.892364               60.0020405               30.3680488                   46.899
    1777.092364               60.0020366               30.3680517                   46.924
    1777.292364               60.0020328               30.3680545                   46.898
    1777.492364               60.0020288               30.3680568                   46.877
    1777.692364               60.0020248               30.3680588                   46.799
    1777.892364               60.0020208               30.3680612                   46.826
    1778.092364               60.0020167               30.3680629                   46.852
    1778.292262               60.0020123               30.3680633                   46.858
    1778.492262               60.0020083               30.3680631                   46.876
    1778.692262               60.0020039               30.3680621                   46.843
    1778.892262               60.0019997               30.3680595                   46.855
    1779.092262               60.0019958               30.3680556                   46.799
    1779.292262               60.0019918               30.3680512                   46.788
    1779.492262               60.0019884                30.368046                   46.772
    1779.692262               60.0019855               30.3680394                   46.794
    1779.892262               60.0019831               30.3680329                   46.777
    1780.092262               60.0019809               30.3680258                   46.799
    1780.292166               60.0019795               30.3680179                   46.806
    1780.492166               60.0019785               30.3680097                   46.821
    1780.692166               60.0019782               30.3680015                   46.837
    1780.892166               60.0019783               30.3679932                   46.834
    1781.092166               60.0019791               30.3679844                   46.844
    1781.292166               60.0019804               30.3679766                   46.816
    1781.492166               60.0019822               30.3679686                   46.818
    1781.692166               60.0019844               30.3679614                   46.813
    1781.892166               60.0019874               30.3679546                   46.821
    1782.092166               60.0019903               30.3679486                   46.792
    1782.292071               60.0019936               30.3679432                   46.817
    1782.492071               60.0019973               30.3679385                   46.853
    1782.692071               60.0020012               30.3679345                    46.87
    1782.892071               60.0020051               30.3679307                   46.874
    1783.092071                60.002009               30.3679276                   46.851
    1783.292071               60.0020133               30.3679251                   46.869
    1783.492071               60.0020175               30.3679227                   46.869
    1783.692071                60.002022               30.3679202                   46.873
    1783.892071               60.0020265               30.3679183                   46.886
    1784.092071                60.002031               30.3679168                   46.889
    1784.291975               60.0020354                30.367915                   46.902
    1784.491975               60.0020397               30.3679132                   46.903
    1784.691975               60.0020443               30.3679118                   46.904
    1784.891975               60.0020486               30.3679099                   46.901
    1785.091975               60.0020529               30.3679079                   46.912
    1785.291975               60.0020574               30.3679064                   46.937
    1785.491975               60.0020619                30.367905                   46.926
    1785.691975               60.0020663                30.367903                   46.979
    1785.891975               60.0020706               30.3679015                    46.97
    1786.091975                60.002075               30.3679004                   46.961
    1786.291880               60.0020792               30.3678991                   46.944
    1786.491880               60.0020831               30.3678972                   46.925
    1786.691880                60.002087               30.3678957                   46.906
    1786.891880               60.0020911               30.3678943                   46.906
    1787.091880                60.002095               30.3678924                   46.953
    1787.291880               60.0020989               30.3678904                   46.919
    1787.491880                60.002103               30.3678888                    46.96
    1787.691880               60.0021068               30.3678868                   46.941
    1787.891880               60.0021091               30.3678856                   47.135
    1788.091880               60.0021125               30.3678832                   47.112
    1788.291785               60.0021162               30.3678808                    47.13
    1788.491785               60.0021194               30.3678781                   47.105
    1788.691785               60.0021226               30.3678751                    47.12
    1788.891785               60.0021259               30.3678727                   47.106
    1789.091785               60.0021291               30.3678706                   47.124
    1789.291785                60.002132               30.3678684                   47.135
    1789.491785               60.0021348               30.3678664                   47.136
    1789.691785               60.0021377               30.3678647                   47.153
    1789.891785               60.0021403               30.3678636                   47.188
    1790.091785               60.0021423               30.3678626                   47.175
    1790.291689               60.0021441               30.3678618                   47.188
    1790.491689               60.0021459               30.3678606                   47.185
    1790.691689               60.0021476               30.3678599                   47.205
    1790.891689               60.0021491               30.3678597                   47.258
    1791.091689               60.0021505               30.3678598                   47.271
    1791.291689               60.0021516               30.3678601                   47.288
    1791.491689               60.0021524               30.3678603                    47.28
    1791.691689               60.0021533               30.3678606                    47.28
    1791.891689               60.0021538               30.3678605                   47.231
    1792.091689               60.0021546               30.3678603                   47.227
    1792.291594               60.0021552               30.3678603                   47.201
    1792.491594               60.0021554               30.3678606                    47.15
    1792.691594               60.0021558               30.3678609                   47.094
    1792.891594                60.002156               30.3678609                   47.061
    1793.091594                60.002156                30.367861                   46.958
    1793.291594                60.002156                30.367861                   46.926
    1793.491594               60.0021561                30.367861                   46.844
    1793.691594               60.0021565               30.3678609                     46.8
    1793.891594               60.0021568               30.3678608                   46.707
    1794.091594               60.0021573               30.3678611                   46.645
    1794.291498               60.0021579               30.3678613                   46.581
    1794.491498               60.0021586               30.3678616                   46.477
    1794.691498               60.0021591                30.367862                   46.304
    1794.891498               60.0021594               30.3678624                   46.198
    1795.091498               60.0021598                30.367863                   46.062
    1795.291498               60.0021599               30.3678634                   45.922
    1795.491498               60.0021599               30.3678637                   45.813
    1795.691498                 60.00216               30.3678639                   45.758
    1795.891498                 60.00216               30.3678637                   45.749
    1796.091498               60.0021601               30.3678636                   45.735
    1796.291402                 60.00216               30.3678634                   45.729
    1796.491402                 60.00216               30.3678634                   45.711
    1796.691402                 60.00216               30.3678634                    45.72
    1796.891402               60.0021599               30.3678634                   45.715
    1797.091402               60.0021599               30.3678634                   45.721
    1797.291402               60.0021599               30.3678634                   45.724
    1797.491402               60.0021599               30.3678633                    45.72
    1797.691402               60.0021599               30.3678634                    45.72
    1797.891402                 60.00216               30.3678633                   45.727
    1798.091402                 60.00216               30.3678634                   45.721
    1798.291307               60.0021599               30.3678634                   45.721
    1798.491307                 60.00216               30.3678633                   45.728
    1798.691307                 60.00216               30.3678634                   45.727
    1798.891307               60.0021599               30.3678634                   45.732
    1799.091307                 60.00216               30.3678633                   45.718
    1799.291307                 60.00216               30.3678634                   45.721
    1799.491307                 60.00216               30.3678633                   45.719
    1799.691307                 60.00216               30.3678634                   45.719
