       ВРЕМЯ, С              NP_LATITUDE             NP_LONGITUDE              NP_ALTITUDE
     906.308488               60.0028391               30.3637893                   60.458
     906.508488               60.0028393               30.3637896                   60.387
     906.708488               60.0028392               30.3637896                   60.388
     906.908488               60.0028393               30.3637895                    60.38
     907.108488               60.0028393               30.3637897                   60.389
     907.308488                60.002839               30.3637893                   60.444
     907.508488               60.0028389               30.3637893                    60.46
     907.708488               60.0028393                 30.36379                   60.387
     907.908488               60.0028401               30.3637911                    60.24
     908.108488               60.0028405               30.3637913                   60.078
     908.308394                60.002841               30.3637913                   60.031
     908.508394               60.0028414               30.3637907                   60.051
     908.708394               60.0028418                30.363789                   60.161
     908.908394               60.0028425               30.3637869                   60.323
     909.108394               60.0028431               30.3637845                   60.479
     909.308394               60.0028442               30.3637826                   60.532
     909.508394               60.0028457               30.3637804                   60.651
     909.708394                60.002846               30.3637768                    61.07
     909.908394               60.0028485               30.3637747                   60.938
     910.108394                60.002851               30.3637735                   60.721
     910.308299               60.0028529               30.3637717                   60.708
     910.508299               60.0028553               30.3637699                   60.673
     910.708299               60.0028576               30.3637675                   60.667
     910.908299               60.0028599               30.3637652                   60.606
     911.108299               60.0028621               30.3637629                   60.557
     911.308299               60.0028643               30.3637603                   60.594
     911.508299                60.002867               30.3637581                   60.571
     911.708299               60.0028698               30.3637565                   60.581
     911.908299               60.0028725                30.363754                   60.562
     912.108299               60.0028747               30.3637512                   60.555
     912.308205                60.002877               30.3637482                   60.561
     912.508205               60.0028793               30.3637461                   60.518
     912.708205               60.0028815               30.3637436                   60.461
     912.908205               60.0028833                30.363741                   60.484
     913.108205               60.0028855               30.3637382                    60.47
     913.308205               60.0028876               30.3637356                    60.46
     913.508205               60.0028893               30.3637325                   60.575
     913.708205               60.0028913               30.3637295                   60.635
     913.908205               60.0028938               30.3637268                   60.743
     914.108205               60.0028962               30.3637244                    60.62
     914.308111               60.0028985               30.3637217                   60.594
     914.508111               60.0029008               30.3637189                   60.581
     914.708111               60.0029034               30.3637169                   60.517
     914.908111               60.0029057                30.363714                   60.553
     915.108111                60.002908               30.3637113                   60.456
     915.308111               60.0029102               30.3637082                   60.504
     915.508111                60.002913               30.3637078                   60.155
     915.708111               60.0029157               30.3637053                   60.113
     915.908111               60.0029183               30.3637021                   60.153
     916.108111               60.0029203               30.3636992                   60.119
     916.308017               60.0029223               30.3636964                   60.123
     916.508017               60.0029245               30.3636939                   60.133
     916.708017                60.002927               30.3636915                   60.038
     916.908017               60.0029293               30.3636891                   60.111
     917.108017               60.0029317               30.3636863                   60.032
     917.308017               60.0029339               30.3636832                   59.993
     917.508017               60.0029366               30.3636815                   59.911
     917.708017                60.002939               30.3636793                   59.839
     917.908017               60.0029414               30.3636763                   59.858
     918.108017               60.0029436               30.3636734                   59.813
     918.307923                60.002946               30.3636709                   59.744
     918.507923               60.0029482               30.3636681                   59.809
     918.707923               60.0029504               30.3636653                   59.827
     918.907923               60.0029527               30.3636625                   59.848
     919.107923               60.0029549               30.3636595                   59.867
     919.307923                60.002957               30.3636565                   59.846
     919.507923               60.0029591               30.3636536                   59.886
     919.707923               60.0029613               30.3636507                   59.844
     919.907923               60.0029636               30.3636481                   59.866
     920.107923               60.0029658               30.3636449                   59.881
     920.307830                60.002968               30.3636419                   59.869
     920.507830               60.0029702                30.363639                   59.885
     920.707830               60.0029727               30.3636362                   59.887
     920.907830               60.0029751               30.3636334                   59.901
     921.107830               60.0029773               30.3636308                   59.893
     921.307830               60.0029794               30.3636282                   59.855
     921.507830               60.0029815               30.3636252                   59.871
     921.707830               60.0029841               30.3636233                   59.871
     921.907830               60.0029865               30.3636209                   59.859
     922.107830               60.0029887               30.3636183                    59.83
     922.307735               60.0029908               30.3636156                   59.783
     922.507735               60.0029932               30.3636131                    59.76
     922.707735               60.0029957               30.3636108                   59.761
     922.907735               60.0029982               30.3636088                   59.745
     923.107735               60.0030001               30.3636064                    59.72
     923.307735                60.003002               30.3636035                    59.65
     923.507735               60.0030038               30.3636009                   59.688
     923.707735               60.0030062               30.3635987                    59.69
     923.907735                60.003009               30.3635974                   59.621
     924.107735               60.0030113               30.3635945                   59.632
     924.307641               60.0030131               30.3635912                   59.624
     924.507641               60.0030141               30.3635867                   59.679
     924.707641               60.0030153               30.3635836                   59.722
     924.907641               60.0030168               30.3635811                   59.724
     925.107641               60.0030188               30.3635795                   59.747
     925.307641                60.003021               30.3635768                   59.735
     925.507641               60.0030232               30.3635745                   59.711
     925.707641               60.0030254               30.3635723                   59.753
     925.907641               60.0030275               30.3635706                   59.739
     926.107641               60.0030293               30.3635685                   59.723
     926.307547               60.0030306               30.3635676                    59.71
     926.507547               60.0030324               30.3635655                   59.634
     926.707547                60.003034               30.3635649                   59.658
     926.907547               60.0030355               30.3635659                   59.625
     927.107547               60.0030371               30.3635671                   59.546
     927.307547               60.0030388               30.3635694                   59.553
     927.507547               60.0030403               30.3635722                    59.52
     927.707547                60.003042                30.363576                   59.583
     927.907547               60.0030437               30.3635801                   59.612
     928.107547                60.003045               30.3635848                   59.587
     928.307453               60.0030466               30.3635896                   59.623
     928.507453               60.0030483               30.3635944                   59.636
     928.707453               60.0030499                30.363599                   59.615
     928.907453               60.0030514                30.363603                    59.62
     929.107453               60.0030528               30.3636079                   59.574
     929.307453               60.0030541               30.3636122                   59.566
     929.507453               60.0030556               30.3636168                   59.523
     929.707453               60.0030573               30.3636219                   59.566
     929.907453               60.0030584               30.3636261                   59.558
     930.107453                 60.00306                30.363631                   59.523
     930.307359               60.0030613               30.3636356                    59.59
     930.507359               60.0030628               30.3636405                   59.557
     930.707359               60.0030643               30.3636465                   59.467
     930.907359               60.0030658               30.3636509                   59.479
     931.107359               60.0030671               30.3636567                   59.415
     931.307359               60.0030687               30.3636613                   59.423
     931.507359               60.0030702               30.3636662                   59.371
     931.707359                60.003072               30.3636713                    59.37
     931.907359               60.0030735               30.3636763                   59.406
     932.107359               60.0030749               30.3636803                   59.316
     932.307265               60.0030764               30.3636854                   59.308
     932.507265               60.0030779               30.3636892                   59.284
     932.707265               60.0030792               30.3636931                   59.208
     932.907265               60.0030808               30.3636957                   59.327
     933.107265               60.0030819               30.3636981                   59.376
     933.307265               60.0030832               30.3637015                   59.457
     933.507265               60.0030845               30.3637062                   59.384
     933.707265               60.0030857               30.3637119                   59.358
     933.907265               60.0030873               30.3637171                   59.352
     934.107265               60.0030887                30.363722                   59.306
     934.307171               60.0030901               30.3637275                   59.288
     934.507171               60.0030914               30.3637323                   59.288
     934.707171               60.0030929               30.3637379                   59.207
     934.907171               60.0030945               30.3637424                   59.212
     935.107171               60.0030955               30.3637473                   59.175
     935.307171               60.0030966               30.3637521                   59.174
     935.507171               60.0030975               30.3637561                   59.203
     935.707171               60.0030991               30.3637599                    59.18
     935.907171                  60.0031               30.3637637                   59.179
     936.107171               60.0031008               30.3637668                   59.169
     936.307084               60.0031011               30.3637699                   59.108
     936.507084                60.003101               30.3637734                    59.11
     936.707084               60.0031007               30.3637771                   59.076
     936.907084               60.0031001               30.3637794                   59.083
     937.107084                60.003099               30.3637816                   59.093
     937.307084               60.0030975               30.3637837                   59.096
     937.507084               60.0030956               30.3637868                   59.185
     937.707084               60.0030932               30.3637904                   59.122
     937.907084               60.0030906               30.3637941                   59.085
     938.107084               60.0030884               30.3637973                   59.093
     938.306982                60.003086               30.3638005                   59.033
     938.506982               60.0030834               30.3638031                   59.057
     938.706982               60.0030805               30.3638065                    58.97
     938.906982                60.003078               30.3638102                   58.909
     939.106982               60.0030758               30.3638132                   58.941
     939.306982               60.0030734               30.3638166                   58.825
     939.506982               60.0030711               30.3638197                   58.866
     939.706982               60.0030685               30.3638237                    58.74
     939.906982                60.003066               30.3638277                   58.649
     940.106982               60.0030641               30.3638304                   58.633
     940.306893               60.0030616               30.3638334                    58.57
     940.506893               60.0030591               30.3638362                   58.572
     940.706893               60.0030568                30.363839                   58.539
     940.906893               60.0030545               30.3638422                   58.476
     941.106893               60.0030524               30.3638454                   58.499
     941.306893               60.0030501               30.3638485                   58.432
     941.506893               60.0030475               30.3638515                   58.454
     941.706893               60.0030458                30.363855                   58.442
     941.906893               60.0030439               30.3638588                   58.383
     942.106893                60.003042                30.363862                   58.424
     942.306794               60.0030397               30.3638643                    58.38
     942.506794               60.0030375               30.3638672                   58.351
     942.706794               60.0030353                 30.36387                    58.34
     942.906794               60.0030332               30.3638733                   58.285
     943.106794               60.0030311                30.363876                   58.319
     943.306794               60.0030289               30.3638785                   58.266
     943.506794               60.0030265               30.3638814                   58.305
     943.706794               60.0030243               30.3638844                   58.303
     943.906794               60.0030221               30.3638878                   58.292
     944.106794                 60.00302               30.3638908                   58.319
     944.306700               60.0030179               30.3638933                   58.253
     944.506700               60.0030155               30.3638964                   58.273
     944.706700               60.0030132               30.3638995                    58.27
     944.906700                60.003011               30.3639026                   58.239
     945.106700                60.003009               30.3639058                   58.232
     945.306700               60.0030066               30.3639081                   58.222
     945.506700               60.0030041               30.3639109                   58.229
     945.706700               60.0030019                30.363914                   58.283
     945.906700               60.0029994               30.3639175                   58.252
     946.106700               60.0029973               30.3639206                   58.305
     946.306606               60.0029949                30.363923                   58.264
     946.506606               60.0029924                30.363926                   58.307
     946.706606               60.0029902               30.3639293                   58.282
     946.906606               60.0029881               30.3639326                   58.271
     947.106606               60.0029861                30.363936                   58.247
     947.306606               60.0029838               30.3639386                   58.181
     947.506606               60.0029814               30.3639416                   58.215
     947.706606               60.0029792               30.3639448                   58.241
     947.906606               60.0029773               30.3639482                   58.087
     948.106606                60.002975               30.3639517                   58.145
     948.306512               60.0029728               30.3639539                   58.151
     948.506512               60.0029704               30.3639569                   58.158
     948.706512               60.0029679               30.3639597                   58.281
     948.906512               60.0029653               30.3639622                   58.388
     949.106512               60.0029629               30.3639645                   58.474
     949.306512               60.0029607                30.363967                    58.49
     949.506512               60.0029588               30.3639703                   58.489
     949.706512               60.0029567               30.3639729                   58.546
     949.906512               60.0029543               30.3639759                   58.543
     950.106512               60.0029521               30.3639793                   58.589
     950.306418               60.0029496               30.3639818                   58.576
     950.506418               60.0029474               30.3639848                   58.582
     950.706418               60.0029452               30.3639876                   58.636
     950.906418               60.0029435               30.3639914                   58.633
     951.106418               60.0029414               30.3639945                    58.63
     951.306418               60.0029391               30.3639968                    58.63
     951.506418               60.0029372               30.3639991                   58.597
     951.706418               60.0029349               30.3640018                    58.65
     951.906418               60.0029327               30.3640055                   58.615
     952.106418               60.0029306               30.3640073                   58.641
     952.306324               60.0029285               30.3640102                   58.626
     952.506324               60.0029265               30.3640131                   58.637
     952.706324               60.0029242               30.3640157                   58.665
     952.906324               60.0029222               30.3640186                   58.612
     953.106324               60.0029203               30.3640225                   58.646
     953.306324               60.0029182               30.3640253                   58.608
     953.506324                60.002916               30.3640278                   58.623
     953.706324               60.0029137                30.364031                   58.662
     953.906324               60.0029114                30.364034                   58.635
     954.106324               60.0029091               30.3640369                   58.678
     954.306230               60.0029069               30.3640396                   58.688
     954.506230               60.0029042               30.3640427                   58.703
     954.706230               60.0029013               30.3640457                   58.885
     954.906230               60.0028995               30.3640489                   58.818
     955.106230               60.0028974               30.3640523                   58.838
     955.306230               60.0028952               30.3640549                   58.829
     955.506230                60.002893               30.3640578                   58.811
     955.706230               60.0028909               30.3640612                   58.842
     955.906230               60.0028889               30.3640649                   58.658
     956.106230                60.002887               30.3640679                    58.72
     956.306136                60.002885               30.3640706                   58.731
     956.506136                60.002883               30.3640731                   58.665
     956.706136               60.0028808                30.364075                   58.736
     956.906136               60.0028789               30.3640771                   58.752
     957.106136               60.0028769               30.3640792                   58.739
     957.306136               60.0028738               30.3640807                    58.69
     957.506136                60.002872                30.364081                    58.64
     957.706136               60.0028701               30.3640808                   58.627
     957.906136               60.0028678               30.3640806                     58.7
     958.106136                60.002866               30.3640798                    58.67
     958.306044               60.0028644               30.3640775                    58.68
     958.506044               60.0028629               30.3640745                   58.717
     958.706044               60.0028612               30.3640714                   58.717
     958.906044               60.0028599               30.3640678                    58.69
     959.106044                60.002858                30.364064                   58.671
     959.306044               60.0028566               30.3640595                   58.691
     959.506044               60.0028552               30.3640552                   58.667
     959.706044                60.002854               30.3640503                   58.653
     959.906044               60.0028523               30.3640456                   58.658
     960.106044                60.002851               30.3640416                   58.547
     960.305948               60.0028494               30.3640371                   58.588
     960.505948               60.0028488               30.3640326                   58.519
     960.705948               60.0028474               30.3640282                   58.527
     960.905948               60.0028462               30.3640236                   58.513
     961.105948               60.0028449               30.3640192                   58.447
     961.305948               60.0028438               30.3640149                   58.522
     961.505948               60.0028427               30.3640103                   58.465
     961.705948               60.0028417               30.3640051                   58.511
     961.905948               60.0028405               30.3640004                   58.484
     962.105948               60.0028391                30.363996                   58.502
     962.305854                60.002838               30.3639916                   58.617
     962.505854               60.0028371               30.3639868                   58.601
     962.705854               60.0028358               30.3639822                   58.655
     962.905854               60.0028344               30.3639781                    58.66
     963.105854               60.0028327               30.3639742                   58.665
     963.305854               60.0028315               30.3639707                   58.644
     963.505854               60.0028301               30.3639664                   58.593
     963.705854               60.0028287               30.3639621                   58.638
     963.905854               60.0028271               30.3639578                   58.647
     964.105854               60.0028254               30.3639539                   58.636
     964.305760               60.0028242               30.3639502                   58.639
     964.505760               60.0028229               30.3639462                   58.642
     964.705760               60.0028215               30.3639414                   58.695
     964.905760               60.0028201               30.3639366                   58.637
     965.105760                60.002819               30.3639319                   58.645
     965.305760               60.0028173               30.3639276                   58.646
     965.505760               60.0028168               30.3639223                   58.648
     965.705760               60.0028152               30.3639191                   58.652
     965.905760               60.0028129               30.3639146                   58.635
     966.105760               60.0028112               30.3639102                   58.729
     966.305666               60.0028099               30.3639064                   58.771
     966.505666               60.0028091               30.3639018                    58.78
     966.705666               60.0028082               30.3638977                   58.753
     966.905666               60.0028068               30.3638927                   58.767
     967.105666               60.0028058               30.3638887                   58.858
     967.305666               60.0028052               30.3638845                   58.783
     967.505666               60.0028046               30.3638804                   58.779
     967.705666               60.0028048               30.3638767                   58.785
     967.905666                60.002805               30.3638729                     58.8
     968.105666               60.0028054               30.3638691                   58.754
     968.305579               60.0028061               30.3638652                   58.773
     968.505579               60.0028073               30.3638616                   58.787
     968.705579               60.0028088               30.3638585                   58.813
     968.905579               60.0028103               30.3638548                    58.87
     969.105579                60.002812               30.3638515                   58.843
     969.305579               60.0028137               30.3638488                     58.9
     969.505579               60.0028154               30.3638459                   58.917
     969.705579               60.0028175               30.3638433                   58.936
     969.905579                 60.00282               30.3638409                    58.95
     970.105579               60.0028215               30.3638378                   58.996
     970.305478               60.0028231                30.363835                    59.11
     970.505478               60.0028249               30.3638325                   59.198
     970.705478               60.0028273               30.3638303                   59.137
     970.905478               60.0028294               30.3638279                   59.231
     971.105478               60.0028315               30.3638251                   59.232
     971.305478               60.0028338               30.3638226                   59.202
     971.505478               60.0028358                 30.36382                   59.245
     971.705478               60.0028382               30.3638178                   59.213
     971.905478               60.0028404               30.3638152                   59.225
     972.105478               60.0028426               30.3638124                    59.19
     972.305384               60.0028446               30.3638093                   59.182
     972.505384               60.0028467               30.3638066                   59.186
     972.705384               60.0028487               30.3638037                   59.152
     972.905384               60.0028505               30.3638008                   59.252
     973.105384               60.0028525               30.3637977                   59.282
     973.305384               60.0028546               30.3637949                   59.291
     973.505384               60.0028564               30.3637919                   59.323
     973.705384               60.0028586               30.3637896                   59.247
     973.905384               60.0028608               30.3637867                   59.289
     974.105384               60.0028631               30.3637839                   59.266
     974.305290               60.0028651               30.3637809                    59.28
     974.505290               60.0028672               30.3637784                   59.286
     974.705290               60.0028694                30.363776                   59.245
     974.905290               60.0028718               30.3637738                   59.267
     975.105290               60.0028742               30.3637708                   59.304
     975.305290               60.0028762               30.3637683                   59.321
     975.505290               60.0028785               30.3637653                    59.34
     975.705290               60.0028809               30.3637629                   59.313
     975.905290               60.0028832               30.3637602                   59.345
     976.105290               60.0028855               30.3637577                    59.35
     976.305196               60.0028877               30.3637549                   59.336
     976.505196               60.0028898               30.3637523                   59.364
     976.705196               60.0028921               30.3637496                   59.347
     976.905196               60.0028947               30.3637473                   59.311
     977.105196               60.0028968               30.3637442                   59.347
     977.305196               60.0028989               30.3637413                   59.367
     977.505196               60.0029009               30.3637385                   59.437
     977.705196                60.002903                30.363736                   59.424
     977.905196               60.0029052               30.3637335                   59.438
     978.105196               60.0029074               30.3637307                   59.453
     978.305121               60.0029097               30.3637274                   59.433
     978.505121               60.0029117               30.3637254                   59.489
     978.705121               60.0029141                30.363723                     59.5
     978.905121               60.0029165               30.3637206                     59.5
     979.105121               60.0029189               30.3637177                   59.512
     979.305121               60.0029212               30.3637149                   59.496
     979.505121               60.0029234               30.3637119                   59.502
     979.705121               60.0029259                 30.36371                    59.49
     979.905121               60.0029283               30.3637073                   59.508
     980.105121               60.0029307                30.363705                   59.483
     980.305008               60.0029326               30.3637024                   59.495
     980.505008                60.002935               30.3636998                   59.611
     980.705008               60.0029373               30.3636976                   59.529
     980.905008               60.0029398               30.3636949                   59.555
     981.105008               60.0029415               30.3636919                   59.582
     981.305008               60.0029438               30.3636895                   59.572
     981.505008                60.002946                30.363686                   59.611
     981.705008               60.0029481               30.3636838                   59.592
     981.905008               60.0029505                30.363681                     59.6
     982.105008               60.0029529               30.3636777                   59.615
     982.304914               60.0029553               30.3636747                    59.59
     982.504914               60.0029573               30.3636716                   59.645
     982.704914               60.0029594               30.3636687                   59.637
     982.904914               60.0029619               30.3636657                   59.619
     983.104914               60.0029646               30.3636625                   59.588
     983.304914               60.0029674               30.3636598                   59.501
     983.504914               60.0029694               30.3636572                   59.517
     983.704914                60.002972               30.3636545                   59.498
     983.904914               60.0029744               30.3636511                   59.507
     984.104914               60.0029768                30.363648                   59.503
     984.304820                60.002979               30.3636453                   59.461
     984.504820               60.0029813               30.3636425                   59.521
     984.704820               60.0029835               30.3636399                   59.489
     984.904820               60.0029858               30.3636373                   59.517
     985.104820               60.0029882               30.3636344                   59.495
     985.304820               60.0029904                30.363631                   59.446
     985.504820               60.0029926               30.3636284                   59.481
     985.704820               60.0029945               30.3636255                   59.484
     985.904820               60.0029968               30.3636228                   59.474
     986.104820               60.0029989               30.3636199                   59.493
     986.304726               60.0030013                30.363617                   59.422
     986.504726               60.0030035               30.3636143                   59.458
     986.704726               60.0030056               30.3636118                   59.421
     986.904726               60.0030079                30.363609                   59.474
     987.104726                 60.00301                30.363606                    59.44
     987.304726               60.0030122                30.363603                   59.415
     987.504726               60.0030143                  30.3636                   59.457
     987.704726               60.0030163               30.3635972                   59.403
     987.904726               60.0030186               30.3635945                   59.407
     988.104726               60.0030206               30.3635913                   59.399
     988.304632               60.0030222               30.3635884                   59.389
     988.504632               60.0030241               30.3635858                   59.388
     988.704632               60.0030259               30.3635845                   59.415
     988.904632               60.0030276               30.3635829                   59.395
     989.104632               60.0030295               30.3635824                   59.425
     989.304632               60.0030313               30.3635819                   59.362
     989.504632               60.0030329                30.363582                   59.348
     989.704632               60.0030346               30.3635835                   59.355
     989.904632               60.0030361               30.3635861                   59.341
     990.104632               60.0030374               30.3635893                   59.335
     990.304540               60.0030389               30.3635931                   59.288
     990.504540               60.0030405                30.363597                   59.223
     990.704540               60.0030419               30.3636013                   59.255
     990.904540               60.0030431               30.3636057                   59.227
     991.104540               60.0030446               30.3636103                   59.274
     991.304540               60.0030462               30.3636148                   59.185
     991.504540               60.0030477                30.363619                   59.164
     991.704540               60.0030491               30.3636232                   59.186
     991.904540               60.0030505                30.363628                    59.16
     992.104540               60.0030518               30.3636326                    59.23
     992.304446               60.0030533               30.3636372                   59.197
     992.504446               60.0030546               30.3636416                    59.19
     992.704446                60.003056               30.3636458                    59.21
     992.904446               60.0030572               30.3636503                   59.192
     993.104446               60.0030586                30.363655                     59.2
     993.304446               60.0030601               30.3636594                   59.176
     993.504446               60.0030614               30.3636635                   59.175
     993.704446               60.0030627               30.3636678                   59.194
     993.904446               60.0030639               30.3636725                   59.163
     994.104446               60.0030651               30.3636773                   59.167
     994.304350               60.0030664               30.3636821                   59.136
     994.504350                60.003068               30.3636864                   59.161
     994.704350               60.0030693               30.3636909                   59.168
     994.904350               60.0030706               30.3636955                   59.142
     995.104350               60.0030721               30.3637001                   59.162
     995.304350               60.0030734               30.3637046                   59.098
     995.504350               60.0030747               30.3637091                   59.085
     995.704350               60.0030762               30.3637133                   59.054
     995.904350               60.0030778               30.3637177                   59.092
     996.104350                60.003079               30.3637226                   59.128
     996.304256               60.0030806               30.3637271                   59.133
     996.504256               60.0030823               30.3637312                   59.175
     996.704256               60.0030835               30.3637354                   59.192
     996.904256               60.0030848               30.3637398                   59.187
     997.104256               60.0030863               30.3637439                   59.244
     997.304256               60.0030877               30.3637483                   59.217
     997.504256               60.0030892               30.3637518                   59.205
     997.704256               60.0030906               30.3637553                   59.217
     997.904256               60.0030918               30.3637591                   59.244
     998.104256               60.0030929               30.3637631                   59.248
     998.304162                60.003094                30.363767                    59.26
     998.504162               60.0030949               30.3637704                   59.252
     998.704162               60.0030955               30.3637735                   59.281
     998.904162               60.0030954               30.3637768                   59.267
     999.104162               60.0030951                 30.36378                   59.278
     999.304162               60.0030945                30.363783                   59.285
     999.504162               60.0030934                30.363786                   59.255
     999.704162               60.0030922               30.3637891                   59.278
     999.904162               60.0030906               30.3637916                   59.254
    1000.104162               60.0030884               30.3637941                   59.222
    1000.304070               60.0030864               30.3637963                   59.243
    1000.504070               60.0030843               30.3637992                   59.207
    1000.704070               60.0030821                30.363802                   59.205
    1000.904070               60.0030797               30.3638046                   59.169
    1001.104070               60.0030773                30.363807                   59.194
    1001.304070               60.0030749               30.3638097                     59.2
    1001.504070               60.0030726               30.3638132                   59.199
    1001.704070               60.0030705               30.3638157                   59.242
    1001.904070               60.0030687                30.363818                   59.238
    1002.104070               60.0030663               30.3638204                   59.241
    1002.303976               60.0030639               30.3638235                   59.234
    1002.503976               60.0030616               30.3638269                    59.21
    1002.703976               60.0030593               30.3638296                   59.245
    1002.903976               60.0030569               30.3638323                   59.234
    1003.103976               60.0030548               30.3638349                   59.279
    1003.303976               60.0030526               30.3638378                   59.312
    1003.503976               60.0030505               30.3638417                   59.285
    1003.703976               60.0030486               30.3638448                   59.309
    1003.903976               60.0030465               30.3638481                   59.275
    1004.103976               60.0030444               30.3638509                   59.277
    1004.303880               60.0030421                30.363854                   59.259
    1004.503880               60.0030398               30.3638575                   59.062
    1004.703880               60.0030377               30.3638609                    59.04
    1004.903880               60.0030354               30.3638636                   59.027
    1005.103880               60.0030333               30.3638665                   59.055
    1005.303880                60.003031               30.3638692                   59.147
    1005.503880               60.0030288               30.3638722                   59.177
    1005.703880               60.0030268               30.3638755                   59.222
    1005.903880               60.0030247               30.3638786                   59.244
    1006.103880               60.0030219               30.3638809                   59.301
    1006.303785               60.0030194               30.3638834                   59.378
    1006.503785                60.003017               30.3638874                   59.389
    1006.703785               60.0030152               30.3638899                   59.429
    1006.903785               60.0030128               30.3638933                   59.392
    1007.103785               60.0030107               30.3638964                    59.37
    1007.303785               60.0030089               30.3638994                     59.4
    1007.503785               60.0030067               30.3639028                   59.388
    1007.703785                60.003005               30.3639054                     59.4
    1007.903785               60.0030029               30.3639084                   59.395
    1008.103785               60.0030005               30.3639115                   59.334
    1008.303691               60.0029982               30.3639142                   59.339
    1008.503691                60.002996                30.363917                   59.349
    1008.703691               60.0029939                 30.36392                   59.357
    1008.903691               60.0029916                30.363923                   59.349
    1009.103691               60.0029893                30.363926                   59.347
    1009.303691               60.0029873               30.3639285                   59.396
    1009.503691               60.0029855               30.3639318                   59.375
    1009.703691               60.0029835               30.3639355                   59.378
    1009.903691               60.0029814               30.3639385                   59.407
    1010.103691               60.0029793               30.3639415                   59.401
    1010.303597               60.0029772                30.363944                   59.444
    1010.503597               60.0029751               30.3639472                    59.43
    1010.703597               60.0029728               30.3639502                   59.436
    1010.903597               60.0029705               30.3639527                   59.483
    1011.103597                60.002968               30.3639554                   59.484
    1011.303597               60.0029657               30.3639581                   59.559
    1011.503597               60.0029636               30.3639615                   59.517
    1011.703597               60.0029616               30.3639649                   59.524
    1011.903597               60.0029596               30.3639681                   59.547
    1012.103597               60.0029574               30.3639712                   59.498
    1012.303503                60.002955               30.3639742                   59.542
    1012.503503               60.0029529               30.3639773                   59.545
    1012.703503               60.0029509               30.3639808                    59.53
    1012.903503               60.0029489               30.3639839                   59.535
    1013.103503               60.0029466               30.3639871                   59.461
    1013.303503               60.0029444               30.3639901                   59.483
    1013.503503               60.0029424               30.3639932                   59.449
    1013.703503               60.0029404               30.3639966                    59.43
    1013.903503               60.0029382                   30.364                   59.431
    1014.103503               60.0029358               30.3640027                   59.371
    1014.303409               60.0029333               30.3640058                   59.394
    1014.503409               60.0029308               30.3640088                   59.393
    1014.703409               60.0029287               30.3640121                   59.334
    1014.903409               60.0029265               30.3640149                    59.36
    1015.103409               60.0029242               30.3640173                   59.296
    1015.303409               60.0029218               30.3640202                   59.318
    1015.503409               60.0029195                30.364023                   59.345
    1015.703409               60.0029171               30.3640267                   59.294
    1015.903409               60.0029149               30.3640294                   59.302
    1016.103409               60.0029125               30.3640321                   59.303
    1016.303324               60.0029102               30.3640352                   59.344
    1016.503324               60.0029082                30.364038                   59.322
    1016.703324               60.0029061               30.3640413                   59.336
    1016.903324                60.002904               30.3640445                   59.361
    1017.103324               60.0029018               30.3640474                   59.326
    1017.303324               60.0028992                 30.36405                   59.399
    1017.503324               60.0028969               30.3640531                   59.386
    1017.703324               60.0028951               30.3640565                   59.366
    1017.903324               60.0028927               30.3640589                   59.424
    1018.103324               60.0028904               30.3640616                   59.406
    1018.303221               60.0028879               30.3640649                   59.441
    1018.503221                60.002886                30.364068                   59.464
    1018.703221               60.0028837               30.3640713                    59.47
    1018.903221               60.0028814               30.3640747                   59.456
    1019.103221               60.0028793               30.3640759                   59.542
    1019.303221               60.0028772               30.3640787                   59.676
    1019.503221               60.0028754               30.3640811                    59.67
    1019.703221               60.0028736               30.3640829                   59.624
    1019.903221               60.0028712               30.3640844                   59.761
    1020.103221               60.0028692               30.3640855                   59.682
    1020.303131               60.0028675               30.3640855                   59.735
    1020.503131               60.0028656               30.3640851                   59.864
    1020.703131               60.0028638               30.3640835                   59.864
    1020.903131               60.0028624               30.3640807                   59.979
    1021.103131               60.0028612               30.3640778                   59.881
    1021.303131               60.0028599               30.3640741                   59.897
    1021.503131               60.0028587               30.3640701                   59.893
    1021.703131               60.0028573               30.3640662                   59.906
    1021.903131               60.0028562               30.3640617                   59.897
    1022.103131               60.0028551               30.3640567                   59.845
    1022.303033               60.0028539               30.3640522                   59.862
    1022.503033               60.0028525               30.3640481                   59.818
    1022.703033                60.002851               30.3640438                   59.886
    1022.903033               60.0028497               30.3640397                   59.906
    1023.103033               60.0028484                30.364035                   59.857
    1023.303033               60.0028472               30.3640301                   59.911
    1023.503033               60.0028458               30.3640253                   59.883
    1023.703033               60.0028444                30.364021                   59.839
    1023.903033               60.0028428               30.3640167                   59.885
    1024.103033               60.0028422               30.3640113                   59.802
    1024.302939               60.0028409               30.3640064                   59.875
    1024.502939               60.0028401               30.3640009                   59.848
    1024.702939               60.0028388               30.3639957                   59.796
    1024.902939               60.0028371               30.3639914                   59.786
    1025.102939               60.0028363                30.363987                   59.639
    1025.302939               60.0028346               30.3639814                   59.926
    1025.502939               60.0028334               30.3639766                   59.878
    1025.702939               60.0028321               30.3639711                   60.022
    1025.902939               60.0028305               30.3639666                   60.001
    1026.102939               60.0028292               30.3639618                   59.932
    1026.302845               60.0028276               30.3639571                   59.967
    1026.502845               60.0028262               30.3639521                   59.939
    1026.702845               60.0028245               30.3639479                   59.961
    1026.902845               60.0028228               30.3639433                   59.953
    1027.102845               60.0028215               30.3639386                   59.922
    1027.302845                 60.00282               30.3639339                   59.951
    1027.502845               60.0028188               30.3639299                   59.912
    1027.702845               60.0028166               30.3639255                   59.879
    1027.902845               60.0028151                30.363921                   59.957
    1028.102845               60.0028144               30.3639153                    59.94
    1028.302751                60.002813               30.3639104                   60.104
    1028.502751               60.0028118               30.3639058                   60.106
    1028.702751               60.0028103               30.3639015                   60.064
    1028.902751               60.0028088                30.363897                   60.116
    1029.102751                60.002808               30.3638922                   60.165
    1029.302751               60.0028063               30.3638887                   60.163
    1029.502751               60.0028044               30.3638838                   60.253
    1029.702751               60.0028031               30.3638803                   60.294
    1029.902751               60.0028014               30.3638765                    60.37
    1030.102751               60.0028017               30.3638731                   60.129
    1030.302657               60.0028017               30.3638693                   60.281
    1030.502657               60.0028018               30.3638657                   60.227
    1030.702657               60.0028022               30.3638617                   60.259
    1030.902657               60.0028028                30.363858                   60.269
    1031.102657               60.0028038               30.3638546                   60.289
    1031.302657               60.0028051               30.3638516                   60.177
    1031.502657               60.0028068               30.3638482                   60.235
    1031.702657               60.0028082               30.3638452                   60.231
    1031.902657                 60.00281               30.3638418                   60.226
    1032.102657               60.0028116               30.3638388                   60.283
    1032.302563               60.0028137               30.3638369                   60.276
    1032.502563               60.0028154               30.3638345                   60.293
    1032.702563               60.0028173               30.3638325                   60.338
    1032.902563               60.0028192               30.3638299                   60.241
    1033.102563               60.0028208               30.3638275                   60.265
    1033.302563               60.0028224               30.3638262                    60.27
    1033.502563               60.0028244                30.363825                   60.224
    1033.702563               60.0028262               30.3638237                   60.229
    1033.902563               60.0028281               30.3638224                   60.246
    1034.102563               60.0028297                 30.36382                   60.232
    1034.302469               60.0028311               30.3638172                   60.223
    1034.502469               60.0028328               30.3638152                   60.193
    1034.702469                60.002835               30.3638127                   60.098
    1034.902469               60.0028364               30.3638095                   60.231
    1035.102469               60.0028383               30.3638063                   60.398
    1035.302469               60.0028398               30.3638035                   60.371
    1035.502469               60.0028415                30.363801                   60.435
    1035.702469               60.0028422               30.3637982                   60.621
    1035.902469               60.0028438               30.3637968                   60.597
    1036.102469                60.002846               30.3637947                   60.512
    1036.302375               60.0028472               30.3637942                   60.477
    1036.502375               60.0028488               30.3637931                    60.45
    1036.702375               60.0028503               30.3637923                   60.521
    1036.902375               60.0028514               30.3637933                   60.519
    1037.102375               60.0028529                30.363795                   60.466
    1037.302375               60.0028539               30.3637979                   60.447
    1037.502375               60.0028555               30.3638007                   60.408
    1037.702375               60.0028568               30.3638036                   60.388
    1037.902375                60.002858               30.3638073                   60.403
    1038.102375                60.002859               30.3638113                   60.389
    1038.302281               60.0028605               30.3638155                   60.428
    1038.502281               60.0028616                 30.36382                   60.366
    1038.702281               60.0028629               30.3638239                   60.363
    1038.902281               60.0028642               30.3638283                   60.425
    1039.102281               60.0028655               30.3638329                   60.365
    1039.302281               60.0028666                30.363837                   60.384
    1039.502281               60.0028678               30.3638414                   60.383
    1039.702281                60.002869               30.3638457                   60.363
    1039.902281               60.0028703               30.3638499                   60.385
    1040.102281                60.002871               30.3638547                   60.358
    1040.302187               60.0028717               30.3638588                   60.378
    1040.502187               60.0028726               30.3638627                   60.426
    1040.702187                60.002874               30.3638676                   60.354
    1040.902187               60.0028757               30.3638713                   60.417
    1041.102187               60.0028767               30.3638765                   60.339
    1041.302187               60.0028781               30.3638809                   60.365
    1041.502187               60.0028796               30.3638856                   60.373
    1041.702187               60.0028812               30.3638902                   60.345
    1041.902187               60.0028826               30.3638945                   60.343
    1042.102187               60.0028839               30.3638987                   60.335
    1042.302093               60.0028853               30.3639029                   60.329
    1042.502093               60.0028865               30.3639075                   60.382
    1042.702093               60.0028878               30.3639124                   60.353
    1042.902093               60.0028896               30.3639162                   60.447
    1043.102093               60.0028907               30.3639209                   60.409
    1043.302093                60.002892               30.3639251                   60.412
    1043.502093               60.0028931               30.3639289                   60.469
    1043.702093               60.0028945               30.3639333                   60.447
    1043.902093               60.0028962               30.3639376                   60.472
    1044.102093               60.0028975               30.3639422                   60.495
    1044.301999               60.0028986               30.3639466                   60.456
    1044.501999               60.0029001               30.3639508                   60.478
    1044.701999               60.0029012               30.3639547                   60.428
    1044.901999               60.0029028                30.363958                   60.396
    1045.101999               60.0029042               30.3639621                   60.436
    1045.301999               60.0029049               30.3639662                   60.422
    1045.501999                60.002906               30.3639698                   60.435
    1045.701999               60.0029069               30.3639727                   60.448
    1045.901999               60.0029078               30.3639753                   60.405
    1046.101999               60.0029085               30.3639775                   60.431
    1046.301906               60.0029087               30.3639793                   60.416
    1046.501906               60.0029088               30.3639817                   60.379
    1046.701906                60.002908               30.3639836                   60.338
    1046.901906               60.0029076                30.363985                   60.321
    1047.101906                60.002907               30.3639866                   60.339
    1047.301906               60.0029065               30.3639876                   60.361
    1047.501906               60.0029062               30.3639878                   60.364
    1047.701906               60.0029057               30.3639871                   60.389
    1047.901906               60.0029052               30.3639862                   60.398
    1048.101906               60.0029044               30.3639841                   60.403
    1048.301811               60.0029034               30.3639816                   60.364
    1048.501811                60.002902               30.3639785                   60.446
    1048.701811               60.0029012                30.363975                    60.43
    1048.901811               60.0028998               30.3639711                   60.393
    1049.101811               60.0028986               30.3639663                   60.426
    1049.301811               60.0028974               30.3639618                   60.419
    1049.501811               60.0028961               30.3639574                   60.399
    1049.701811                60.002895               30.3639531                    60.41
    1049.901811                60.002894               30.3639488                   60.365
    1050.101811               60.0028928                30.363944                   60.432
    1050.301717               60.0028914               30.3639397                   60.374
    1050.501717               60.0028899               30.3639352                   60.475
    1050.701717               60.0028888               30.3639305                   60.475
    1050.901717               60.0028876               30.3639258                   60.463
    1051.101717               60.0028863               30.3639212                   60.493
    1051.301717               60.0028848               30.3639165                   60.497
    1051.501717               60.0028832               30.3639121                   60.497
    1051.701717               60.0028823               30.3639073                   60.481
    1051.901717                60.002881               30.3639026                   60.459
    1052.101717               60.0028798               30.3638984                   60.458
    1052.301623               60.0028786               30.3638941                   60.421
    1052.501623               60.0028772                 30.36389                   60.395
    1052.701623               60.0028759               30.3638857                    60.39
    1052.901623               60.0028746               30.3638815                   60.372
    1053.101623               60.0028732               30.3638772                   60.404
    1053.301623               60.0028716               30.3638733                   60.376
    1053.501623               60.0028702               30.3638695                   60.392
    1053.701623               60.0028689               30.3638652                   60.402
    1053.901623               60.0028676               30.3638613                   60.299
    1054.101623               60.0028663                30.363857                   60.319
    1054.301529               60.0028651               30.3638531                   60.347
    1054.501529               60.0028636                30.363849                    60.29
    1054.701529                60.002862               30.3638452                   60.331
    1054.901529               60.0028607               30.3638409                   60.315
    1055.101529               60.0028594                30.363837                   60.318
    1055.301529               60.0028583               30.3638335                   60.383
    1055.501529                60.002857               30.3638301                   60.369
    1055.701529               60.0028557               30.3638275                   60.382
    1055.901529                60.002855               30.3638247                   60.393
    1056.101529               60.0028543               30.3638223                   60.377
    1056.301435               60.0028538                 30.36382                   60.398
    1056.501435               60.0028534               30.3638186                   60.399
    1056.701435                60.002853               30.3638173                    60.43
    1056.901435               60.0028523                30.363817                   60.449
    1057.101435               60.0028516               30.3638166                   60.431
    1057.301435                60.002851               30.3638169                   60.419
    1057.501435               60.0028509                30.363817                   60.408
    1057.701435               60.0028506               30.3638174                   60.374
    1057.901435               60.0028507               30.3638174                   60.376
    1058.101435               60.0028509               30.3638178                   60.372
    1058.301341               60.0028509                30.363818                   60.375
    1058.501341               60.0028507                30.363818                   60.364
    1058.701341               60.0028508               30.3638179                   60.372
    1058.901341               60.0028509               30.3638179                    60.36
    1059.101341               60.0028509               30.3638178                   60.367
    1059.301341                60.002851                30.363818                   60.382
    1059.501341                60.002851                30.363818                   60.378
    1059.701341                60.002851                30.363818                   60.386
    1059.901341                60.002851                30.363818                   60.377
    1060.101341                60.002851                30.363818                   60.388
    1060.301247               60.0028511                30.363818                     60.4
    1060.501247               60.0028513               30.3638176                   60.395
    1060.701247               60.0028514               30.3638177                   60.384
    1060.901247               60.0028516               30.3638177                   60.428
    1061.101247               60.0028519               30.3638175                   60.429
    1061.301247                60.002852               30.3638173                   60.438
    1061.501247                60.002852               30.3638174                   60.462
    1061.701247               60.0028521               30.3638176                   60.457
    1061.901247               60.0028521               30.3638174                   60.431
    1062.101247               60.0028521               30.3638174                   60.436
    1062.301153                60.002852               30.3638175                    60.44
    1062.501153               60.0028519               30.3638171                   60.464
    1062.701153               60.0028519               30.3638174                   60.469
    1062.901153                60.002852               30.3638174                   60.448
    1063.101153               60.0028519               30.3638174                    60.47
    1063.301153               60.0028514               30.3638168                   60.435
    1063.501153               60.0028515               30.3638162                    60.42
    1063.701153               60.0028516               30.3638162                   60.392
    1063.901153                60.002852               30.3638157                   60.384
    1064.101153               60.0028519               30.3638158                   60.393
    1064.301059               60.0028517               30.3638157                   60.418
    1064.501059               60.0028515               30.3638158                   60.393
    1064.701059               60.0028515                30.363816                   60.346
    1064.901059               60.0028516                30.363816                   60.363
    1065.101059               60.0028517               30.3638162                   60.353
    1065.301059               60.0028516               30.3638161                   60.381
    1065.501059               60.0028516                30.363816                   60.395
    1065.701059               60.0028516               30.3638161                   60.394
    1065.901059               60.0028516                30.363816                   60.405
    1066.101059               60.0028516               30.3638159                   60.415
    1066.300965               60.0028517               30.3638159                    60.41
    1066.500965               60.0028517               30.3638156                   60.391
    1066.700965               60.0028517               30.3638155                   60.401
    1066.900965               60.0028516               30.3638155                   60.409
    1067.100965               60.0028517               30.3638153                   60.417
    1067.300965               60.0028515               30.3638151                    60.43
    1067.500965               60.0028517               30.3638155                   60.413
    1067.700965               60.0028515               30.3638156                   60.401
    1067.900965               60.0028514               30.3638155                   60.391
    1068.100965               60.0028515               30.3638156                   60.408
    1068.300871               60.0028515               30.3638155                   60.403
    1068.500871               60.0028516               30.3638156                   60.399
    1068.700871               60.0028516               30.3638156                   60.402
    1068.900871               60.0028514               30.3638155                   60.417
    1069.100871               60.0028512               30.3638152                   60.448
    1069.300871               60.0028512               30.3638155                   60.438
    1069.500871               60.0028512               30.3638153                   60.423
    1069.700871               60.0028512               30.3638155                   60.422
    1069.900871               60.0028511               30.3638154                   60.442
    1070.100871               60.0028508               30.3638154                   60.455
    1070.300777               60.0028508               30.3638156                   60.437
    1070.500777               60.0028509               30.3638156                   60.437
    1070.700777               60.0028509               30.3638155                   60.427
    1070.900777                60.002851               30.3638157                   60.414
    1071.100777                60.002851               30.3638154                   60.409
    1071.300777                60.002851               30.3638154                   60.375
    1071.500777                60.002851               30.3638152                   60.371
    1071.700777               60.0028513               30.3638152                   60.315
    1071.900777               60.0028518               30.3638151                    60.24
    1072.100777                60.002852               30.3638148                    60.18
    1072.300683               60.0028523               30.3638146                    60.08
