       ВРЕМЯ, С              NP_LATITUDE             NP_LONGITUDE              NP_ALTITUDE
     170.705869               60.0028738               30.3639603                   62.368
     170.905869               60.0028737                 30.36396                    62.37
     171.105869               60.0028738               30.3639597                   62.363
     171.305775               60.0028736                 30.36396                   62.373
     171.505775               60.0028736               30.3639601                   62.389
     171.705775               60.0028736               30.3639598                   62.396
     171.905775               60.0028736               30.3639595                   62.397
     172.105775               60.0028736               30.3639593                   62.395
     172.305682               60.0028736               30.3639589                   62.369
     172.505682               60.0028736               30.3639588                   62.353
     172.705682               60.0028736               30.3639592                   62.345
     172.905682               60.0028736               30.3639589                   62.366
     173.105682               60.0028736                30.363959                   62.382
     173.305682               60.0028736                30.363959                   62.393
     173.505682               60.0028735               30.3639586                   62.401
     173.705682               60.0028736               30.3639588                   62.398
     173.905682               60.0028736               30.3639586                   62.392
     174.105682               60.0028735               30.3639586                   62.398
     174.305588               60.0028735               30.3639587                   62.405
     174.505588               60.0028735               30.3639586                   62.407
     174.705588               60.0028736               30.3639587                   62.398
     174.905588               60.0028736               30.3639586                   62.393
     175.305588               60.0028736               30.3639586                   62.395
     175.505588               60.0028736               30.3639586                   62.399
     175.705588               60.0028736               30.3639585                     62.4
     175.905588               60.0028736               30.3639588                   62.394
     176.105588               60.0028736               30.3639587                   62.395
     176.305500               60.0028736               30.3639588                   62.397
     176.505500               60.0028737               30.3639588                   62.401
     176.705500               60.0028737               30.3639588                   62.405
     176.905500               60.0028737               30.3639589                   62.405
     177.105500               60.0028737               30.3639587                   62.403
     177.305500               60.0028736               30.3639588                   62.407
     177.505500               60.0028737               30.3639588                   62.404
     177.705500               60.0028737               30.3639589                   62.399
     177.905500               60.0028737               30.3639586                   62.397
     178.105500               60.0028737               30.3639586                   62.398
     178.305401               60.0028737               30.3639585                   62.398
     178.505401               60.0028737               30.3639586                   62.399
     178.705401               60.0028737               30.3639586                   62.399
     178.905401               60.0028737               30.3639582                   62.403
     179.105401               60.0028737               30.3639581                   62.404
     179.305401               60.0028736                30.363958                     62.4
     179.505401               60.0028737                30.363958                   62.398
     179.705401               60.0028737               30.3639581                   62.395
     179.905401               60.0028737                30.363958                   62.389
     180.105401               60.0028737               30.3639579                   62.385
     180.305309               60.0028737               30.3639578                   62.378
     180.505309               60.0028737               30.3639579                   62.382
     180.705309               60.0028737               30.3639579                   62.379
     180.905309               60.0028736               30.3639576                   62.362
     181.105309               60.0028736               30.3639576                   62.338
     181.305309               60.0028738               30.3639576                   62.343
     181.505309               60.0028736               30.3639578                   62.343
     181.705309               60.0028737               30.3639576                   62.339
     181.905309               60.0028737               30.3639576                   62.344
     182.105309               60.0028736                30.363958                   62.354
     182.305213               60.0028736               30.3639577                   62.369
     182.505213               60.0028737               30.3639576                   62.382
     182.705213               60.0028738                30.363958                   62.381
     182.905213               60.0028737               30.3639579                   62.388
     183.105213               60.0028737                30.363958                   62.386
     183.305213               60.0028737               30.3639578                   62.383
     183.505213               60.0028737               30.3639576                   62.386
     183.705213               60.0028737               30.3639578                   62.385
     183.905213               60.0028736               30.3639576                   62.377
     184.105213               60.0028736               30.3639575                   62.374
     184.305121               60.0028736               30.3639575                   62.375
     184.505121               60.0028736               30.3639575                   62.363
     184.705121               60.0028736               30.3639575                   62.367
     184.905121               60.0028736               30.3639576                   62.369
     185.105121               60.0028736               30.3639575                   62.375
     185.305121               60.0028735               30.3639575                   62.368
     185.505121               60.0028735               30.3639576                   62.368
     185.705121               60.0028735               30.3639576                   62.371
     185.905121               60.0028734               30.3639578                   62.372
     186.105121               60.0028735               30.3639578                   62.374
     186.305025               60.0028735               30.3639578                   62.376
     186.505025               60.0028734               30.3639578                   62.376
     186.705025               60.0028735               30.3639578                   62.378
     186.905025               60.0028734               30.3639578                   62.365
     187.105025               60.0028734               30.3639577                   62.359
     187.305025               60.0028734               30.3639577                   62.358
     187.505025               60.0028734               30.3639578                   62.353
     187.705025               60.0028734               30.3639577                   62.356
     187.905025               60.0028733               30.3639576                   62.355
     188.105025               60.0028733               30.3639576                   62.355
     188.304932               60.0028733               30.3639575                   62.355
     188.504932               60.0028733               30.3639576                   62.355
     188.704932               60.0028733               30.3639576                   62.356
     188.904932               60.0028733               30.3639571                   62.353
     189.104932               60.0028733                30.363957                   62.348
     189.304932               60.0028733               30.3639569                   62.347
     189.504932               60.0028733               30.3639569                    62.35
     189.704932               60.0028732                30.363957                   62.342
     189.904932               60.0028732                30.363957                   62.334
     190.104932               60.0028731               30.3639567                   62.321
     190.304838               60.0028731               30.3639567                   62.325
     190.504838               60.0028732                30.363957                   62.329
     190.704838               60.0028732               30.3639569                   62.411
     190.904838               60.0028737               30.3639568                   62.445
     191.104838               60.0028739               30.3639564                   62.589
     191.304838               60.0028738                30.363956                   62.753
     191.504838               60.0028739               30.3639561                   62.903
     191.704838               60.0028738               30.3639562                   63.084
     191.904838               60.0028739               30.3639566                   63.262
     192.104838               60.0028737               30.3639568                   63.457
     192.304744               60.0028734               30.3639571                   63.593
     192.504744               60.0028733               30.3639572                   63.706
     192.704744               60.0028733               30.3639578                   63.831
     192.904744               60.0028733               30.3639577                   63.859
     193.104744               60.0028734                30.363958                   63.941
     193.304744               60.0028733               30.3639576                   64.008
     193.504744               60.0028732               30.3639581                   64.054
     193.704744               60.0028728               30.3639585                   64.106
     193.904744               60.0028726                30.363958                   64.156
     194.104744               60.0028723               30.3639582                   64.166
     194.304650               60.0028723               30.3639583                   64.157
     194.504650               60.0028723               30.3639584                   64.124
     194.704650               60.0028725               30.3639588                   64.122
     194.904650               60.0028725               30.3639585                   64.115
     195.104650               60.0028725               30.3639586                   64.103
     195.304650               60.0028724               30.3639588                   64.092
     195.504650               60.0028724               30.3639589                   64.089
     195.704650               60.0028724               30.3639589                   64.075
     195.904650               60.0028724               30.3639589                   64.058
     196.104650               60.0028724               30.3639586                   64.047
     196.304557               60.0028728               30.3639584                   64.042
     196.504557               60.0028732               30.3639581                   64.039
     196.704557               60.0028736                30.363958                   64.036
     196.904557                60.002874               30.3639587                   64.008
     197.104557               60.0028742                30.363959                   63.956
     197.304557               60.0028748               30.3639584                   63.955
     197.504557               60.0028755               30.3639567                   63.958
     197.704557               60.0028759               30.3639552                   63.967
     197.904557               60.0028762               30.3639526                   63.948
     198.104557               60.0028763               30.3639503                   63.958
     198.304463               60.0028764               30.3639481                   63.979
     198.504463               60.0028766               30.3639463                   64.008
     198.704463               60.0028769               30.3639442                   64.002
     198.904463                60.002877               30.3639417                   64.009
     199.104463               60.0028772               30.3639388                   64.018
     199.304463               60.0028771                30.363936                   64.028
     199.504463               60.0028769               30.3639337                   64.025
     199.704463               60.0028763               30.3639315                   64.025
     199.904463               60.0028762               30.3639306                   64.051
     200.104463               60.0028759               30.3639302                   64.055
     200.304369               60.0028752               30.3639295                   64.071
     200.504369               60.0028747               30.3639289                    64.07
     200.704369               60.0028743               30.3639282                   64.075
     200.904369               60.0028743               30.3639274                   64.102
     201.104369               60.0028746               30.3639265                   64.135
     201.304369               60.0028738               30.3639254                   64.148
     201.504369               60.0028729               30.3639243                   64.181
     201.704369               60.0028721               30.3639227                     64.2
     201.904369                60.002871               30.3639218                   64.189
     202.104369               60.0028698               30.3639211                    64.21
     202.304279               60.0028694               30.3639217                   64.181
     202.504279               60.0028681               30.3639224                   64.201
     202.704279               60.0028672               30.3639233                   64.211
     202.904279               60.0028665               30.3639245                   64.215
     203.104279               60.0028659               30.3639255                   64.218
     203.304279               60.0028655               30.3639261                   64.175
     203.504279               60.0028646               30.3639269                   64.186
     203.704279               60.0028639               30.3639273                    64.19
     203.904279               60.0028631               30.3639282                   64.171
     204.104279               60.0028623               30.3639286                   64.185
     204.304181               60.0028611               30.3639302                    64.17
     204.504181               60.0028604               30.3639306                    64.13
     204.704181               60.0028598               30.3639313                   64.155
     204.904181               60.0028595               30.3639325                   64.159
     205.104181               60.0028594               30.3639339                   64.144
     205.304181               60.0028592               30.3639351                   64.129
     205.504181                60.002859               30.3639374                   64.107
     205.704181               60.0028591               30.3639384                   64.125
     205.904181               60.0028593               30.3639399                   64.154
     206.104181               60.0028593               30.3639414                   64.132
     206.304087               60.0028593               30.3639431                   64.184
     206.504087               60.0028592               30.3639448                   64.191
     206.704087               60.0028587               30.3639461                   64.233
     206.904087               60.0028588                30.363948                    64.21
     207.104087               60.0028587               30.3639498                   64.198
     207.304087               60.0028589               30.3639514                   64.186
     207.504087               60.0028591                30.363953                   64.209
     207.704087               60.0028594               30.3639541                   64.268
     207.904087               60.0028599               30.3639558                   64.244
     208.104087               60.0028602                30.363957                   64.211
     208.303993               60.0028608               30.3639578                   64.192
     208.503993               60.0028615                30.363958                   64.191
     208.703993               60.0028622               30.3639581                   64.173
     208.903993               60.0028627               30.3639582                   64.166
     209.103993               60.0028634               30.3639582                   64.182
     209.303993               60.0028643               30.3639588                   64.183
     209.503993               60.0028652               30.3639593                   64.222
     209.703993               60.0028659                 30.36396                   64.236
     209.903993               60.0028668               30.3639606                   64.255
     210.103993               60.0028678               30.3639613                   64.273
     210.303900               60.0028691               30.3639618                   64.247
     210.503900               60.0028702               30.3639616                    64.28
     210.703900               60.0028713                30.363961                   64.282
     210.903900               60.0028722               30.3639605                   64.312
     211.103900               60.0028729               30.3639593                   64.323
     211.303900               60.0028736                30.363958                   64.343
     211.503900               60.0028739               30.3639566                   64.328
     211.703900               60.0028743               30.3639559                   64.335
     211.903900               60.0028744                30.363955                   64.341
     212.103900               60.0028747               30.3639536                   64.339
     212.303806               60.0028749               30.3639528                   64.331
     212.503806               60.0028753               30.3639516                   64.294
     212.703806               60.0028758                 30.36395                   64.281
     212.903806               60.0028765               30.3639489                    64.27
     213.103806               60.0028773               30.3639477                   64.265
     213.303806               60.0028778               30.3639463                   64.252
     213.503806               60.0028782                30.363945                   64.151
     213.703806               60.0028784               30.3639429                   64.106
     213.903806               60.0028783               30.3639409                   64.065
     214.103806                60.002878               30.3639387                   64.032
     214.303712               60.0028778               30.3639373                   64.035
     214.503712               60.0028773                30.363935                   64.019
     214.703712               60.0028768                30.363933                   64.018
     214.903712               60.0028761               30.3639316                   64.034
     215.103712               60.0028758               30.3639304                   64.042
     215.303712               60.0028752               30.3639293                   64.046
     215.503712               60.0028748               30.3639274                   64.059
     215.703712               60.0028743               30.3639257                   64.061
     215.903712               60.0028739               30.3639246                   64.058
     216.103712               60.0028737               30.3639237                   64.044
     216.303618               60.0028732               30.3639225                   64.044
     216.503618               60.0028724               30.3639216                   64.007
     216.703618               60.0028715               30.3639209                   64.002
     216.903618               60.0028707               30.3639204                   63.991
     217.103618               60.0028701               30.3639199                   63.971
     217.303618               60.0028692               30.3639204                   63.959
     217.503618               60.0028684               30.3639206                   63.942
     217.703618               60.0028674               30.3639212                   63.938
     217.903618               60.0028659               30.3639225                   63.945
     218.103618                60.002865                30.363924                    63.93
     218.303525               60.0028639                30.363925                    63.93
     218.503525                60.002863               30.3639265                   63.897
     218.703525               60.0028619                30.363928                   63.878
     218.903525               60.0028607               30.3639295                   63.861
     219.103525               60.0028596               30.3639313                   63.853
     219.303525               60.0028589               30.3639328                   63.826
     219.503525               60.0028587               30.3639344                   63.794
     219.703525               60.0028578               30.3639367                   63.773
     219.903525               60.0028574               30.3639389                   63.771
     220.103525               60.0028574               30.3639411                   63.776
     220.303430               60.0028575               30.3639437                   63.788
     220.503430                60.002858                30.363946                   63.823
     220.703430                60.002859               30.3639488                   63.845
     220.903430               60.0028596               30.3639506                   63.865
     221.103430               60.0028602               30.3639529                   63.846
     221.303430               60.0028608               30.3639545                   63.829
     221.503430               60.0028616               30.3639552                   63.827
     221.703430               60.0028627               30.3639567                   63.833
     221.903430               60.0028637               30.3639583                   63.841
     222.103430               60.0028647               30.3639602                   63.866
     222.303337               60.0028659               30.3639615                   63.883
     222.503337               60.0028674               30.3639621                     63.9
     222.703337               60.0028688               30.3639625                   63.908
     222.903337               60.0028699               30.3639624                   63.917
     223.103337               60.0028711               30.3639616                   63.927
     223.303337               60.0028721               30.3639606                   63.949
     223.503337               60.0028728               30.3639593                   63.971
     223.703337               60.0028736               30.3639584                   63.979
     223.903337               60.0028741               30.3639573                   63.969
     224.103337               60.0028747               30.3639569                   63.958
     224.303243               60.0028756               30.3639569                   63.923
     224.503243               60.0028761               30.3639567                   63.953
     224.703243               60.0028768               30.3639568                   63.977
     224.903243               60.0028782               30.3639576                   63.953
     225.103243               60.0028799                30.363957                   63.992
     225.303243               60.0028807               30.3639573                   63.971
     225.503243               60.0028811               30.3639581                   63.957
     225.703243               60.0028818               30.3639583                   63.947
     225.903243               60.0028831               30.3639577                   64.006
     226.103243               60.0028842               30.3639576                   64.007
     226.303153               60.0028854                30.363958                   64.007
     226.503153               60.0028871               30.3639582                   64.033
     226.703153               60.0028882               30.3639581                   64.058
     226.903153               60.0028896               30.3639575                   64.071
     227.103153               60.0028909                30.363957                   64.066
     227.303153               60.0028919               30.3639564                   64.073
     227.503153               60.0028929               30.3639562                   64.086
     227.703153               60.0028937               30.3639563                   64.078
     227.903153                60.002895                30.363956                   64.086
     228.103153               60.0028965               30.3639562                    64.11
     228.303055               60.0028977               30.3639557                   64.107
     228.503055               60.0028988               30.3639555                   64.071
     228.703055               60.0029001               30.3639548                   64.023
     228.903055               60.0029011               30.3639543                   64.016
     229.103055               60.0029025               30.3639537                   64.001
     229.303055               60.0029034               30.3639535                   63.946
     229.503055               60.0029044               30.3639537                     63.9
     229.703055               60.0029053               30.3639542                   63.828
     229.903055               60.0029058               30.3639548                   63.774
     230.103055               60.0029063               30.3639546                   63.712
     230.302961               60.0029071                30.363955                   63.651
     230.502961                60.002907               30.3639551                   63.502
     230.702961                60.002907               30.3639559                   63.392
     230.902961               60.0029075               30.3639564                   63.437
     231.102961               60.0029084               30.3639572                   63.504
     231.302961               60.0029094               30.3639576                   63.585
     231.502961               60.0029095               30.3639586                   63.662
     231.702961               60.0029099               30.3639588                   63.749
     231.902961               60.0029103               30.3639589                   63.808
     232.102961               60.0029107               30.3639585                   63.811
     232.302867               60.0029111               30.3639583                   63.849
     232.502867                60.002912               30.3639579                   63.954
     232.702867               60.0029124               30.3639573                   64.025
     232.902867               60.0029131               30.3639569                   64.091
     233.102867               60.0029141               30.3639558                   64.114
     233.302867               60.0029144               30.3639556                   64.132
     233.502867                60.002915               30.3639552                    64.12
     233.702867               60.0029152               30.3639553                   64.153
     233.902867               60.0029161               30.3639548                   64.134
     234.102867               60.0029166               30.3639548                   64.131
     234.302773               60.0029174               30.3639545                   64.049
     234.502773               60.0029175               30.3639544                    63.95
     234.702773               60.0029178               30.3639541                    63.83
     234.902773               60.0029182               30.3639539                   63.787
     235.302773                60.002919                30.363953                   63.752
     235.502773               60.0029194               30.3639535                   63.655
     235.702773               60.0029204               30.3639535                   63.634
     235.902773                60.002921               30.3639548                   63.717
     236.102773               60.0029216               30.3639545                   63.756
     236.302680               60.0029223               30.3639541                    63.79
     236.502680               60.0029228               30.3639545                   63.892
     236.702680               60.0029232               30.3639546                   63.983
     236.902680               60.0029236               30.3639545                   64.028
     237.102680               60.0029246               30.3639541                   64.074
     237.302680               60.0029253               30.3639537                   64.111
     237.502680               60.0029258               30.3639537                   64.126
     237.702680               60.0029267               30.3639538                   64.064
     237.902680               60.0029275                30.363953                   64.075
     238.102680               60.0029282               30.3639522                   64.183
     238.302586               60.0029286               30.3639519                   64.164
     238.502586               60.0029291               30.3639514                   64.205
     238.702586               60.0029301               30.3639515                   64.054
     238.902586               60.0029309               30.3639514                   64.084
     239.102586               60.0029315               30.3639512                    64.14
     239.302586               60.0029323               30.3639514                   63.964
     239.502586               60.0029331               30.3639512                   63.883
     239.702586               60.0029336               30.3639504                   63.811
     239.902586               60.0029344               30.3639499                    63.85
     240.102586               60.0029349               30.3639496                   63.839
     240.302492               60.0029355               30.3639493                   63.785
     240.502492               60.0029363               30.3639491                   63.682
     240.702492               60.0029373               30.3639487                    63.71
     240.902492               60.0029376               30.3639489                   63.657
     241.102492               60.0029382               30.3639483                   63.604
     241.302492               60.0029387               30.3639478                   63.581
     241.502492               60.0029396               30.3639466                   63.555
     241.702492                 60.00294                30.363946                   63.588
     241.902492               60.0029406               30.3639455                   63.661
     242.102492               60.0029415               30.3639452                   63.659
     242.302398               60.0029423               30.3639445                   63.863
     242.502398               60.0029423               30.3639429                     63.9
     242.702398               60.0029424               30.3639427                    63.96
     242.902398               60.0029433               30.3639414                   64.016
     243.102398               60.0029446               30.3639413                   64.079
     243.302398               60.0029455               30.3639406                   64.109
     243.502398               60.0029462               30.3639401                   64.129
     243.702398               60.0029465               30.3639402                   64.182
     243.902398               60.0029468               30.3639408                   64.157
     244.102398               60.0029468               30.3639416                   64.161
     244.302304               60.0029467               30.3639433                   64.097
     244.502304               60.0029466               30.3639443                   64.073
     244.702304               60.0029463               30.3639454                   64.012
     244.902304               60.0029458               30.3639458                   63.939
     245.102304               60.0029451               30.3639462                   63.898
     245.302304               60.0029446               30.3639466                   63.815
     245.502304               60.0029445               30.3639471                   63.704
     245.702304               60.0029442               30.3639481                   63.642
     245.902304               60.0029436               30.3639492                   63.627
     246.102304               60.0029424               30.3639499                   63.592
     246.302210               60.0029416               30.3639504                   63.571
     246.502210               60.0029406                 30.36395                   63.446
     246.702210               60.0029396               30.3639487                   63.385
     246.902210               60.0029395               30.3639463                   63.353
     247.102210               60.0029394               30.3639447                   63.345
     247.302210               60.0029388               30.3639434                    63.35
     247.502210                60.002938               30.3639407                   63.281
     247.702210               60.0029378               30.3639388                    63.49
     247.902210               60.0029378               30.3639386                   63.381
     248.102210               60.0029376                30.363938                   63.447
     248.302117               60.0029374               30.3639375                   63.384
     248.502117               60.0029371               30.3639383                   63.264
     248.702117               60.0029367               30.3639383                   63.186
     248.902117               60.0029364               30.3639382                   63.131
     249.102117                60.002936                30.363938                   63.046
     249.302117               60.0029343               30.3639374                   63.072
     249.502117               60.0029338                30.363938                   63.115
     249.702117               60.0029321               30.3639391                   62.982
     249.902117               60.0029316               30.3639401                   62.961
     250.102117               60.0029305               30.3639426                   62.915
     250.302023               60.0029294               30.3639433                   62.933
     250.502023               60.0029284               30.3639453                   62.925
     250.702023               60.0029274               30.3639472                   62.975
     250.902023               60.0029269                30.363949                   63.006
     251.102023               60.0029259               30.3639499                   63.292
     251.302023               60.0029249               30.3639505                   63.486
     251.502023               60.0029245               30.3639527                   63.314
     251.702023               60.0029241               30.3639543                   63.206
     251.902023               60.0029236               30.3639565                   63.181
     252.102023               60.0029229               30.3639569                   63.178
     252.301935                60.002922               30.3639587                   63.163
     252.501935               60.0029212               30.3639601                   63.144
     252.701935               60.0029203                30.363961                   63.099
     252.901935               60.0029197               30.3639614                   63.074
     253.101935               60.0029185               30.3639625                   63.014
     253.301935               60.0029176               30.3639638                   62.892
     253.501935               60.0029164               30.3639643                   62.854
     253.701935               60.0029156               30.3639656                   62.742
     253.901935               60.0029147               30.3639669                   62.673
     254.101935                60.002914               30.3639688                   62.628
     254.301835               60.0029131               30.3639703                   62.611
     254.501835               60.0029121               30.3639723                   62.588
     254.701835               60.0029115               30.3639755                   62.486
     254.901835               60.0029102               30.3639734                   62.321
     255.101835               60.0029087                30.363973                   62.464
     255.301835               60.0029078               30.3639744                   62.462
     255.501835               60.0029064               30.3639753                   62.491
     255.701835               60.0029052                30.363976                   62.632
     255.901835               60.0029041               30.3639768                   62.646
     256.101835               60.0029031               30.3639773                   62.789
     256.301741                60.002902               30.3639782                   62.876
     256.501741               60.0029012               30.3639795                   62.913
     256.701741               60.0029003                30.363981                   62.921
     256.901741               60.0028995               30.3639831                   62.914
     257.101741               60.0028987               30.3639846                   62.953
     257.301741               60.0028978               30.3639862                   63.019
     257.501741               60.0028969               30.3639879                   63.041
     257.701741               60.0028958               30.3639895                   63.082
     257.901741               60.0028948               30.3639907                   63.105
     258.101741               60.0028938               30.3639923                   63.074
     258.301647               60.0028928               30.3639937                   63.017
     258.501647               60.0028923               30.3639943                    62.93
     258.701647                60.002891                30.363996                   62.821
     258.901647               60.0028902               30.3639974                   62.659
     259.101647               60.0028895               30.3639983                   62.666
     259.301647                60.002889               30.3639993                   62.636
     259.501647               60.0028887               30.3640008                   62.596
     259.701647               60.0028885               30.3640021                   62.505
     259.901647               60.0028882               30.3640027                   62.513
     260.101647               60.0028879                30.364003                   62.484
     260.301553               60.0028877               30.3640032                   62.471
     260.501553               60.0028878               30.3640037                   62.475
     260.701553               60.0028884               30.3640045                   62.477
     260.901553               60.0028892               30.3640054                   62.451
     261.101553               60.0028907               30.3640064                    62.51
     261.301553               60.0028923               30.3640073                   62.512
     261.501553               60.0028939               30.3640092                   62.527
     261.701553               60.0028958                30.364011                    62.55
     261.901553               60.0028973               30.3640127                   62.544
     262.101553               60.0028988               30.3640144                   62.531
     262.301459               60.0029002               30.3640153                   62.537
     262.501459               60.0029009               30.3640156                   62.563
     262.701459               60.0029016               30.3640151                   62.582
     262.901459                60.002902               30.3640136                   62.566
     263.101459               60.0029026               30.3640119                   62.543
     263.301459               60.0029035               30.3640115                   62.542
     263.501459                60.002905               30.3640113                   62.524
     263.701459               60.0029064               30.3640112                   62.465
     263.901459               60.0029081               30.3640116                   62.535
     264.101459               60.0029097               30.3640124                   62.565
     264.301373               60.0029108               30.3640128                   62.508
     264.501373               60.0029119               30.3640121                   62.516
     264.701373               60.0029116               30.3640127                   62.473
     264.901373               60.0029131               30.3640117                   62.482
     265.101373               60.0029146                 30.36401                   62.518
     265.301373               60.0029157               30.3640101                   62.502
     265.501373               60.0029168               30.3640096                   62.482
     265.701373               60.0029178               30.3640085                   62.504
     265.901373               60.0029192               30.3640053                   62.479
     266.101373               60.0029203               30.3640038                   62.429
     266.301272               60.0029219                30.364001                   62.421
     266.501272               60.0029235               30.3639981                   62.397
     266.701272               60.0029249               30.3639954                   62.367
     266.901272               60.0029266               30.3639929                   62.385
     267.101272               60.0029282               30.3639906                   62.355
     267.301272               60.0029302               30.3639876                   62.378
     267.501272               60.0029325               30.3639851                   62.345
     267.701272               60.0029345               30.3639827                   62.332
     267.901272               60.0029372               30.3639799                   62.296
     268.101272                60.002939               30.3639769                   62.318
     268.301178               60.0029417               30.3639746                    62.27
     268.501178               60.0029438               30.3639715                   62.271
     268.701178                60.002946               30.3639684                   62.298
     268.901178               60.0029483               30.3639654                   62.303
     269.101178               60.0029504               30.3639632                   62.279
     269.301178               60.0029524                30.363961                   62.288
     269.501178               60.0029545               30.3639581                   62.285
     269.701178               60.0029566                30.363955                   62.334
     269.901178               60.0029586               30.3639528                   62.373
     270.101178               60.0029606               30.3639503                   62.371
     270.301084               60.0029628               30.3639476                   62.434
     270.501084               60.0029648               30.3639452                   62.409
     270.701084               60.0029668               30.3639421                   62.384
     270.901084               60.0029688               30.3639396                   62.428
     271.101084               60.0029707               30.3639375                    62.42
     271.301084               60.0029726                30.363935                   62.424
     271.501084               60.0029746               30.3639325                    62.47
     271.701084               60.0029766               30.3639295                   62.445
     271.901084               60.0029783               30.3639273                   62.454
     272.101084               60.0029801               30.3639249                   62.489
     272.300990               60.0029823               30.3639225                   62.489
     272.500990               60.0029842               30.3639199                   62.514
     272.700990               60.0029862               30.3639176                   62.532
     272.900990               60.0029882               30.3639148                   62.539
     273.100990               60.0029903               30.3639123                   62.528
     273.300990               60.0029924               30.3639098                   62.473
     273.500990               60.0029945               30.3639081                   62.494
     273.700990               60.0029967               30.3639052                   62.515
     273.900990               60.0029986               30.3639024                   62.475
     274.100990               60.0030003               30.3639007                   62.507
     274.300896                60.003002               30.3638981                   62.519
     274.500896                60.003004               30.3638961                   62.546
     274.700896                60.003006               30.3638935                   62.553
     274.900896                60.003008               30.3638904                   62.512
     275.100896               60.0030097               30.3638881                   62.549
     275.300896               60.0030115               30.3638856                   62.562
     275.500896               60.0030135               30.3638831                   62.569
     275.700896               60.0030149               30.3638801                   62.568
     275.900896               60.0030157                30.363875                   62.482
     276.100896               60.0030166               30.3638737                   62.436
     276.300802                60.003018               30.3638717                   62.416
     276.500802                 60.00302               30.3638702                    62.39
     276.700802               60.0030228               30.3638659                   62.434
     276.900802               60.0030247               30.3638626                   62.389
     277.100802               60.0030264                 30.36386                   62.378
     277.300802                60.003027               30.3638597                   62.285
     277.500802               60.0030293               30.3638571                   62.319
     277.700802               60.0030312               30.3638547                   62.339
     277.900802               60.0030331               30.3638524                   62.338
     278.100802               60.0030361               30.3638489                   62.381
     278.300714                60.003038               30.3638447                   62.442
     278.500714               60.0030401               30.3638415                   62.451
     278.700714               60.0030424               30.3638378                   62.492
     278.900714               60.0030442               30.3638344                   62.485
     279.100714                60.003046                30.363831                   62.434
     279.300714               60.0030472               30.3638278                   62.468
     279.500714               60.0030488               30.3638249                   62.457
     279.700714               60.0030508               30.3638216                   62.431
     279.900714               60.0030525               30.3638185                   62.413
     280.100714               60.0030542               30.3638135                   62.384
     280.300614               60.0030561               30.3638085                   62.377
     280.500614               60.0030579                30.363804                   62.366
     280.700614               60.0030604               30.3638003                   62.387
     280.900614               60.0030629               30.3637965                   62.416
     281.100614               60.0030656               30.3637903                   62.418
     281.300614               60.0030686               30.3637852                   62.478
     281.500614               60.0030714                30.363781                   62.493
     281.700614                60.003074               30.3637765                   62.498
     281.900614               60.0030765               30.3637713                   62.506
     282.100614               60.0030791               30.3637643                   62.498
     282.300520               60.0030809               30.3637578                   62.538
     282.500520               60.0030827               30.3637509                   62.568
     282.700520               60.0030839                30.363744                   62.553
     282.900520               60.0030848               30.3637367                   62.567
     283.100520               60.0030852               30.3637279                   62.474
     283.300520                60.003085               30.3637201                   62.384
     283.500520               60.0030844               30.3637139                   62.365
     283.700520               60.0030838               30.3637077                   62.289
     283.900520               60.0030826               30.3637023                   62.214
     284.100520               60.0030821               30.3636978                   62.155
     284.300427               60.0030812               30.3636936                   62.071
     284.500427               60.0030804               30.3636903                   62.025
     284.700427               60.0030789               30.3636867                   62.064
     284.900427               60.0030783                30.363683                   62.058
     285.100427               60.0030777               30.3636782                   62.073
     285.300427               60.0030765               30.3636738                   62.079
     285.500427               60.0030753               30.3636703                   62.084
     285.700427               60.0030746               30.3636675                   62.107
     285.900427                60.003073               30.3636635                   62.102
     286.100427               60.0030713               30.3636602                   62.117
     286.300333               60.0030699               30.3636567                   62.129
     286.500333               60.0030687               30.3636531                   62.181
     286.700333               60.0030683               30.3636497                   62.309
     286.900333               60.0030671               30.3636459                   62.326
     287.100333               60.0030658               30.3636417                   62.291
     287.300333               60.0030645               30.3636373                   62.305
     287.500333                60.003063               30.3636335                   62.259
     287.700333               60.0030615               30.3636299                    62.25
     287.900333               60.0030602               30.3636264                   62.254
     288.100333               60.0030586               30.3636228                   62.299
     288.300242               60.0030567               30.3636188                   62.327
     288.500242               60.0030546               30.3636156                   62.344
     288.700242                60.003052               30.3636123                   62.355
     288.900242               60.0030492               30.3636103                   62.353
     289.100242               60.0030464               30.3636083                   62.413
     289.300242               60.0030429               30.3636075                   62.451
     289.500242               60.0030394                30.363607                    62.47
     289.700242               60.0030364               30.3636076                   62.441
     289.900242               60.0030335               30.3636092                   62.441
     290.100242               60.0030304               30.3636107                   62.488
     290.300146               60.0030272               30.3636128                   62.422
     290.500146               60.0030246               30.3636151                   62.481
     290.700146               60.0030223               30.3636179                   62.407
     290.900146               60.0030199               30.3636208                   62.394
     291.100146               60.0030178               30.3636236                   62.431
     291.300146               60.0030159               30.3636253                   62.411
     291.500146               60.0030136               30.3636277                   62.416
     291.700146               60.0030118               30.3636294                   62.422
     291.900146               60.0030101               30.3636307                   62.336
     292.100146                60.003008               30.3636321                   62.397
     292.300052               60.0030061               30.3636358                   62.398
     292.500052                60.003004               30.3636386                   62.418
     292.700052                60.003002               30.3636417                   62.448
     292.900052               60.0030003               30.3636444                   62.441
     293.100052               60.0029985                30.363647                   62.485
     293.300052               60.0029972               30.3636495                   62.513
     293.500052               60.0029953               30.3636519                   62.491
     293.700052               60.0029933               30.3636542                   62.453
     293.900052               60.0029913               30.3636566                   62.418
     294.100052               60.0029897               30.3636595                    62.43
     294.299957               60.0029881               30.3636616                    62.51
     294.499957               60.0029861               30.3636653                   62.548
     294.699957               60.0029842               30.3636676                   62.595
     294.899957               60.0029825               30.3636699                   62.655
     295.099957               60.0029803               30.3636725                    62.65
     295.299957               60.0029788               30.3636748                   62.615
     295.499957               60.0029768               30.3636769                   62.524
     295.699957               60.0029747               30.3636785                   62.493
     295.899957               60.0029726               30.3636816                   62.458
     296.099957               60.0029701               30.3636846                   62.435
     296.299863                60.002969               30.3636868                     62.5
     296.499863               60.0029669               30.3636893                   62.484
     296.699863               60.0029649               30.3636915                    62.54
     296.899863               60.0029628               30.3636939                   62.572
     297.099863               60.0029606               30.3636966                   62.627
     297.299863               60.0029589               30.3636987                   62.635
     297.499863                60.002957               30.3637003                   62.663
     297.699863               60.0029557               30.3637027                   62.645
     297.899863               60.0029535               30.3637052                   62.611
     298.099863               60.0029516               30.3637071                   62.653
     298.299769               60.0029497               30.3637096                   62.662
     298.499769               60.0029479               30.3637119                   62.705
     298.699769               60.0029458               30.3637141                   62.677
     298.899769               60.0029439               30.3637162                   62.706
     299.099769               60.0029418               30.3637187                   62.808
     299.299769               60.0029398               30.3637219                   62.852
     299.499769               60.0029375               30.3637257                   62.938
     299.699769               60.0029354                 30.36373                    62.94
     299.899769               60.0029332               30.3637344                   62.967
     300.099769               60.0029315               30.3637397                   63.011
     300.299676               60.0029301               30.3637452                   63.015
     300.499676               60.0029292               30.3637505                   62.988
     300.699676               60.0029286                30.363756                   62.995
     300.899676               60.0029281               30.3637624                   62.967
     301.099676               60.0029284               30.3637684                   63.036
     301.299676               60.0029286                30.363774                   63.076
     301.499676               60.0029294               30.3637801                   63.111
     301.699676               60.0029307               30.3637864                   63.054
     301.899676               60.0029317               30.3637922                   62.963
     302.099676                60.002933               30.3637973                   62.991
     302.299582                60.002934               30.3638015                   62.992
     302.499582               60.0029354               30.3638054                   62.977
     302.699582               60.0029363               30.3638088                   63.004
     302.899582               60.0029373               30.3638125                   63.003
     303.099582               60.0029385               30.3638166                   62.998
     303.299582               60.0029396               30.3638208                   63.022
     303.499582               60.0029407                30.363824                   63.007
     303.699582               60.0029418               30.3638281                   63.027
     303.899582               60.0029429               30.3638318                   63.026
     304.099582               60.0029442               30.3638359                    62.99
     304.299488               60.0029454               30.3638396                   62.989
     304.499488               60.0029472               30.3638434                   62.978
     304.699488               60.0029489               30.3638469                   62.971
     304.899488               60.0029498               30.3638503                   63.012
     305.099488                60.002951               30.3638527                   62.978
     305.299488               60.0029545               30.3638554                   62.983
     305.499488               60.0029568               30.3638578                   63.036
     305.699488               60.0029586               30.3638584                   63.066
     305.899488               60.0029601               30.3638598                   62.971
     306.099488               60.0029644               30.3638577                   62.998
     306.299394               60.0029671                30.363857                    62.97
     306.499394                 60.00297               30.3638564                   62.915
     306.699394                60.002972               30.3638553                   62.866
     306.899394               60.0029741               30.3638537                   62.823
     307.099394               60.0029762               30.3638516                   62.761
     307.299394               60.0029784               30.3638494                   62.711
     307.499394               60.0029804               30.3638472                   62.692
     307.699394                60.002982               30.3638455                   62.732
     307.899394               60.0029836               30.3638434                   62.766
     308.099394               60.0029854                30.363841                   62.743
     308.299308               60.0029869               30.3638388                   62.717
     308.499308               60.0029885               30.3638367                   62.671
     308.699308               60.0029905               30.3638344                   62.625
     308.899308               60.0029921               30.3638322                   62.661
     309.099308               60.0029937               30.3638293                   62.619
     309.299308               60.0029954               30.3638264                    62.62
     309.499308               60.0029971               30.3638235                   62.655
     309.699308               60.0029991               30.3638211                   62.605
     309.899308                60.003001               30.3638184                   62.638
     310.099308               60.0030031               30.3638152                   62.589
     310.299206               60.0030056               30.3638122                   62.612
     310.499206               60.0030076               30.3638097                   62.588
     310.699206               60.0030096                30.363807                   62.528
     310.899206               60.0030118               30.3638045                   62.546
     311.099206               60.0030138               30.3638015                   62.537
     311.299206               60.0030155               30.3637982                   62.554
     311.499206               60.0030171               30.3637963                   62.531
     311.699206               60.0030191               30.3637939                   62.506
     311.899206               60.0030209               30.3637908                   62.565
     312.099206               60.0030228               30.3637882                   62.544
     312.299112               60.0030247               30.3637859                   62.571
     312.499112               60.0030267                30.363783                   62.594
     312.699112               60.0030287                30.363781                   62.541
     312.899112               60.0030308               30.3637784                   62.575
     313.099112               60.0030327               30.3637752                    62.56
     313.299112               60.0030346               30.3637713                   62.555
     313.499112               60.0030399               30.3637671                   62.429
     313.699112               60.0030421               30.3637657                   62.364
     313.899112               60.0030427               30.3637643                   62.343
     314.099112               60.0030435               30.3637618                   62.319
     314.299018               60.0030447               30.3637595                   62.304
     314.499018               60.0030457               30.3637569                   62.263
     314.699018               60.0030475               30.3637546                   62.219
     314.899018               60.0030494               30.3637527                   62.214
     315.099018               60.0030511               30.3637505                   62.213
     315.299018                60.003053                30.363748                   62.229
     315.499018               60.0030549               30.3637452                    62.26
     315.699018               60.0030568               30.3637427                   62.273
     315.899018               60.0030591               30.3637401                   62.287
     316.099018               60.0030611               30.3637373                     62.3
     316.298924               60.0030633               30.3637337                   62.298
     316.498924               60.0030653               30.3637303                   62.312
     316.698924               60.0030674               30.3637262                   62.335
     316.898924               60.0030697               30.3637211                   62.307
     317.098924               60.0030714               30.3637154                   62.357
     317.298924                60.003073               30.3637095                   62.342
     317.498924               60.0030743               30.3637032                   62.338
     317.698924               60.0030751               30.3636973                    62.32
     317.898924               60.0030758               30.3636901                   62.303
     318.098924               60.0030758               30.3636831                   62.274
     318.298831               60.0030756               30.3636762                   62.263
     318.498831               60.0030754               30.3636698                   62.329
     318.698831               60.0030748               30.3636638                   62.417
     318.898831               60.0030741                30.363658                    62.44
     319.098831               60.0030731               30.3636532                   62.509
     319.298831               60.0030721                30.363649                   62.555
     319.498831                60.003071               30.3636445                   62.568
     319.698831               60.0030701               30.3636404                   62.639
     319.898831                60.003069               30.3636361                   62.666
     320.098831                60.003068               30.3636319                   62.661
     320.298737               60.0030667               30.3636278                   62.746
     320.498737               60.0030654               30.3636232                   62.853
     320.698737                60.003064               30.3636191                   62.976
     320.898737               60.0030625               30.3636151                   63.043
     321.098737               60.0030609               30.3636112                   63.099
     321.298737                60.003059               30.3636078                   63.132
     321.498737               60.0030564               30.3636026                   63.241
     321.698737               60.0030538                30.363598                   63.349
     321.898737               60.0030509               30.3635936                   63.445
     322.098737               60.0030475               30.3635912                   63.476
     322.298643               60.0030441               30.3635896                   63.512
     322.498643               60.0030398               30.3635845                   63.614
     322.698643               60.0030352               30.3635826                   63.669
     322.898643               60.0030314               30.3635851                   63.688
     323.098643               60.0030284               30.3635871                   63.662
     323.298643               60.0030249               30.3635898                   63.761
     323.498643               60.0030214                 30.36359                   63.839
     323.698643               60.0030192               30.3635925                    63.84
     323.898643               60.0030165               30.3635961                   63.851
     324.098643               60.0030145               30.3635991                   63.851
     324.298549               60.0030115               30.3636019                   63.793
     324.498549               60.0030096               30.3636041                   63.862
     324.698549               60.0030078               30.3636069                   63.867
     324.898549               60.0030058               30.3636097                   63.901
     325.098549               60.0030035               30.3636128                   63.923
     325.298549               60.0030017               30.3636158                   63.876
     325.498549               60.0029997               30.3636186                   63.937
     325.698549               60.0029974               30.3636223                   63.925
     325.898549                60.002995               30.3636257                   63.966
     326.098549                60.002993               30.3636286                   63.983
     326.298455                60.002991               30.3636312                   63.979
     326.498455               60.0029891               30.3636346                   64.051
     326.698455               60.0029874               30.3636367                   63.964
     326.898455               60.0029854               30.3636395                   63.964
     327.098455               60.0029835               30.3636421                   63.941
     327.298455               60.0029813               30.3636446                   63.916
     327.498455               60.0029792               30.3636475                   63.977
     327.698455               60.0029774               30.3636504                   63.993
     327.898455               60.0029753               30.3636538                    64.01
     328.098455               60.0029738               30.3636564                   64.028
     328.298361               60.0029719               30.3636593                   63.986
     328.498361               60.0029698                30.363662                   64.019
     328.698361               60.0029678               30.3636647                   64.084
     328.898361               60.0029658               30.3636675                   64.117
     329.098361               60.0029641               30.3636704                   64.086
     329.298361               60.0029623               30.3636733                   64.053
     329.498361               60.0029601                30.363676                   64.026
     329.698361               60.0029579               30.3636788                    64.06
     329.898361               60.0029562               30.3636817                   63.981
     330.098361               60.0029542               30.3636842                   64.015
     330.298267               60.0029525               30.3636868                   63.973
     330.498267               60.0029506               30.3636892                   63.954
     330.698267               60.0029489               30.3636922                    63.94
     330.898267               60.0029472               30.3636948                   63.913
     331.098267               60.0029455               30.3636978                   63.915
     331.298267               60.0029439               30.3637007                   63.928
     331.498267               60.0029428               30.3637014                   63.866
     331.698267               60.0029416                30.363703                   63.871
     331.898267               60.0029402               30.3637049                   63.859
     332.098267               60.0029386               30.3637076                   63.891
     332.298173                60.002937               30.3637092                   63.927
     332.498173               60.0029357               30.3637101                   63.936
     332.698173               60.0029338                30.363712                   63.966
     332.898173               60.0029319               30.3637146                   64.011
     333.098173               60.0029303               30.3637175                   64.056
     333.298173               60.0029287                30.363722                   64.144
     333.498173               60.0029271               30.3637279                    64.13
     333.698173               60.0029258               30.3637353                   64.076
     333.898173               60.0029251               30.3637415                   64.126
     334.098173                60.002925               30.3637465                   64.178
     334.298079               60.0029257               30.3637535                   64.213
     334.498079               60.0029267               30.3637592                   64.268
     334.698079               60.0029273               30.3637652                   64.222
     334.898079               60.0029286               30.3637713                    64.27
     335.098079               60.0029297               30.3637756                   64.366
     335.298079               60.0029314               30.3637798                   64.376
     335.498079               60.0029333                30.363784                   64.428
     335.698079               60.0029345               30.3637879                   64.445
     335.898079                60.002936               30.3637931                   64.394
     336.098079               60.0029378               30.3637977                   64.384
     336.297985                 60.00294               30.3638018                   64.403
     336.497985               60.0029425               30.3638052                   64.417
     336.697985               60.0029457               30.3638075                   64.464
     336.897985               60.0029489               30.3638091                   64.459
     337.097985               60.0029525               30.3638096                   64.474
     337.297985               60.0029558                30.363809                   64.441
     337.497985               60.0029588               30.3638078                   64.469
     337.697985               60.0029617               30.3638052                   64.443
     337.897985               60.0029642                30.363803                   64.442
     338.097985               60.0029667                  30.3638                    64.42
     338.297891               60.0029689               30.3637961                   64.486
     338.497891               60.0029707               30.3637915                   64.511
     338.697891               60.0029721               30.3637859                    64.55
     338.897891               60.0029732                30.363781                   64.585
     339.097891               60.0029742               30.3637761                    64.58
     339.297891               60.0029748               30.3637707                   64.587
     339.497891               60.0029753               30.3637661                   64.553
     339.697891               60.0029758                30.363762                   64.499
     339.897891               60.0029762               30.3637581                   64.477
     340.097891               60.0029764               30.3637545                   64.465
     340.297797               60.0029768               30.3637506                   64.426
     340.497797               60.0029775               30.3637476                   64.481
     340.697797               60.0029785               30.3637462                    64.46
     340.897797               60.0029793               30.3637439                   64.524
     341.097797               60.0029802                30.363742                   64.587
     341.297797               60.0029821               30.3637405                   64.616
     341.497797               60.0029843               30.3637398                   64.634
     341.697797               60.0029861               30.3637395                   64.611
     341.897797               60.0029878               30.3637388                   64.609
     342.097797               60.0029889               30.3637391                   64.573
     342.297703               60.0029898               30.3637391                   64.573
     342.497703               60.0029909               30.3637394                    64.52
     342.697703               60.0029915               30.3637402                   64.503
     342.897703               60.0029923               30.3637404                   64.472
     343.097703               60.0029945               30.3637403                   64.421
     343.297703               60.0029954               30.3637409                   64.393
     343.497703               60.0029961               30.3637416                   64.478
     343.697703                60.002998               30.3637414                   64.513
     343.897703               60.0029998                30.363742                   64.481
     344.097703               60.0030006               30.3637448                   64.528
     344.297610                60.003002               30.3637484                   64.589
     344.497610               60.0030053               30.3637513                   64.741
     344.697610               60.0030079                30.363754                   64.877
     344.897610               60.0030105                30.363757                   64.975
     345.097610               60.0030135               30.3637596                   65.033
     345.297610               60.0030184               30.3637635                   65.167
     345.497610               60.0030221               30.3637646                   65.201
     345.697610               60.0030257               30.3637651                    65.31
     345.897610               60.0030287               30.3637648                   65.314
     346.097610               60.0030324               30.3637636                   65.376
     346.297516               60.0030356               30.3637625                   65.362
     346.497516               60.0030387               30.3637607                   65.331
     346.697516               60.0030416               30.3637588                   65.345
     346.897516               60.0030443                30.363756                   65.326
     347.097516               60.0030472               30.3637527                   65.348
     347.297516               60.0030497               30.3637487                   65.361
     347.497516                60.003052               30.3637442                   65.328
     347.697516               60.0030542               30.3637389                   65.287
     347.897516               60.0030556               30.3637337                   65.301
     348.097516               60.0030569               30.3637272                   65.285
     348.297422               60.0030577               30.3637209                   65.263
     348.497422               60.0030587               30.3637135                   65.216
     348.697422               60.0030593               30.3637059                    65.19
     348.897422               60.0030601               30.3636991                   65.221
     349.097422               60.0030601               30.3636927                   65.191
     349.297422               60.0030596               30.3636863                   65.205
     349.497422                60.003059               30.3636802                   65.125
     349.697422               60.0030585               30.3636743                    65.11
     349.897422               60.0030579               30.3636697                   65.095
     350.097422                60.003057               30.3636659                   64.967
     350.297328                60.003057               30.3636624                   64.962
     350.497328               60.0030569               30.3636591                   64.896
     350.697328               60.0030569               30.3636561                   64.866
     350.897328               60.0030574               30.3636541                   64.878
     351.097328                60.003058               30.3636514                   64.827
     351.297328               60.0030585               30.3636495                   64.843
     351.497328               60.0030588               30.3636471                   64.799
     351.697328               60.0030596               30.3636445                   64.725
     351.897328               60.0030602               30.3636421                   64.738
     352.097328               60.0030609               30.3636405                    64.72
     352.297234               60.0030618               30.3636384                   64.693
     352.497234               60.0030625               30.3636374                    64.74
     352.697234               60.0030631                30.363637                   64.674
     352.897234               60.0030642               30.3636364                   64.667
     353.097234               60.0030648               30.3636365                   64.622
     353.297234               60.0030653               30.3636364                   64.626
     353.497234               60.0030655               30.3636359                   64.562
     353.697234               60.0030654               30.3636357                   64.491
     353.897234               60.0030655               30.3636361                   64.448
     354.097234                60.003065               30.3636366                   64.452
     354.297140               60.0030648               30.3636369                   64.399
     354.497140                60.003064               30.3636366                    64.39
     354.697140               60.0030633               30.3636368                   64.343
     354.897140               60.0030629               30.3636379                   64.362
     355.097140               60.0030626               30.3636389                    64.41
     355.297140               60.0030623               30.3636405                   64.429
     355.497140               60.0030618               30.3636417                   64.391
     355.697140                60.003061               30.3636439                    64.37
     355.897140               60.0030596               30.3636451                   64.373
     356.097140               60.0030586               30.3636464                    64.44
     356.297046               60.0030573               30.3636503                   64.471
     356.497046               60.0030557               30.3636533                   64.604
     356.697046                60.003054               30.3636567                   64.691
     356.897046               60.0030524               30.3636594                   64.776
     357.097046               60.0030507                30.363662                   64.876
     357.297046               60.0030489               30.3636646                   64.873
     357.497046               60.0030468               30.3636675                   64.941
     357.697046               60.0030451               30.3636701                   64.919
     357.897046               60.0030433               30.3636721                   64.869
     358.097046               60.0030413               30.3636741                   64.809
     358.296952               60.0030394               30.3636763                   64.748
     358.496952               60.0030372               30.3636786                   64.767
     358.696952               60.0030351               30.3636807                     64.8
     358.896952               60.0030327               30.3636827                   64.803
     359.096952               60.0030304               30.3636851                   64.861
     359.296952               60.0030281               30.3636879                    64.88
     359.496952               60.0030256               30.3636908                   64.942
     359.696952               60.0030233               30.3636937                   64.979
     359.896952               60.0030212               30.3636961                   64.926
     360.096952               60.0030189               30.3636986                   64.919
     360.296858               60.0030168                30.363701                   64.859
     360.496858               60.0030152                30.363704                   64.878
     360.696858               60.0030132               30.3637063                   64.851
     360.896858               60.0030114               30.3637089                   64.792
     361.096858               60.0030092               30.3637114                   64.821
     361.296858               60.0030069               30.3637138                   64.819
     361.496858               60.0030045               30.3637166                   64.788
     361.696858               60.0030024               30.3637195                    64.79
     361.896858               60.0029998               30.3637216                   64.768
     362.096858               60.0029976               30.3637244                   64.739
     362.296765               60.0029954               30.3637269                   64.741
     362.496765               60.0029931               30.3637298                   64.755
     362.696765               60.0029912               30.3637331                   64.702
     362.896765               60.0029888               30.3637355                   64.697
     363.096765               60.0029869                30.363738                   64.686
     363.296765               60.0029845                 30.36374                   64.678
     363.496765               60.0029823               30.3637428                   64.666
     363.696765               60.0029794                30.363745                   64.716
     363.896765                60.002977               30.3637471                   64.745
     364.096765               60.0029748               30.3637487                   64.772
     364.296671               60.0029728               30.3637505                   64.748
     364.496671               60.0029707               30.3637535                   64.766
     364.696671               60.0029686               30.3637563                   64.815
     364.896671               60.0029665               30.3637584                   64.805
     365.096671               60.0029643                30.363761                   64.833
     365.296671               60.0029621               30.3637636                   64.902
     365.496671               60.0029602                30.363766                   64.885
     365.696671               60.0029586               30.3637683                   64.897
     365.896671               60.0029565               30.3637708                   64.919
     366.096671               60.0029545               30.3637735                   64.922
     366.296577               60.0029531               30.3637749                   64.913
     366.496577               60.0029524               30.3637757                   64.846
     366.696577               60.0029517               30.3637768                   64.836
     366.896577               60.0029519               30.3637772                   64.801
     367.096577               60.0029517               30.3637772                   64.837
     367.296577               60.0029514               30.3637776                   64.861
     367.496577               60.0029515               30.3637778                   64.817
     367.696577               60.0029513               30.3637781                   64.749
     367.896577               60.0029512               30.3637788                   64.622
     368.096577                60.002952               30.3637792                   64.424
     368.296483               60.0029527               30.3637796                   64.271
     368.496483               60.0029532               30.3637789                     64.1
     368.696483               60.0029541               30.3637792                   63.915
     368.896483                60.002954                30.363779                   63.763
     369.096483               60.0029539               30.3637792                   63.581
     369.296483               60.0029534               30.3637788                   63.408
     369.496483               60.0029535               30.3637788                   63.215
     369.696483               60.0029535               30.3637786                   63.104
     369.896483               60.0029535               30.3637793                    62.93
     370.096483               60.0029535               30.3637793                   62.856
     370.296389               60.0029534               30.3637793                   62.767
     370.496389               60.0029535               30.3637798                   62.699
     370.696389               60.0029535               30.3637794                   62.721
     370.896389               60.0029536               30.3637796                   62.666
     371.096389               60.0029535               30.3637796                   62.663
     371.296389               60.0029535               30.3637797                   62.657
     371.496389               60.0029535               30.3637797                   62.651
     371.696389               60.0029535               30.3637797                   62.641
     371.896389               60.0029535               30.3637799                   62.613
     372.096389               60.0029535               30.3637807                   62.596
     372.296295               60.0029532               30.3637805                    62.59
     372.496295               60.0029531                 30.36378                   62.605
     372.696295               60.0029532                 30.36378                     62.6
     372.896295               60.0029535               30.3637796                   62.617
     373.096295               60.0029534               30.3637802                   62.599
     373.296295               60.0029532               30.3637806                   62.601
     373.496295               60.0029533               30.3637805                   62.599
     373.696295               60.0029533                 30.36378                   62.609
     373.896295               60.0029534               30.3637799                   62.672
     374.096295               60.0029533               30.3637799                   62.712
     374.296201               60.0029535               30.3637798                    62.73
     374.496201               60.0029534               30.3637799                   62.753
     374.696201               60.0029534               30.3637799                   62.761
     374.896201               60.0029534                 30.36378                   62.791
     375.096201               60.0029534               30.3637799                   62.808
     375.296201               60.0029534                 30.36378                   62.815
     375.496201               60.0029534               30.3637799                   62.813
     375.696201               60.0029534               30.3637797                   62.811
     375.896201               60.0029532                 30.36378                   62.734
     376.096201               60.0029532                 30.36378                   62.684
     376.296107               60.0029534               30.3637801                   62.657
     376.496107               60.0029533               30.3637804                   62.647
     376.696107               60.0029533               30.3637804                   62.636
     376.896107               60.0029536               30.3637818                   62.524
     377.096107               60.0029538               30.3637823                   62.457
     377.296107               60.0029539               30.3637828                   62.394
     377.496107               60.0029541               30.3637829                    62.35
     377.696107               60.0029542               30.3637832                   62.313
     377.896107                60.002954               30.3637831                     62.3
     378.096107               60.0029539                30.363783                    62.29
     378.296013               60.0029539                30.363783                   62.282
