       ВРЕМЯ, С              NP_LATITUDE             NP_LONGITUDE              NP_ALTITUDE
      92.081434               60.0028642               30.3639169                    62.04
      92.281434               60.0028642               30.3639169                   62.035
      92.481434               60.0028642               30.3639169                   62.035
      92.681434               60.0028642               30.3639168                   62.035
      92.881434               60.0028641               30.3639169                   62.039
      93.081434                60.002864               30.3639169                   62.033
      93.281434                60.002864               30.3639169                   62.028
      93.481352                60.002864               30.3639169                   62.033
      93.681352               60.0028641               30.3639169                   62.034
      93.881352               60.0028639               30.3639166                   62.013
      94.081352               60.0028639               30.3639167                   62.007
      94.281352               60.0028639               30.3639167                   62.004
      94.481352               60.0028639               30.3639167                   62.015
      94.681352               60.0028639               30.3639167                   62.011
      94.881352               60.0028637               30.3639162                   61.997
      95.081352               60.0028637               30.3639162                   62.001
      95.281352               60.0028637               30.3639162                   62.001
      95.481270               60.0028637               30.3639162                   62.009
      95.681270               60.0028637               30.3639162                   62.006
      95.881270               60.0028637               30.3639159                   61.978
      96.081270               60.0028637               30.3639159                   61.969
      96.281270               60.0028637               30.3639159                   61.974
      96.481270               60.0028637               30.3639159                   61.975
      96.681270               60.0028637               30.3639159                   61.973
      96.881270               60.0028637               30.3639161                   61.973
      97.081270               60.0028638               30.3639161                   61.959
      97.281270               60.0028638               30.3639161                   61.966
      97.481187               60.0028637               30.3639162                   61.968
      97.681187               60.0028638               30.3639162                   61.977
      97.881187               60.0028639                30.363917                   61.994
      98.081187               60.0028639               30.3639169                   62.003
      98.281187               60.0028639                30.363917                   62.016
      98.481187               60.0028639               30.3639171                   62.016
      98.681187               60.0028639                30.363917                   61.993
      98.881187                60.002864               30.3639174                   62.029
      99.081187               60.0028639               30.3639173                   62.045
      99.281187               60.0028639               30.3639173                   62.039
      99.481105               60.0028639               30.3639173                   62.033
      99.681105               60.0028639               30.3639173                   62.032
      99.881105                60.002864               30.3639172                   62.034
     100.081105                60.002864               30.3639171                   62.033
     100.281105                60.002864               30.3639171                   62.026
     100.481105                60.002864               30.3639171                   62.031
     100.681105                60.002864               30.3639171                   62.034
     100.881105                60.002864               30.3639171                   62.009
     101.081105               60.0028641               30.3639171                   62.011
     101.281105                60.002864               30.3639171                   62.007
     101.481023                60.002864               30.3639172                   62.005
     101.681023                60.002864               30.3639172                   61.998
     101.881023               60.0028641                30.363917                   61.992
     102.081023               60.0028641               30.3639171                   61.982
     102.281023               60.0028642                30.363917                    61.98
     102.481023               60.0028642               30.3639171                   61.984
     102.681023               60.0028641               30.3639171                   61.981
     102.881023               60.0028641               30.3639168                    61.98
     103.081023               60.0028641               30.3639168                   61.985
     103.281023               60.0028641               30.3639168                   61.978
     103.480941               60.0028641               30.3639168                   61.979
     103.680941               60.0028641               30.3639168                   61.976
     103.880941               60.0028642                30.363917                   61.972
     104.080941               60.0028642                30.363917                   61.972
     104.280941               60.0028642                30.363917                   61.969
     104.480941               60.0028642                30.363917                   61.977
     104.680941               60.0028642                30.363917                   61.976
     104.880941               60.0028642               30.3639173                    61.98
     105.080941               60.0028642               30.3639174                   61.973
     105.280941               60.0028642               30.3639174                   61.975
     105.480858               60.0028642               30.3639173                   61.978
     105.680858               60.0028642               30.3639174                   61.975
     105.880858               60.0028642               30.3639176                   61.948
     106.080858               60.0028642               30.3639176                   61.939
     106.280858               60.0028642               30.3639176                   61.939
     106.480858               60.0028642               30.3639175                   61.948
     106.680858               60.0028642               30.3639175                   61.949
     106.880858               60.0028641               30.3639176                   61.933
     107.080858               60.0028641               30.3639176                    61.93
     107.280858               60.0028641               30.3639176                   61.932
     107.480776               60.0028641               30.3639176                   61.935
     107.680776               60.0028641               30.3639176                   61.942
     107.880776                60.002864               30.3639182                   61.935
     108.080776                60.002864               30.3639183                   61.926
     108.280776                60.002864               30.3639182                    61.93
     108.480776                60.002864               30.3639182                   61.935
     108.680776                60.002864               30.3639182                   61.934
     108.880776               60.0028639               30.3639185                   61.931
     109.080776               60.0028639               30.3639185                   61.931
     109.280776               60.0028639               30.3639185                   61.922
     109.480694               60.0028639               30.3639185                   61.926
     109.680694               60.0028639               30.3639185                   61.931
     109.880694               60.0028637               30.3639187                   61.947
     110.080694               60.0028637               30.3639187                   61.936
     110.280694               60.0028637               30.3639187                   61.948
     110.480694               60.0028637               30.3639187                   61.944
     110.680694               60.0028637               30.3639187                   61.942
     110.880694               60.0028638               30.3639188                   61.929
     111.080694               60.0028638               30.3639188                   61.928
     111.280694               60.0028638               30.3639188                   61.928
     111.480612               60.0028638               30.3639188                   61.934
     111.680612               60.0028638               30.3639187                   61.929
     111.880612               60.0028639               30.3639186                   61.916
     112.080612               60.0028639               30.3639185                   61.927
     112.280612               60.0028641               30.3639184                   62.026
     112.480612               60.0028642               30.3639183                   62.157
     112.680612               60.0028641               30.3639178                    62.33
     112.880612               60.0028638               30.3639179                   62.457
     113.080612               60.0028637               30.3639181                   62.604
     113.280612               60.0028635               30.3639183                   62.745
     113.480533               60.0028636               30.3639182                   62.898
     113.680533               60.0028636               30.3639183                   63.056
     113.880533               60.0028635               30.3639185                   63.179
     114.080533               60.0028635               30.3639187                   63.288
     114.280533               60.0028635               30.3639187                   63.375
     114.480533               60.0028635               30.3639189                   63.477
     114.680533               60.0028636               30.3639191                   63.531
     114.880533               60.0028635               30.3639192                   63.564
     115.080533               60.0028635               30.3639193                   63.549
     115.280533               60.0028635               30.3639191                   63.551
     115.680447               60.0028636               30.3639187                   63.568
     115.880447               60.0028635               30.3639191                   63.637
     116.080447               60.0028634               30.3639193                   63.679
     116.280447               60.0028632               30.3639194                   63.699
     116.480447               60.0028631               30.3639196                   63.716
     116.680447                60.002863               30.3639198                   63.721
     116.880447               60.0028628               30.3639201                    63.74
     117.080447               60.0028628               30.3639201                   63.756
     117.280447               60.0028628               30.3639201                    63.75
     117.480365               60.0028629               30.3639198                   63.747
     117.680365               60.0028631               30.3639197                   63.736
     117.880365               60.0028631               30.3639195                   63.734
     118.080365                60.002863               30.3639201                   63.745
     118.280365               60.0028628               30.3639206                    63.77
     118.480365               60.0028626               30.3639212                   63.801
     118.680365               60.0028623               30.3639219                   63.811
     118.880365               60.0028617               30.3639223                   63.816
     119.080365               60.0028612               30.3639228                   63.811
     119.280365               60.0028607               30.3639229                   63.801
     119.480282               60.0028599               30.3639234                   63.788
     119.680282               60.0028593                30.363924                    63.77
     119.880282               60.0028588               30.3639247                   63.728
     120.080282               60.0028583               30.3639263                   63.717
     120.280282                60.002858               30.3639282                   63.718
     120.480282               60.0028579               30.3639306                   63.716
     120.680282               60.0028578               30.3639327                   63.717
     120.880282               60.0028581               30.3639352                    63.75
     121.080282               60.0028581               30.3639371                   63.764
     121.280282                60.002858               30.3639389                   63.733
     121.480200               60.0028577               30.3639405                   63.745
     121.680200               60.0028577               30.3639421                   63.744
     121.880200                60.002858               30.3639437                   63.728
     122.080200               60.0028582               30.3639448                   63.722
     122.280200               60.0028586               30.3639457                   63.723
     122.480200                60.002859               30.3639464                   63.714
     122.680200               60.0028596               30.3639474                   63.709
     122.880200               60.0028602               30.3639484                     63.7
     123.080200               60.0028611               30.3639492                   63.732
     123.280200                60.002862               30.3639499                   63.736
     123.480118               60.0028628               30.3639504                   63.729
     123.680118               60.0028637               30.3639514                    63.73
     123.880118               60.0028646               30.3639526                   63.716
     124.080118               60.0028653               30.3639537                    63.74
     124.280118               60.0028659               30.3639545                   63.746
     124.480118               60.0028665               30.3639553                   63.736
     124.680118               60.0028673               30.3639559                   63.714
     124.880118                60.002868               30.3639561                   63.712
     125.080118               60.0028687               30.3639559                   63.718
     125.280118               60.0028694               30.3639552                   63.722
     125.480036                 60.00287               30.3639544                   63.719
     125.680036               60.0028707               30.3639534                    63.73
     125.880036               60.0028713               30.3639522                   63.739
     126.080036               60.0028717               30.3639513                   63.751
     126.280036               60.0028723               30.3639503                   63.748
     126.480036               60.0028731               30.3639494                   63.755
     126.680036               60.0028738               30.3639484                   63.766
     126.880036               60.0028745               30.3639475                   63.779
     127.080036               60.0028753               30.3639464                   63.793
     127.280036               60.0028759               30.3639453                    63.79
     127.479954               60.0028764               30.3639444                   63.789
     127.679954               60.0028767               30.3639434                   63.785
     127.879954               60.0028768               30.3639421                   63.776
     128.079954               60.0028768               30.3639407                   63.754
     128.279954               60.0028767                30.363939                   63.747
     128.479954               60.0028767               30.3639371                   63.762
     128.679954               60.0028765               30.3639354                   63.753
     128.879954               60.0028763               30.3639338                   63.748
     129.079954                60.002876               30.3639324                   63.737
     129.279954               60.0028759               30.3639314                   63.738
     129.479872               60.0028758               30.3639302                    63.73
     129.679872               60.0028757                30.363929                   63.736
     129.879872               60.0028756               30.3639276                   63.734
     130.079872               60.0028755                30.363926                   63.736
     130.279872               60.0028753               30.3639244                   63.732
     130.479872               60.0028751               30.3639229                   63.735
     130.679872               60.0028747               30.3639215                    63.74
     130.879872                60.002874               30.3639204                   63.729
     131.079872               60.0028733               30.3639195                   63.717
     131.279872               60.0028724               30.3639187                   63.702
     131.479790               60.0028714                30.363918                   63.686
     131.679790               60.0028702               30.3639177                   63.677
     131.879790               60.0028689               30.3639176                   63.675
     132.079790               60.0028679               30.3639179                   63.692
     132.279790               60.0028669               30.3639181                   63.688
     132.479790                60.002866                30.363918                   63.693
     132.679790               60.0028653               30.3639178                    63.72
     132.879790               60.0028647               30.3639177                   63.727
     133.079790                60.002864               30.3639176                   63.746
     133.279790               60.0028633               30.3639177                   63.741
     133.479709               60.0028627               30.3639178                   63.727
     133.679709                60.002862               30.3639181                    63.73
     133.879709               60.0028615               30.3639186                    63.74
     134.079709                60.002861               30.3639195                   63.755
     134.279709               60.0028607               30.3639208                   63.756
     134.479709               60.0028604               30.3639223                   63.741
     134.679709               60.0028599               30.3639243                   63.714
     134.879709               60.0028606                30.363931                   63.842
     135.079709               60.0028602               30.3639328                   63.836
     135.279709               60.0028597               30.3639349                   63.862
     135.479625               60.0028595                30.363937                   63.862
     135.679625               60.0028591                30.363939                   63.884
     135.879625               60.0028588               30.3639404                   63.907
     136.079625               60.0028585               30.3639422                   63.886
     136.279625               60.0028583               30.3639435                   63.914
     136.479625               60.0028583                30.363945                   63.875
     136.679625               60.0028583               30.3639463                   63.894
     136.879625               60.0028586               30.3639477                    63.91
     137.079625                60.002859               30.3639487                   63.898
     137.279625               60.0028594               30.3639497                   63.878
     137.479543               60.0028601               30.3639505                   63.873
     137.679543               60.0028607               30.3639517                   63.859
     137.879543               60.0028616               30.3639528                   63.839
     138.079543               60.0028624               30.3639538                   63.849
     138.279543               60.0028631               30.3639547                   63.839
     138.479543               60.0028637               30.3639556                   63.845
     138.679543               60.0028643               30.3639566                   63.853
     138.879543               60.0028649               30.3639576                   63.876
     139.079543               60.0028654               30.3639586                   63.852
     139.279543               60.0028662               30.3639597                   63.863
     139.479461               60.0028672               30.3639606                   63.867
     139.679461               60.0028682               30.3639612                   63.865
     139.879461               60.0028691               30.3639615                   63.884
     140.079461               60.0028701               30.3639613                   63.881
     140.279461                60.002871               30.3639607                   63.872
     140.479461                60.002872               30.3639595                   63.867
     140.679461               60.0028729                30.363958                   63.887
     140.879461               60.0028737               30.3639562                   63.901
     141.079461               60.0028745                30.363954                   63.912
     141.279461               60.0028752               30.3639519                   63.906
     141.479379                60.002876               30.3639498                   63.885
     141.679379               60.0028768               30.3639475                   63.874
     141.879379               60.0028774               30.3639453                   63.882
     142.079379               60.0028779               30.3639431                   63.892
     142.279379               60.0028784               30.3639413                   63.913
     142.479379               60.0028785               30.3639396                   63.871
     142.679379               60.0028787                30.363938                   63.872
     142.879379               60.0028787               30.3639363                   63.851
     143.079379               60.0028785               30.3639344                   63.863
     143.279379               60.0028778                30.363932                   63.863
     143.479297               60.0028768               30.3639297                   63.833
     143.679297               60.0028755               30.3639276                   63.854
     143.879297               60.0028742               30.3639258                   63.859
     144.079297               60.0028729               30.3639245                   63.848
     144.279297               60.0028718               30.3639237                   63.855
     144.479297                60.002871                30.363923                   63.844
     144.679297               60.0028702               30.3639225                   63.818
     144.879297               60.0028697               30.3639216                   63.825
     145.079297               60.0028694               30.3639208                   63.823
     145.279297               60.0028692               30.3639201                   63.834
     145.479215               60.0028694               30.3639196                   63.846
     145.679215               60.0028698               30.3639196                   63.833
     145.879215               60.0028706               30.3639198                   63.827
     146.079215               60.0028713               30.3639205                   63.797
     146.279215               60.0028722               30.3639212                   63.804
     146.479215               60.0028732               30.3639215                   63.791
     146.679215               60.0028741               30.3639215                   63.781
     146.879215               60.0028749               30.3639214                   63.755
     147.079215               60.0028758               30.3639212                   63.774
     147.279215               60.0028767               30.3639212                   63.766
     147.479133               60.0028777               30.3639213                   63.782
     147.679133               60.0028787               30.3639219                   63.768
     147.879133               60.0028796               30.3639226                   63.769
     148.079133               60.0028805                30.363923                   63.741
     148.279133               60.0028814               30.3639229                   63.734
     148.479133               60.0028825               30.3639225                    63.72
     148.679133               60.0028838               30.3639218                   63.743
     148.879133               60.0028843               30.3639171                   63.642
     149.079133               60.0028858               30.3639168                   63.572
     149.279133               60.0028873               30.3639165                   63.558
     149.479051               60.0028887               30.3639164                   63.569
     149.679051               60.0028899               30.3639161                   63.612
     149.879051                60.002891               30.3639158                   63.645
     150.079051               60.0028918               30.3639155                   63.705
     150.279051               60.0028925               30.3639152                   63.752
     150.479051               60.0028932               30.3639154                   63.839
     150.679051               60.0028939               30.3639161                   63.906
     150.879051               60.0028947               30.3639169                    63.98
     151.079051               60.0028955                30.363918                   64.034
     151.279051               60.0028961               30.3639189                   64.074
     151.478968                60.002897               30.3639194                   64.109
     151.678968               60.0028979               30.3639195                   64.129
     151.878968               60.0028987               30.3639193                   64.159
     152.078968               60.0028993               30.3639191                   64.149
     152.278968               60.0028998               30.3639189                   64.113
     152.478968               60.0029004               30.3639187                    64.04
     152.678968                60.002901               30.3639184                   63.959
     152.878968               60.0029016               30.3639185                   63.864
     153.078968               60.0029022               30.3639184                   63.779
     153.278968               60.0029026               30.3639187                   63.694
     153.478897                60.002903               30.3639187                    63.63
     153.678897               60.0029034               30.3639185                   63.594
     153.878897               60.0029037               30.3639185                   63.545
     154.078897                60.002904               30.3639185                   63.493
     154.278897               60.0029043               30.3639183                    63.49
     154.478897               60.0029048               30.3639183                   63.475
     154.678897               60.0029051               30.3639187                   63.393
     154.878897               60.0029056               30.3639191                   63.363
     155.078897               60.0029059               30.3639193                   63.359
     155.278897               60.0029062               30.3639191                   63.443
     155.478805               60.0029063               30.3639185                   63.545
     155.678805               60.0029063               30.3639181                    63.65
     155.878805               60.0029065               30.3639181                   63.777
     156.078805               60.0029068               30.3639177                   63.919
     156.278805               60.0029072               30.3639179                   64.025
     156.478805               60.0029078                30.363918                   64.088
     156.678805               60.0029085               30.3639178                   64.118
     156.878805               60.0029094               30.3639175                   64.115
     157.078805               60.0029102                30.363917                    64.11
     157.278805                60.002911               30.3639161                   64.032
     157.478722               60.0029119               30.3639149                    63.94
     157.678722               60.0029127               30.3639141                   63.826
     157.878722               60.0029136               30.3639137                   63.706
     158.078722               60.0029146               30.3639133                   63.654
     158.278722               60.0029154               30.3639135                     63.6
     158.478722                60.002916               30.3639137                   63.575
     158.678722               60.0029165               30.3639143                   63.536
     158.878722               60.0029171               30.3639147                   63.511
     159.078722               60.0029176               30.3639147                   63.498
     159.278722               60.0029181               30.3639144                   63.497
     159.478640               60.0029187               30.3639137                   63.473
     159.678640               60.0029192               30.3639132                    63.47
     159.878640               60.0029198               30.3639126                   63.486
     160.078640               60.0029205               30.3639123                   63.493
     160.278640               60.0029212               30.3639122                   63.524
     160.478640               60.0029218                30.363912                   63.603
     160.678640               60.0029225               30.3639118                   63.646
     160.878640               60.0029232               30.3639114                   63.712
     161.078640               60.0029239               30.3639107                   63.732
     161.278640               60.0029246               30.3639101                   63.774
     161.478558               60.0029253               30.3639096                   63.833
     161.678558                60.002926               30.3639091                   63.886
     161.878558               60.0029269               30.3639089                   63.942
     162.078558               60.0029276               30.3639091                   64.001
     162.278558               60.0029282               30.3639092                   64.052
     162.478558                60.002929                30.363909                   64.101
     162.678558               60.0029297               30.3639086                   64.135
     162.878558               60.0029305               30.3639077                   64.149
     163.078558               60.0029311                30.363907                   64.148
     163.278558               60.0029316               30.3639059                   64.087
     163.478478               60.0029323               30.3639054                   63.988
     163.678478               60.0029328               30.3639048                   63.904
     163.878478               60.0029334               30.3639045                   63.836
     164.078478                60.002934               30.3639042                   63.758
     164.278478               60.0029344               30.3639038                   63.671
     164.478478               60.0029351                30.363903                   63.637
     164.678478               60.0029358               30.3639027                    63.58
     164.878478               60.0029372               30.3639063                    63.71
     165.078478               60.0029378               30.3639063                    63.73
     165.278478               60.0029386               30.3639062                   63.755
     165.478394               60.0029394               30.3639063                   63.779
     165.678394               60.0029403               30.3639065                    63.83
     165.878394               60.0029412               30.3639064                    63.91
     166.078394               60.0029426               30.3639062                   63.964
     166.278394               60.0029444               30.3639058                   64.031
     166.678394               60.0029476                30.363907                     64.2
     166.878394               60.0029488               30.3639086                   64.243
     167.078394               60.0029503               30.3639111                   64.288
     167.278394               60.0029516               30.3639138                   64.299
     167.478317               60.0029532               30.3639169                   64.284
     167.678317               60.0029546               30.3639204                   64.222
     167.878317                60.002956               30.3639242                   64.143
     168.078317               60.0029572               30.3639284                   64.065
     168.278317               60.0029579               30.3639328                   63.992
     168.478317                60.002958               30.3639377                   63.926
     168.678317               60.0029577               30.3639423                   63.848
     168.878317               60.0029568               30.3639462                    63.74
     169.078317               60.0029557               30.3639501                   63.686
     169.278317               60.0029547               30.3639536                   63.666
     169.478230               60.0029536               30.3639571                   63.671
     169.678230               60.0029525                 30.36396                   63.701
     169.878230                60.002951               30.3639592                   63.633
     170.078230               60.0029497                30.363961                   63.633
     170.278230               60.0029486               30.3639627                   63.709
     170.478230               60.0029474               30.3639641                   63.779
     170.678230               60.0029462                30.363965                   63.877
     170.878230               60.0029452               30.3639662                   63.939
     171.078230               60.0029441                30.363968                   63.962
     171.278230               60.0029432               30.3639694                   64.025
     171.478148               60.0029424               30.3639704                   64.096
     171.678148               60.0029415               30.3639713                   64.106
     171.878148               60.0029406               30.3639725                   64.103
     172.078148               60.0029398               30.3639737                   64.045
     172.278148               60.0029389               30.3639756                   63.955
     172.478148               60.0029379               30.3639775                   63.852
     172.678148               60.0029369               30.3639793                   63.745
     172.878148               60.0029357               30.3639805                   63.683
     173.078148               60.0029347               30.3639817                   63.625
     173.278148               60.0029334               30.3639824                   63.541
     173.478066               60.0029324               30.3639831                   63.501
     173.678066               60.0029314               30.3639837                   63.467
     173.878066               60.0029304               30.3639844                   63.422
     174.078066               60.0029294               30.3639857                   63.449
     174.278066               60.0029285               30.3639871                   63.491
     174.478066               60.0029277               30.3639881                   63.524
     174.678066                60.002927               30.3639889                   63.609
     174.878066               60.0029262               30.3639897                   63.681
     175.078066               60.0029255               30.3639907                   63.753
     175.278066               60.0029247               30.3639918                   63.824
     175.477984               60.0029239                30.363993                   63.879
     175.677984               60.0029231               30.3639944                   63.965
     175.877984               60.0029223               30.3639952                   64.019
     176.077984               60.0029214                30.363996                   64.064
     176.277984               60.0029204               30.3639965                   64.094
     176.477984               60.0029194               30.3639974                   64.105
     176.677984               60.0029184               30.3639988                   64.084
     176.877984               60.0029174               30.3640007                   64.003
     177.077984               60.0029164               30.3640025                   63.963
     177.277984               60.0029153               30.3640037                   63.881
     177.477902               60.0029143               30.3640052                   63.819
     177.677902               60.0029134               30.3640061                   63.734
     177.877902               60.0029126               30.3640069                   63.691
     178.077902               60.0029116               30.3640081                   63.597
     178.277902               60.0029107               30.3640094                   63.541
     178.477902               60.0029098                30.364011                   63.487
     178.677902                60.002909               30.3640121                   63.454
     178.877902               60.0029081               30.3640129                   63.383
     179.077902               60.0029072               30.3640141                   63.357
     179.277902               60.0029065               30.3640154                   63.373
     179.477830               60.0029057               30.3640172                   63.433
     179.677830               60.0029047               30.3640194                   63.487
     179.877830                60.002904               30.3640212                   63.595
     180.077830                60.002903               30.3640229                   63.693
     180.277830               60.0029018                30.364024                   63.755
     180.477830               60.0029008               30.3640252                   63.815
     180.677830               60.0028997               30.3640268                   63.837
     180.877830                60.002899               30.3640326                   63.989
     181.077830               60.0028976               30.3640345                   64.023
     181.277830               60.0028962                30.364036                    64.06
     181.477739               60.0028945                30.364037                   64.067
     181.677739                60.002893               30.3640379                   64.069
     181.877739               60.0028914               30.3640386                   64.062
     182.077739               60.0028899               30.3640393                   64.047
     182.277739               60.0028883               30.3640396                   64.006
     182.477739               60.0028869               30.3640394                   63.979
     182.677739               60.0028856               30.3640384                    63.94
     182.877739               60.0028847               30.3640366                   63.907
     183.077739               60.0028842               30.3640338                   63.873
     183.277739               60.0028841                30.364031                   63.857
     183.477670               60.0028842               30.3640284                   63.828
     183.677670               60.0028848               30.3640271                   63.821
     183.877670               60.0028857               30.3640266                    63.78
     184.077670               60.0028865               30.3640263                   63.769
     184.277670               60.0028871               30.3640253                   63.753
     184.477670               60.0028878               30.3640237                   63.758
     184.677670               60.0028885                30.364021                   63.775
     184.877670               60.0028893               30.3640178                   63.798
     185.077670               60.0028906               30.3640143                   63.787
     185.277670               60.0028919               30.3640102                   63.775
     185.677576                60.002895                30.364001                   63.772
     185.877576               60.0028968               30.3639957                   63.781
     186.077576               60.0028989               30.3639909                   63.781
     186.277576               60.0029015               30.3639864                   63.768
     186.477576               60.0029041               30.3639822                   63.774
     186.677576               60.0029065               30.3639783                   63.762
     186.877576               60.0029083               30.3639711                   63.621
     187.077576               60.0029108               30.3639677                   63.565
     187.277576               60.0029134               30.3639646                   63.549
     187.477493               60.0029157               30.3639615                   63.574
     187.677493               60.0029175               30.3639585                   63.634
     187.877493               60.0029192               30.3639554                   63.665
     188.077493               60.0029211               30.3639521                   63.702
     188.277493               60.0029231               30.3639495                   63.705
     188.477493               60.0029251               30.3639469                   63.712
     188.677493               60.0029269               30.3639445                   63.721
     188.877493               60.0029285                30.363942                   63.686
     189.077493               60.0029305               30.3639395                    63.71
     189.277493               60.0029324               30.3639372                   63.735
     189.477412               60.0029343                30.363935                   63.748
     189.677412               60.0029361               30.3639327                   63.773
     189.877412               60.0029379               30.3639303                   63.748
     190.077412               60.0029399               30.3639277                   63.757
     190.277412               60.0029421                30.363925                    63.77
     190.477412               60.0029443               30.3639224                   63.759
     190.677412               60.0029465                 30.36392                   63.779
     190.877412               60.0029484               30.3639173                   63.767
     191.077412               60.0029506               30.3639144                   63.781
     191.277412               60.0029527               30.3639116                   63.814
     191.477330               60.0029547               30.3639092                   63.804
     191.677330               60.0029566               30.3639069                   63.862
     191.877330               60.0029584               30.3639044                   63.863
     192.077330               60.0029605               30.3639017                   63.849
     192.277330               60.0029625               30.3638991                   63.876
     192.477330               60.0029645               30.3638967                   63.871
     192.677330               60.0029663               30.3638948                   63.881
     192.877330               60.0029682               30.3638922                   63.911
     193.077330               60.0029699               30.3638898                   63.885
     193.277330               60.0029718               30.3638872                    63.88
     193.477248               60.0029736               30.3638849                   63.873
     193.677248               60.0029755               30.3638827                   63.855
     193.877248               60.0029774               30.3638805                   63.865
     194.077248               60.0029792               30.3638782                   63.835
     194.277248               60.0029811               30.3638757                   63.819
     194.477248               60.0029833               30.3638732                   63.849
     194.677248               60.0029853               30.3638708                   63.835
     194.877248               60.0029881               30.3638717                   64.003
     195.077248               60.0029901               30.3638692                   63.983
     195.277248               60.0029922               30.3638664                   63.966
     195.477167               60.0029942               30.3638636                    63.98
     195.677167               60.0029961               30.3638612                    63.95
     195.877167                60.002998               30.3638592                   63.952
     196.077167               60.0029997               30.3638569                   63.936
     196.277167               60.0030018               30.3638539                   63.922
     196.477167               60.0030037               30.3638511                    63.94
     196.677167               60.0030055               30.3638485                   63.926
     196.877167               60.0030076               30.3638457                   63.955
     197.077167               60.0030092               30.3638429                   63.952
     197.277167                60.003011               30.3638396                   63.925
     197.477090               60.0030126               30.3638365                   63.951
     197.677090               60.0030145               30.3638337                   63.934
     197.877090               60.0030163                30.363831                   63.928
     198.077090               60.0030181               30.3638284                   63.951
     198.277090                 60.00302               30.3638255                   63.909
     198.477090               60.0030222               30.3638225                   63.928
     198.677090                60.003024               30.3638201                    63.95
     198.877090                60.003026               30.3638178                   63.936
     199.077090               60.0030279               30.3638155                   63.955
     199.277090               60.0030296               30.3638132                   63.915
     199.477003               60.0030317               30.3638105                   63.881
     199.677003               60.0030336               30.3638082                   63.911
     199.877003               60.0030353               30.3638061                   63.911
     200.077003               60.0030369               30.3638037                   63.944
     200.277003               60.0030385               30.3638009                   63.932
     200.477003               60.0030404               30.3637974                    63.89
     200.677003               60.0030424                30.363794                   63.904
     200.877003               60.0030443               30.3637908                   63.871
     201.077003               60.0030462               30.3637878                   63.895
     201.277003                60.003048               30.3637852                    63.92
     201.476922               60.0030501               30.3637817                   63.875
     201.676922               60.0030521               30.3637787                   63.885
     201.876922               60.0030539                30.363776                   63.852
     202.076922               60.0030557               30.3637733                    63.84
     202.276922               60.0030573               30.3637706                    63.86
     202.476922               60.0030589               30.3637679                   63.823
     202.676922               60.0030602               30.3637653                   63.837
     202.876922               60.0030613               30.3637631                   63.859
     203.076922               60.0030621               30.3637611                   63.816
     203.276922               60.0030626               30.3637593                   63.836
     203.476840               60.0030629               30.3637576                   63.807
     203.676840                60.003063               30.3637557                   63.798
     203.876840               60.0030631               30.3637542                   63.822
     204.076840                60.003063               30.3637528                    63.79
     204.276840               60.0030627               30.3637518                   63.808
     204.476840               60.0030624               30.3637513                   63.819
     204.676840                60.003062               30.3637498                   63.828
     204.876840               60.0030615               30.3637478                   63.837
     205.076840               60.0030611               30.3637457                   63.821
     205.276840               60.0030605               30.3637435                   63.818
     205.476758               60.0030597               30.3637409                   63.858
     205.676758               60.0030588                30.363738                   63.819
     205.876758               60.0030568               30.3637311                   63.698
     206.076758               60.0030557               30.3637274                   63.668
     206.276758               60.0030545               30.3637235                   63.659
     206.676758               60.0030521               30.3637157                   63.674
     206.876758               60.0030506               30.3637114                   63.659
     207.076758               60.0030493               30.3637071                   63.693
     207.276758               60.0030482               30.3637032                   63.676
     207.476676               60.0030472               30.3636995                   63.709
     207.676676               60.0030462               30.3636964                   63.729
     207.876676               60.0030451               30.3636928                   63.731
     208.076676               60.0030439               30.3636895                   63.734
     208.276676               60.0030428               30.3636858                   63.735
     208.476676               60.0030418               30.3636818                   63.752
     208.676676               60.0030407               30.3636782                   63.774
     208.876676               60.0030396               30.3636746                   63.758
     209.076676               60.0030383               30.3636712                   63.743
     209.276676               60.0030372               30.3636681                   63.762
     209.476594                60.003036               30.3636657                   63.755
     209.676594                60.003035               30.3636642                   63.761
     209.876594               60.0030341               30.3636633                   63.745
     210.076594               60.0030332               30.3636632                   63.718
     210.276594               60.0030321               30.3636633                   63.719
     210.476594               60.0030312               30.3636638                   63.729
     210.676594               60.0030301               30.3636645                   63.763
     210.876594               60.0030293               30.3636657                   63.778
     211.076594               60.0030286               30.3636671                   63.763
     211.276594               60.0030275               30.3636684                   63.789
     211.476515               60.0030264               30.3636696                   63.791
     211.676515                60.003025               30.3636708                   63.786
     211.876515               60.0030238               30.3636719                   63.828
     212.076515               60.0030224               30.3636736                   63.813
     212.276515               60.0030207               30.3636759                   63.837
     212.476515               60.0030189                30.363678                   63.844
     212.676515                60.003017               30.3636801                   63.843
     212.876515               60.0030153               30.3636822                   63.852
     213.076515               60.0030135               30.3636845                   63.842
     213.276515               60.0030116                30.363687                   63.821
     213.476431               60.0030097               30.3636896                    63.84
     213.676431               60.0030077                30.363692                   63.838
     213.876431               60.0030057               30.3636944                   63.835
     214.076431               60.0030039               30.3636967                   63.847
     214.276431               60.0030021               30.3636992                   63.814
     214.476431               60.0030004               30.3637022                   63.821
     214.676431               60.0029986               30.3637049                    63.81
     214.876431               60.0029967               30.3637075                   63.821
     215.076431               60.0029949                 30.36371                    63.83
     215.276431               60.0029932               30.3637125                   63.828
     215.476349               60.0029914               30.3637154                   63.827
     215.676349               60.0029895               30.3637182                   63.819
     215.876349               60.0029875               30.3637206                    63.76
     216.076349               60.0029858               30.3637227                   63.756
     216.276349               60.0029839               30.3637252                   63.743
     216.476349               60.0029819               30.3637279                   63.751
     216.676349               60.0029798               30.3637307                   63.762
     216.876349               60.0029775               30.3637332                   63.754
     217.076349               60.0029757               30.3637353                   63.788
     217.276349               60.0029739               30.3637375                   63.795
     217.476267               60.0029719               30.3637402                   63.791
     217.676267                 60.00297               30.3637427                   63.819
     217.876267               60.0029679                30.363745                   63.806
     218.076267               60.0029662               30.3637471                   63.809
     218.276267               60.0029645               30.3637494                   63.855
     218.476267               60.0029627               30.3637517                    63.82
     218.676267                60.002961               30.3637541                   63.846
     218.876267               60.0029591               30.3637563                    63.87
     219.076267                60.002957               30.3637586                   63.868
     219.276267               60.0029551               30.3637608                   63.881
     219.476189               60.0029532               30.3637632                   63.862
     219.676189                60.002951               30.3637659                   63.847
     219.876189               60.0029489               30.3637683                   63.864
     220.076189               60.0029467               30.3637708                   63.847
     220.276189               60.0029448                30.363773                   63.878
     220.476189                60.002943               30.3637753                   63.859
     220.676189               60.0029415               30.3637781                   63.795
     220.876189               60.0029404               30.3637803                   63.802
     221.076189               60.0029395               30.3637825                   63.786
     221.276189               60.0029391                30.363784                   63.795
     221.476104               60.0029389               30.3637856                   63.808
     221.676104               60.0029387               30.3637875                   63.797
     221.876104               60.0029388               30.3637894                   63.795
     222.076104                60.002939               30.3637909                   63.802
     222.276104               60.0029391               30.3637925                   63.795
     222.476104               60.0029395               30.3637935                   63.814
     222.676104               60.0029399               30.3637952                   63.804
     222.876104               60.0029406               30.3637972                   63.802
     223.076104               60.0029412               30.3637993                   63.839
     223.276104               60.0029417                30.363802                    63.82
     223.676022                60.002943               30.3638081                   63.848
     223.876022               60.0029441               30.3638119                   63.841
     224.076022               60.0029453               30.3638157                   63.847
     224.276022               60.0029464               30.3638196                   63.848
     224.476022               60.0029474               30.3638234                   63.868
     224.676022               60.0029484                30.363827                   63.873
     224.876022               60.0029497               30.3638308                   63.828
     225.076022               60.0029509               30.3638343                   63.835
     225.276022                60.002952               30.3638375                   63.829
     225.475941                60.002953               30.3638406                   63.822
     225.675941                60.002954               30.3638427                    63.84
     225.875941               60.0029547               30.3638445                   63.816
     226.075941               60.0029555               30.3638455                   63.791
     226.275941               60.0029561               30.3638463                   63.791
     226.475941               60.0029565               30.3638472                   63.761
     226.675941               60.0029568               30.3638479                   63.746
     226.875941               60.0029568               30.3638478                   63.732
     227.075941               60.0029569               30.3638474                   63.672
     227.275941               60.0029573               30.3638465                   63.643
     227.475859               60.0029577               30.3638456                   63.596
     227.675859               60.0029583               30.3638448                    63.54
     227.875859                60.002959               30.3638444                   63.512
     228.075859               60.0029596               30.3638438                   63.463
     228.275859               60.0029605               30.3638426                   63.411
     228.475859               60.0029615               30.3638412                   63.406
     228.675859               60.0029627               30.3638397                   63.397
     228.875859               60.0029643               30.3638381                    63.38
     229.075859               60.0029658               30.3638367                   63.375
     229.275859               60.0029673               30.3638349                    63.31
     229.475778               60.0029692               30.3638323                   63.283
     229.675778               60.0029713               30.3638295                   63.304
     229.875778               60.0029733               30.3638268                    63.31
     230.075778               60.0029755               30.3638241                   63.351
     230.275778               60.0029773               30.3638216                   63.352
     230.475778               60.0029791               30.3638187                   63.293
     230.675778               60.0029809               30.3638156                   63.294
     230.875778               60.0029825               30.3638129                   63.261
     231.075778               60.0029844               30.3638101                   63.235
     231.275778               60.0029863               30.3638077                   63.241
     231.475696               60.0029883               30.3638047                   63.227
     231.675696               60.0029904               30.3638018                   63.254
     231.875696               60.0029924               30.3637994                   63.262
     232.075696               60.0029946               30.3637971                   63.267
     232.275696               60.0029964               30.3637946                   63.309
     232.475696               60.0029982               30.3637918                   63.284
     232.675696               60.0030002               30.3637885                   63.317
     232.875696               60.0030021               30.3637856                   63.305
     233.075696               60.0030041               30.3637829                   63.278
     233.275696                60.003006               30.3637803                    63.28
     233.475615                60.003008               30.3637775                   63.248
     233.675615                 60.00301               30.3637747                   63.259
     233.875615                60.003012               30.3637721                   63.263
     234.075615               60.0030139               30.3637697                   63.256
     234.275615               60.0030157               30.3637673                   63.284
     234.475615               60.0030174               30.3637648                   63.278
     234.675615               60.0030193               30.3637621                   63.291
     234.875615               60.0030219               30.3637629                   63.522
     235.075615               60.0030237               30.3637605                   63.509
     235.275615               60.0030254               30.3637581                   63.509
     235.475539               60.0030271               30.3637554                   63.509
     235.675539               60.0030288               30.3637524                   63.486
     235.875539               60.0030306               30.3637495                    63.51
     236.075539               60.0030325               30.3637468                   63.467
     236.275539               60.0030345               30.3637443                   63.458
     236.475539               60.0030363                30.363742                   63.456
     236.675539               60.0030384               30.3637392                   63.437
     236.875539               60.0030405               30.3637365                   63.464
     237.075539               60.0030425               30.3637341                   63.449
     237.275539               60.0030445               30.3637317                   63.447
     237.475452               60.0030462               30.3637293                   63.448
     237.675452               60.0030478               30.3637267                   63.377
     237.875452                60.003049               30.3637242                   63.378
     238.075452               60.0030499               30.3637219                    63.35
     238.275452               60.0030507               30.3637197                   63.313
     238.475452               60.0030509               30.3637178                   63.342
     238.675452                60.003051               30.3637155                   63.317
     238.875452               60.0030512               30.3637132                   63.335
     239.075452               60.0030511               30.3637108                   63.358
     239.275452               60.0030511               30.3637084                   63.343
     239.475370               60.0030509               30.3637066                   63.387
     239.675370               60.0030506               30.3637042                   63.385
     239.875370               60.0030501               30.3637014                   63.396
     240.075370               60.0030495               30.3636986                   63.428
     240.275370               60.0030488               30.3636954                   63.419
     240.475370               60.0030479               30.3636925                   63.434
     240.675370               60.0030468               30.3636895                   63.432
     240.875370               60.0030456               30.3636864                   63.419
     241.075370               60.0030443               30.3636828                   63.484
     241.275370               60.0030431               30.3636793                   63.465
     241.475289                60.003042                30.363676                   63.469
     241.675289               60.0030408               30.3636729                   63.476
     241.875289               60.0030386               30.3636665                   63.289
     242.075289               60.0030371               30.3636632                   63.229
     242.275289               60.0030358               30.3636602                   63.228
     242.475289               60.0030345               30.3636571                   63.232
     242.675289               60.0030331               30.3636549                   63.233
     242.875289               60.0030318               30.3636534                   63.199
     243.075289               60.0030305               30.3636529                   63.181
     243.275289               60.0030294                30.363653                   63.171
     243.475207               60.0030282               30.3636533                   63.159
     243.675207               60.0030273               30.3636544                   63.189
     243.875207               60.0030267               30.3636561                   63.189
     244.075207               60.0030259               30.3636582                   63.193
     244.275207               60.0030252               30.3636601                   63.236
     244.475207               60.0030244               30.3636621                    63.21
     244.675207               60.0030235               30.3636635                   63.222
     244.875207               60.0030225                30.363665                   63.288
     245.075207               60.0030211               30.3636669                   63.289
     245.275207               60.0030195               30.3636689                   63.325
     245.475126               60.0030179                30.363671                   63.324
     245.675126                60.003016                30.363673                   63.303
     245.875126               60.0030142               30.3636752                   63.306
     246.075126               60.0030122               30.3636779                   63.256
     246.275126               60.0030102               30.3636807                   63.237
     246.475126               60.0030083               30.3636834                   63.224
     246.675126               60.0030063               30.3636859                   63.218
     246.875126               60.0030045               30.3636885                   63.243
     247.075126               60.0030026               30.3636913                   63.229
     247.275126               60.0030006               30.3636944                    63.23
     247.475044               60.0029987               30.3636973                   63.273
     247.675044               60.0029967               30.3636997                   63.285
     247.875044               60.0029948               30.3637022                   63.334
     248.075044               60.0029927               30.3637047                   63.346
     248.275044               60.0029905               30.3637077                   63.352
     248.475044               60.0029883               30.3637103                   63.367
     248.675044               60.0029861               30.3637129                   63.363
     248.875044                60.002985               30.3637183                   63.577
     249.075044               60.0029831               30.3637209                    63.56
     249.275044               60.0029811               30.3637236                   63.566
     249.474963               60.0029791               30.3637263                   63.585
     249.674963               60.0029771               30.3637289                   63.561
     249.874963               60.0029752               30.3637313                   63.573
     250.074963               60.0029734               30.3637338                   63.556
     250.274963               60.0029715               30.3637367                   63.531
     250.474963               60.0029695               30.3637395                   63.542
     250.674963               60.0029673               30.3637424                   63.512
     250.874963               60.0029653               30.3637449                   63.527
     251.074963               60.0029634               30.3637474                   63.557
     251.274963               60.0029614               30.3637501                   63.533
     251.474881               60.0029595               30.3637526                   63.557
     251.674881               60.0029575               30.3637554                   63.545
     251.874881               60.0029556               30.3637581                   63.567
     252.074881               60.0029539               30.3637606                   63.621
     252.274881               60.0029521               30.3637635                   63.573
     252.474881               60.0029504               30.3637664                   63.592
     252.674881               60.0029487               30.3637692                   63.584
     252.874881               60.0029469               30.3637721                    63.57
     253.074881               60.0029453               30.3637749                   63.582
     253.274881               60.0029437               30.3637776                   63.566
     253.474800                60.002942               30.3637806                   63.599
     253.674800               60.0029404               30.3637831                   63.639
     253.874800               60.0029386               30.3637858                   63.633
     254.074800               60.0029372               30.3637882                   63.632
     254.274800               60.0029364               30.3637901                   63.618
     254.474800               60.0029359               30.3637921                    63.54
     254.674800               60.0029357               30.3637937                   63.516
     254.874800               60.0029357               30.3637953                   63.489
     255.074800               60.0029359               30.3637967                   63.462
     255.274800               60.0029362               30.3637978                   63.488
     255.474722               60.0029368                30.363799                   63.467
     255.674722               60.0029376               30.3638004                   63.481
     255.874722               60.0029383               30.3638013                   63.504
     256.074722               60.0029389               30.3638027                   63.482
     256.274722               60.0029396               30.3638043                   63.517
     256.474722               60.0029401               30.3638058                   63.531
     256.674722                60.002941               30.3638078                   63.537
     256.874722                60.002942               30.3638101                   63.536
     257.074722               60.0029427               30.3638118                   63.542
     257.274722               60.0029434               30.3638134                   63.528
     257.474637               60.0029438               30.3638145                   63.519
     257.674637               60.0029441               30.3638154                   63.482
     257.874637               60.0029438               30.3638127                   63.291
     258.074637               60.0029442               30.3638131                   63.215
     258.274637               60.0029445               30.3638133                   63.184
     258.474637               60.0029448               30.3638134                     63.2
     258.674637               60.0029451               30.3638134                   63.234
     258.874637               60.0029458               30.3638128                   63.231
     259.074637               60.0029469               30.3638122                   63.232
     259.274637                60.002948                30.363811                   63.266
     259.674556               60.0029492               30.3638088                   63.265
     259.874556               60.0029495               30.3638071                   63.206
     260.074556               60.0029495               30.3638045                   63.166
     260.274556               60.0029494               30.3638019                   63.183
     260.474556               60.0029495               30.3637985                   63.199
     260.674556               60.0029497               30.3637949                   63.269
     260.874556               60.0029501               30.3637909                   63.306
     261.074556               60.0029505               30.3637861                   63.292
     261.274556               60.0029513               30.3637806                   63.325
     261.474481               60.0029524               30.3637752                   63.308
     261.674481               60.0029538               30.3637697                   63.282
     261.874481               60.0029555               30.3637644                   63.298
     262.074481               60.0029574               30.3637594                   63.268
     262.274481               60.0029597                30.363755                   63.281
     262.474481               60.0029622               30.3637514                   63.274
     262.674481               60.0029649               30.3637486                   63.271
     262.874481               60.0029678               30.3637468                   63.275
     263.074481               60.0029706               30.3637451                   63.242
     263.274481                60.002974               30.3637438                   63.249
     263.474401               60.0029774               30.3637436                   63.281
     263.674401               60.0029809               30.3637443                   63.274
     263.874401               60.0029842               30.3637454                   63.304
     264.074401               60.0029875               30.3637472                   63.292
     264.274401               60.0029908               30.3637498                   63.294
     264.474401               60.0029938               30.3637531                   63.316
     264.674401               60.0029964                30.363757                   63.267
     264.874401               60.0029985               30.3637608                   63.263
     265.074401               60.0030004               30.3637644                   63.245
     265.274401               60.0030023               30.3637674                   63.209
     265.474312               60.0030039               30.3637699                   63.162
     265.674312               60.0030053               30.3637717                   63.118
     265.874312               60.0030064               30.3637728                   63.087
     266.074312               60.0030077               30.3637736                   63.076
     266.274312               60.0030092               30.3637739                   63.073
     266.474312               60.0030106               30.3637742                   63.107
     266.674312                60.003012               30.3637746                   63.101
     266.874312               60.0030134               30.3637753                   63.098
     267.074312               60.0030146               30.3637753                   63.125
     267.274312               60.0030158               30.3637747                     63.1
     267.474230               60.0030171               30.3637742                   63.126
     267.674230               60.0030184               30.3637736                   63.125
     267.874230                 60.00302               30.3637731                   63.109
     268.074230               60.0030211               30.3637724                   63.099
     268.274230               60.0030224               30.3637709                   63.084
     268.474230               60.0030238                30.363769                   63.067
     268.674230               60.0030248               30.3637671                   63.083
     268.874230               60.0030258               30.3637652                   63.024
     269.074230               60.0030264               30.3637636                   63.058
     269.274230               60.0030269               30.3637616                   63.052
     269.474157               60.0030274               30.3637592                   63.051
     269.674157               60.0030278                30.363757                   63.071
     269.874157               60.0030283               30.3637548                   63.073
     270.074157               60.0030287               30.3637533                   63.082
     270.274157               60.0030287               30.3637516                   63.089
     270.474157               60.0030286               30.3637497                   63.075
     270.674157               60.0030287               30.3637474                   63.106
     270.874157               60.0030286               30.3637447                    63.08
     271.074157               60.0030284               30.3637416                   63.103
     271.274157                60.003028               30.3637376                   63.166
     271.474068               60.0030272               30.3637328                   63.167
     271.674068               60.0030266               30.3637269                   63.208
     271.874068               60.0030262               30.3637207                   63.228
     272.074068               60.0030262               30.3637144                   63.237
     272.274068               60.0030265               30.3637079                    63.25
     272.474068               60.0030272               30.3637011                   63.213
     272.674068               60.0030284               30.3636942                    63.19
     272.874068               60.0030302               30.3636876                   63.206
     273.074068               60.0030325               30.3636819                   63.186
     273.274068               60.0030348               30.3636771                   63.174
     273.473986               60.0030374               30.3636727                    63.16
     273.673986               60.0030401               30.3636687                   63.159
     273.873986               60.0030431                30.363666                   63.172
     274.073986               60.0030463               30.3636637                   63.174
     274.273986               60.0030496               30.3636622                   63.218
     274.473986               60.0030528               30.3636617                   63.232
     274.673986               60.0030563               30.3636619                    63.23
     274.873986               60.0030598               30.3636636                   63.252
     275.073986               60.0030632               30.3636668                   63.258
     275.273986                60.003066               30.3636709                   63.271
     275.473905               60.0030683               30.3636761                    63.28
     275.673905               60.0030704               30.3636826                   63.266
     275.873905               60.0030718               30.3636899                   63.251
     276.073905               60.0030722               30.3636977                   63.224
     276.273905                60.003072               30.3637056                   63.207
     276.473905               60.0030712               30.3637126                   63.219
     276.673905               60.0030701               30.3637193                   63.169
     276.873905               60.0030686               30.3637252                    63.17
     277.073905               60.0030669               30.3637304                   63.198
     277.273905               60.0030648               30.3637354                   63.249
     277.473823               60.0030627               30.3637401                   63.313
     277.673823               60.0030607               30.3637447                   63.351
     277.873823               60.0030585               30.3637492                   63.412
     278.073823               60.0030562               30.3637531                   63.457
     278.273823               60.0030541               30.3637563                   63.487
     278.473823               60.0030523               30.3637591                   63.566
     278.673823               60.0030504                30.363762                   63.581
     278.873823               60.0030481               30.3637651                   63.611
     279.073823               60.0030462               30.3637677                   63.662
     279.273823                60.003044               30.3637701                    63.69
     279.473742               60.0030417               30.3637725                   63.758
     279.673742               60.0030394               30.3637749                   63.771
     279.873742               60.0030369               30.3637778                   63.794
     280.073742               60.0030345                 30.36378                    63.79
     280.273742               60.0030322               30.3637822                   63.751
     280.473742               60.0030301               30.3637845                    63.76
     280.673742               60.0030281               30.3637867                   63.698
     280.873742               60.0030258               30.3637895                   63.685
     281.073742               60.0030241               30.3637917                   63.709
     281.273742                60.003022               30.3637938                    63.73
     281.473660               60.0030199               30.3637962                   63.796
     281.673660               60.0030178               30.3637987                   63.777
     281.873660               60.0030157               30.3638015                   63.775
     282.073660               60.0030135               30.3638041                   63.768
     282.273660               60.0030114               30.3638065                    63.75
     282.473660               60.0030092               30.3638092                   63.765
     282.673660               60.0030069               30.3638115                   63.718
     282.873660               60.0030048               30.3638144                   63.724
     283.073660               60.0030027                30.363817                   63.765
     283.273660               60.0030005               30.3638194                   63.767
     283.473579               60.0029983               30.3638219                   63.817
     283.673579               60.0029964               30.3638242                   63.805
     283.873579               60.0029951                 30.36383                   64.022
     284.073579               60.0029929               30.3638327                   64.081
     284.273579               60.0029906               30.3638353                   64.037
     284.473579               60.0029882               30.3638377                   64.065
     284.673579                60.002986               30.3638401                   64.033
     284.873579               60.0029835                30.363843                   64.016
     285.073579               60.0029811               30.3638454                   64.037
     285.273579               60.0029789               30.3638471                   63.989
     285.473497               60.0029767               30.3638491                   64.043
     285.673497               60.0029747                30.363851                   64.036
     285.873497               60.0029726               30.3638536                   63.985
     286.073497               60.0029706               30.3638562                   64.016
     286.273497               60.0029687               30.3638585                   63.962
     286.473497               60.0029666               30.3638608                   63.983
     286.673497               60.0029649               30.3638629                     64.0
     286.873497                60.002963               30.3638656                   63.955
     287.073497               60.0029611               30.3638684                   63.983
     287.273497               60.0029592               30.3638706                   63.979
     287.473420               60.0029574               30.3638728                    63.98
     287.673420                60.002956               30.3638741                   64.032
     287.873420               60.0029551               30.3638752                   64.028
     288.073420               60.0029544               30.3638764                   64.001
     288.273420               60.0029542                30.363877                   63.976
     288.473420               60.0029538               30.3638771                   63.934
     288.673420               60.0029538               30.3638772                   63.905
     288.873420               60.0029539               30.3638771                   63.878
     289.073420               60.0029541               30.3638771                   63.862
     289.273420               60.0029544               30.3638774                   63.812
     289.473334               60.0029544               30.3638783                   63.752
     289.673334               60.0029543               30.3638792                   63.641
     289.873334                60.002954               30.3638801                   63.528
     290.073334               60.0029537               30.3638803                   63.373
     290.273334               60.0029538               30.3638803                   63.144
     290.473334                60.002954               30.3638801                   62.896
     290.673334               60.0029545               30.3638793                   62.632
     290.873334               60.0029548               30.3638788                    62.45
     291.073334                60.002955               30.3638783                   62.309
     291.273334               60.0029551               30.3638779                   62.227
     291.673253               60.0029556               30.3638775                    62.24
     291.873253               60.0029548               30.3638745                   62.088
     292.073253               60.0029549               30.3638746                   62.017
     292.273253               60.0029549               30.3638746                   62.006
     292.473253               60.0029549               30.3638745                   62.011
     292.673253                60.002955               30.3638745                   62.012
     292.873253               60.0029549               30.3638746                   62.005
     293.073253               60.0029549               30.3638747                   61.997
     293.273253               60.0029549               30.3638746                   62.017
     293.473172               60.0029549               30.3638745                   62.019
     293.673172               60.0029549               30.3638744                     62.0
     293.873172                60.002955               30.3638746                   62.003
     294.073172               60.0029549               30.3638745                   62.009
     294.273172               60.0029549               30.3638745                     62.0
     294.473172               60.0029549               30.3638745                   62.002
     294.673172               60.0029549               30.3638745                   62.003
     294.873172               60.0029549               30.3638745                   61.998
     295.073172                60.002955               30.3638745                   62.002
     295.273172                60.002955               30.3638745                   61.999
     295.473090                60.002955               30.3638745                   61.998
     295.673090                60.002955               30.3638745                   62.004
     295.873090                60.002955               30.3638745                     62.0
     296.073090                60.002955               30.3638745                   62.004
     296.273090                60.002955               30.3638745                   62.003
     296.473090                60.002955               30.3638745                   62.003
     296.673090                60.002955               30.3638745                   62.003
     296.873090                60.002955               30.3638746                   62.001
     297.073090                60.002955               30.3638745                   61.997
     297.273090                60.002955               30.3638745                   61.998
     297.673019                60.002955               30.3638745                   62.002
     297.873019               60.0029557               30.3638774                   62.222
     298.073019               60.0029557               30.3638774                   62.226
     298.273019               60.0029557               30.3638774                    62.22
     298.473019               60.0029557               30.3638774                   62.224
     298.673019               60.0029557               30.3638774                   62.222
     298.873019               60.0029557               30.3638774                   62.218
     299.073019               60.0029557               30.3638774                    62.22
     299.273019               60.0029557               30.3638774                   62.217
     299.472927               60.0029557               30.3638774                   62.216
     299.672927               60.0029557               30.3638774                   62.217
